This file contains any messages produced by compilers while
running configure, to aid debugging if configure makes a mistake.

It was created by nisy configure 0.1, which was
generated by GNU Autoconf 2.69.  Invocation command line was

  $ /media/nisy/win_tech_E/_Technology/95_code/_IDE_default_project/anjuta_gtk_simple/configure --enable-maintainer-mode CFLAGS=-g -O0 CXXFLAGS=-g -O0 JFLAGS=-g -O0 FFLAGS=-g -O0

## --------- ##
## Platform. ##
## --------- ##

hostname = nisy-matebook
uname -m = x86_64
uname -r = 4.19.0-17-amd64
uname -s = Linux
uname -v = #1 SMP Debian 4.19.194-3 (2021-07-18)

/usr/bin/uname -p = unknown
/bin/uname -X     = unknown

/bin/arch              = unknown
/usr/bin/arch -k       = unknown
/usr/convex/getsysinfo = unknown
/usr/bin/hostinfo      = unknown
/bin/machine           = unknown
/usr/bin/oslevel       = unknown
/bin/universe          = unknown

PATH: /usr/local/bin
PATH: /usr/bin
PATH: /bin
PATH: /usr/local/games
PATH: /usr/games
PATH: /usr/local/sbin
PATH: /usr/sbin
PATH: /sbin


## ----------- ##
## Core tests. ##
## ----------- ##

configure:2330: checking for a BSD-compatible install
configure:2398: result: /usr/bin/install -c
configure:2409: checking whether build environment is sane
configure:2464: result: yes
configure:2613: checking for a thread-safe mkdir -p
configure:2652: result: /bin/mkdir -p
configure:2659: checking for gawk
configure:2675: found /usr/bin/gawk
configure:2686: result: gawk
configure:2697: checking whether make sets $(MAKE)
configure:2719: result: yes
configure:2748: checking whether make supports nested variables
configure:2765: result: yes
configure:2903: checking whether make supports nested variables
configure:2920: result: yes
configure:2980: checking for gcc
configure:2996: found /usr/bin/gcc
configure:3007: result: gcc
configure:3236: checking for C compiler version
configure:3245: gcc --version >&5
gcc (Debian 8.3.0-6) 8.3.0
Copyright (C) 2018 Free Software Foundation, Inc.
This is free software; see the source for copying conditions.  There is NO
warranty; not even for MERCHANTABILITY or FITNESS FOR A PARTICULAR PURPOSE.

configure:3256: $? = 0
configure:3245: gcc -v >&5
Using built-in specs.
COLLECT_GCC=gcc
COLLECT_LTO_WRAPPER=/usr/lib/gcc/x86_64-linux-gnu/8/lto-wrapper
OFFLOAD_TARGET_NAMES=nvptx-none
OFFLOAD_TARGET_DEFAULT=1
Target: x86_64-linux-gnu
Configured with: ../src/configure -v --with-pkgversion='Debian 8.3.0-6' --with-bugurl=file:///usr/share/doc/gcc-8/README.Bugs --enable-languages=c,ada,c++,go,brig,d,fortran,objc,obj-c++ --prefix=/usr --with-gcc-major-version-only --program-suffix=-8 --program-prefix=x86_64-linux-gnu- --enable-shared --enable-linker-build-id --libexecdir=/usr/lib --without-included-gettext --enable-threads=posix --libdir=/usr/lib --enable-nls --enable-bootstrap --enable-clocale=gnu --enable-libstdcxx-debug --enable-libstdcxx-time=yes --with-default-libstdcxx-abi=new --enable-gnu-unique-object --disable-vtable-verify --enable-libmpx --enable-plugin --enable-default-pie --with-system-zlib --with-target-system-zlib --enable-objc-gc=auto --enable-multiarch --disable-werror --with-arch-32=i686 --with-abi=m64 --with-multilib-list=m32,m64,mx32 --enable-multilib --with-tune=generic --enable-offload-targets=nvptx-none --without-cuda-driver --enable-checking=release --build=x86_64-linux-gnu --host=x86_64-linux-gnu --target=x86_64-linux-gnu
Thread model: posix
gcc version 8.3.0 (Debian 8.3.0-6) 
configure:3256: $? = 0
configure:3245: gcc -V >&5
gcc: error: unrecognized command line option '-V'
gcc: fatal error: no input files
compilation terminated.
configure:3256: $? = 1
configure:3245: gcc -qversion >&5
gcc: error: unrecognized command line option '-qversion'; did you mean '--version'?
gcc: fatal error: no input files
compilation terminated.
configure:3256: $? = 1
configure:3276: checking whether the C compiler works
configure:3298: gcc -g -O0   conftest.c  >&5
configure:3302: $? = 0
configure:3350: result: yes
configure:3353: checking for C compiler default output file name
configure:3355: result: a.out
configure:3361: checking for suffix of executables
configure:3368: gcc -o conftest -g -O0   conftest.c  >&5
configure:3372: $? = 0
configure:3394: result: 
configure:3416: checking whether we are cross compiling
configure:3424: gcc -o conftest -g -O0   conftest.c  >&5
configure:3428: $? = 0
configure:3435: ./conftest
configure:3439: $? = 0
configure:3427: result: no
configure:3432: checking for suffix of object files
configure:3454: gcc -c -g -O0  conftest.c >&5
configure:3458: $? = 0
configure:3479: result: o
configure:3483: checking whether we are using the GNU C compiler
configure:3502: gcc -c -g -O0  conftest.c >&5
configure:3502: $? = 0
configure:3511: result: yes
configure:3520: checking whether gcc accepts -g
configure:3540: gcc -c -g  conftest.c >&5
configure:3540: $? = 0
configure:3581: result: yes
configure:3598: checking for gcc option to accept ISO C89
configure:3661: gcc  -c -g -O0  conftest.c >&5
configure:3661: $? = 0
configure:3674: result: none needed
configure:3699: checking whether gcc understands -c and -o together
configure:3721: gcc -c conftest.c -o conftest2.o
configure:3724: $? = 0
configure:3721: gcc -c conftest.c -o conftest2.o
configure:3724: $? = 0
configure:3736: result: yes
configure:3756: checking whether make supports the include directive
configure:3771: make -f confmf.GNU && cat confinc.out
this is the am__doit target
configure:3774: $? = 0
configure:3793: result: yes (GNU style)
configure:3818: checking dependency style of gcc
configure:3929: result: gcc3
configure:3949: checking whether NLS is requested
configure:3958: result: yes
configure:3976: checking for intltool >= 0.35.0
configure:3978: result: 0.51.0 found
configure:3986: checking for intltool-update
configure:4004: found /usr/bin/intltool-update
configure:4016: result: /usr/bin/intltool-update
configure:4026: checking for intltool-merge
configure:4044: found /usr/bin/intltool-merge
configure:4056: result: /usr/bin/intltool-merge
configure:4066: checking for intltool-extract
configure:4084: found /usr/bin/intltool-extract
configure:4096: result: /usr/bin/intltool-extract
configure:4250: checking for xgettext
configure:4268: found /usr/bin/xgettext
configure:4280: result: /usr/bin/xgettext
configure:4290: checking for msgmerge
configure:4308: found /usr/bin/msgmerge
configure:4320: result: /usr/bin/msgmerge
configure:4330: checking for msgfmt
configure:4348: found /usr/bin/msgfmt
configure:4360: result: /usr/bin/msgfmt
configure:4370: checking for gmsgfmt
configure:4401: result: /usr/bin/msgfmt
configure:4421: checking for perl
configure:4439: found /usr/bin/perl
configure:4451: result: /usr/bin/perl
configure:4462: checking for perl >= 5.8.1
configure:4469: result: 5.28.1
configure:4473: checking for XML::Parser
configure:4476: result: ok
configure:4504: checking how to run the C preprocessor
configure:4535: gcc -E  conftest.c
configure:4535: $? = 0
configure:4549: gcc -E  conftest.c
conftest.c:12:10: fatal error: ac_nonexistent.h: No such file or directory
 #include <ac_nonexistent.h>
          ^~~~~~~~~~~~~~~~~~
compilation terminated.
configure:4549: $? = 1
configure: failed program was:
| /* confdefs.h */
| #define PACKAGE_NAME "nisy"
| #define PACKAGE_TARNAME "nisy"
| #define PACKAGE_VERSION "0.1"
| #define PACKAGE_STRING "nisy 0.1"
| #define PACKAGE_BUGREPORT ""
| #define PACKAGE_URL ""
| #define PACKAGE "nisy"
| #define VERSION "0.1"
| #define GETTEXT_PACKAGE "nisy"
| /* end confdefs.h.  */
| #include <ac_nonexistent.h>
configure:4574: result: gcc -E
configure:4594: gcc -E  conftest.c
configure:4594: $? = 0
configure:4608: gcc -E  conftest.c
conftest.c:12:10: fatal error: ac_nonexistent.h: No such file or directory
 #include <ac_nonexistent.h>
          ^~~~~~~~~~~~~~~~~~
compilation terminated.
configure:4608: $? = 1
configure: failed program was:
| /* confdefs.h */
| #define PACKAGE_NAME "nisy"
| #define PACKAGE_TARNAME "nisy"
| #define PACKAGE_VERSION "0.1"
| #define PACKAGE_STRING "nisy 0.1"
| #define PACKAGE_BUGREPORT ""
| #define PACKAGE_URL ""
| #define PACKAGE "nisy"
| #define VERSION "0.1"
| #define GETTEXT_PACKAGE "nisy"
| /* end confdefs.h.  */
| #include <ac_nonexistent.h>
configure:4637: checking for grep that handles long lines and -e
configure:4695: result: /bin/grep
configure:4700: checking for egrep
configure:4762: result: /bin/grep -E
configure:4767: checking for ANSI C header files
configure:4787: gcc -c -g -O0  conftest.c >&5
configure:4787: $? = 0
configure:4860: gcc -o conftest -g -O0   conftest.c  >&5
configure:4860: $? = 0
configure:4860: ./conftest
configure:4860: $? = 0
configure:4871: result: yes
configure:4884: checking for sys/types.h
configure:4884: gcc -c -g -O0  conftest.c >&5
configure:4884: $? = 0
configure:4884: result: yes
configure:4884: checking for sys/stat.h
configure:4884: gcc -c -g -O0  conftest.c >&5
configure:4884: $? = 0
configure:4884: result: yes
configure:4884: checking for stdlib.h
configure:4884: gcc -c -g -O0  conftest.c >&5
configure:4884: $? = 0
configure:4884: result: yes
configure:4884: checking for string.h
configure:4884: gcc -c -g -O0  conftest.c >&5
configure:4884: $? = 0
configure:4884: result: yes
configure:4884: checking for memory.h
configure:4884: gcc -c -g -O0  conftest.c >&5
configure:4884: $? = 0
configure:4884: result: yes
configure:4884: checking for strings.h
configure:4884: gcc -c -g -O0  conftest.c >&5
configure:4884: $? = 0
configure:4884: result: yes
configure:4884: checking for inttypes.h
configure:4884: gcc -c -g -O0  conftest.c >&5
configure:4884: $? = 0
configure:4884: result: yes
configure:4884: checking for stdint.h
configure:4884: gcc -c -g -O0  conftest.c >&5
configure:4884: $? = 0
configure:4884: result: yes
configure:4884: checking for unistd.h
configure:4884: gcc -c -g -O0  conftest.c >&5
configure:4884: $? = 0
configure:4884: result: yes
configure:4899: checking locale.h usability
configure:4899: gcc -c -g -O0  conftest.c >&5
configure:4899: $? = 0
configure:4899: result: yes
configure:4899: checking locale.h presence
configure:4899: gcc -E  conftest.c
configure:4899: $? = 0
configure:4899: result: yes
configure:4899: checking for locale.h
configure:4899: result: yes
configure:4910: checking for LC_MESSAGES
configure:4926: gcc -o conftest -g -O0   conftest.c  >&5
configure:4926: $? = 0
configure:4934: result: yes
configure:4952: checking for CFPreferencesCopyAppValue
configure:4970: gcc -o conftest -g -O0   conftest.c  -Wl,-framework -Wl,CoreFoundation >&5
conftest.c:24:10: fatal error: CoreFoundation/CFPreferences.h: No such file or directory
 #include <CoreFoundation/CFPreferences.h>
          ^~~~~~~~~~~~~~~~~~~~~~~~~~~~~~~~
compilation terminated.
configure:4970: $? = 1
configure: failed program was:
| /* confdefs.h */
| #define PACKAGE_NAME "nisy"
| #define PACKAGE_TARNAME "nisy"
| #define PACKAGE_VERSION "0.1"
| #define PACKAGE_STRING "nisy 0.1"
| #define PACKAGE_BUGREPORT ""
| #define PACKAGE_URL ""
| #define PACKAGE "nisy"
| #define VERSION "0.1"
| #define GETTEXT_PACKAGE "nisy"
| #define STDC_HEADERS 1
| #define HAVE_SYS_TYPES_H 1
| #define HAVE_SYS_STAT_H 1
| #define HAVE_STDLIB_H 1
| #define HAVE_STRING_H 1
| #define HAVE_MEMORY_H 1
| #define HAVE_STRINGS_H 1
| #define HAVE_INTTYPES_H 1
| #define HAVE_STDINT_H 1
| #define HAVE_UNISTD_H 1
| #define HAVE_LOCALE_H 1
| #define HAVE_LC_MESSAGES 1
| /* end confdefs.h.  */
| #include <CoreFoundation/CFPreferences.h>
| int
| main ()
| {
| CFPreferencesCopyAppValue(NULL, NULL)
|   ;
|   return 0;
| }
configure:4979: result: no
configure:4986: checking for CFLocaleCopyCurrent
configure:5004: gcc -o conftest -g -O0   conftest.c  -Wl,-framework -Wl,CoreFoundation >&5
conftest.c:24:10: fatal error: CoreFoundation/CFLocale.h: No such file or directory
 #include <CoreFoundation/CFLocale.h>
          ^~~~~~~~~~~~~~~~~~~~~~~~~~~
compilation terminated.
configure:5004: $? = 1
configure: failed program was:
| /* confdefs.h */
| #define PACKAGE_NAME "nisy"
| #define PACKAGE_TARNAME "nisy"
| #define PACKAGE_VERSION "0.1"
| #define PACKAGE_STRING "nisy 0.1"
| #define PACKAGE_BUGREPORT ""
| #define PACKAGE_URL ""
| #define PACKAGE "nisy"
| #define VERSION "0.1"
| #define GETTEXT_PACKAGE "nisy"
| #define STDC_HEADERS 1
| #define HAVE_SYS_TYPES_H 1
| #define HAVE_SYS_STAT_H 1
| #define HAVE_STDLIB_H 1
| #define HAVE_STRING_H 1
| #define HAVE_MEMORY_H 1
| #define HAVE_STRINGS_H 1
| #define HAVE_INTTYPES_H 1
| #define HAVE_STDINT_H 1
| #define HAVE_UNISTD_H 1
| #define HAVE_LOCALE_H 1
| #define HAVE_LC_MESSAGES 1
| /* end confdefs.h.  */
| #include <CoreFoundation/CFLocale.h>
| int
| main ()
| {
| CFLocaleCopyCurrent();
|   ;
|   return 0;
| }
configure:5013: result: no
configure:5027: checking libintl.h usability
configure:5027: gcc -c -g -O0  conftest.c >&5
configure:5027: $? = 0
configure:5027: result: yes
configure:5027: checking libintl.h presence
configure:5027: gcc -E  conftest.c
configure:5027: $? = 0
configure:5027: result: yes
configure:5027: checking for libintl.h
configure:5027: result: yes
configure:5035: checking for ngettext in libc
configure:5053: gcc -o conftest -g -O0   conftest.c  >&5
configure:5053: $? = 0
configure:5062: result: yes
configure:5066: checking for dgettext in libc
configure:5084: gcc -o conftest -g -O0   conftest.c  >&5
configure:5084: $? = 0
configure:5093: result: yes
configure:5100: checking for bind_textdomain_codeset
configure:5100: gcc -o conftest -g -O0   conftest.c  >&5
configure:5100: $? = 0
configure:5100: result: yes
configure:5376: checking for msgfmt
configure:5403: result: /usr/bin/msgfmt
configure:5414: checking for dcgettext
configure:5414: gcc -o conftest -g -O0   conftest.c   >&5
conftest.c:49:6: warning: conflicting types for built-in function 'dcgettext' [-Wbuiltin-declaration-mismatch]
 char dcgettext ();
      ^~~~~~~~~
configure:5414: $? = 0
configure:5414: result: yes
configure:5424: checking if msgfmt accepts -c
configure:5439: $MSGFMT -c -o /dev/null conftest.foo
conftest.foo:3: warning: header field 'Language' missing in header
configure:5442: $? = 0
configure:5444: result: yes
configure:5454: checking for gmsgfmt
configure:5485: result: /usr/bin/msgfmt
configure:5495: checking for xgettext
configure:5522: result: /usr/bin/xgettext
configure:5541: gcc -o conftest -g -O0   conftest.c   >&5
configure:5541: $? = 0
configure:5714: checking build system type
configure:5728: result: x86_64-pc-linux-gnu
configure:5748: checking host system type
configure:5761: result: x86_64-pc-linux-gnu
configure:5802: checking how to print strings
configure:5829: result: printf
configure:5850: checking for a sed that does not truncate output
configure:5914: result: /bin/sed
configure:5932: checking for fgrep
configure:5994: result: /bin/grep -F
configure:6029: checking for ld used by gcc
configure:6096: result: /usr/bin/ld
configure:6103: checking if the linker (/usr/bin/ld) is GNU ld
configure:6118: result: yes
configure:6130: checking for BSD- or MS-compatible name lister (nm)
configure:6184: result: /usr/bin/nm -B
configure:6314: checking the name lister (/usr/bin/nm -B) interface
configure:6321: gcc -c -g -O0  conftest.c >&5
configure:6324: /usr/bin/nm -B "conftest.o"
configure:6327: output
0000000000000000 B some_variable
configure:6328: result: BSD nm
configure:6331: checking whether ln -s works
configure:6335: result: yes
configure:6343: checking the maximum length of command line arguments
configure:6474: result: 1572864
configure:6522: checking how to convert x86_64-pc-linux-gnu file names to x86_64-pc-linux-gnu format
configure:6562: result: func_convert_file_noop
configure:6569: checking how to convert x86_64-pc-linux-gnu file names to toolchain format
configure:6589: result: func_convert_file_noop
configure:6596: checking for /usr/bin/ld option to reload object files
configure:6603: result: -r
configure:6677: checking for objdump
configure:6693: found /usr/bin/objdump
configure:6704: result: objdump
configure:6736: checking how to recognize dependent libraries
configure:6936: result: pass_all
configure:7021: checking for dlltool
configure:7051: result: no
configure:7081: checking how to associate runtime and link libraries
configure:7108: result: printf %s\n
configure:7168: checking for ar
configure:7184: found /usr/bin/ar
configure:7195: result: ar
configure:7232: checking for archiver @FILE support
configure:7249: gcc -c -g -O0  conftest.c >&5
configure:7249: $? = 0
configure:7252: ar cru libconftest.a @conftest.lst >&5
ar: `u' modifier ignored since `D' is the default (see `U')
configure:7255: $? = 0
configure:7260: ar cru libconftest.a @conftest.lst >&5
ar: `u' modifier ignored since `D' is the default (see `U')
ar: conftest.o: No such file or directory
configure:7263: $? = 1
configure:7262: result: @
configure:7320: checking for strip
configure:7336: found /usr/bin/strip
configure:7347: result: strip
configure:7419: checking for ranlib
configure:7435: found /usr/bin/ranlib
configure:7446: result: ranlib
configure:7548: checking command to parse /usr/bin/nm -B output from gcc object
configure:7701: gcc -c -g -O0  conftest.c >&5
configure:7704: $? = 0
configure:7708: /usr/bin/nm -B conftest.o | sed -n -e 's/^.*[	 ]\([ABCDGIRSTW][ABCDGIRSTW]*\)[	 ][	 ]*\([_A-Za-z][_A-Za-z0-9]*\)$/\1 \2 \2/p' | sed '/ __gnu_lto/d' > conftest.nm
configure:7774: gcc -o conftest -g -O0   conftest.c conftstm.o >&5
configure:7777: $? = 0
configure:7815: result: ok
configure:7862: checking for sysroot
configure:7892: result: no
configure:7899: checking for a working dd
configure:7937: result: /bin/dd
configure:7941: checking how to truncate binary pipes
configure:7956: result: /bin/dd bs=4096 count=1
configure:8092: gcc -c -g -O0  conftest.c >&5
configure:8095: $? = 0
configure:8285: checking for mt
configure:8301: found /bin/mt
configure:8312: result: mt
configure:8335: checking if mt is a manifest tool
configure:8341: mt '-?'
configure:8349: result: no
configure:9023: checking for dlfcn.h
configure:9023: gcc -c -g -O0  conftest.c >&5
configure:9023: $? = 0
configure:9023: result: yes
configure:9279: checking for objdir
configure:9294: result: .libs
configure:9554: checking if gcc supports -fno-rtti -fno-exceptions
configure:9572: gcc -c -g -O0  -fno-rtti -fno-exceptions conftest.c >&5
cc1: warning: command line option '-fno-rtti' is valid for C++/ObjC++ but not for C
configure:9576: $? = 0
configure:9589: result: no
configure:9947: checking for gcc option to produce PIC
configure:9954: result: -fPIC -DPIC
configure:9962: checking if gcc PIC flag -fPIC -DPIC works
configure:9980: gcc -c -g -O0  -fPIC -DPIC -DPIC conftest.c >&5
configure:9984: $? = 0
configure:9997: result: yes
configure:10026: checking if gcc static flag -static works
configure:10054: result: yes
configure:10069: checking if gcc supports -c -o file.o
configure:10090: gcc -c -g -O0  -o out/conftest2.o conftest.c >&5
configure:10094: $? = 0
configure:10116: result: yes
configure:10124: checking if gcc supports -c -o file.o
configure:10171: result: yes
configure:10204: checking whether the gcc linker (/usr/bin/ld -m elf_x86_64) supports shared libraries
configure:11467: result: yes
configure:11504: checking whether -lc should be explicitly linked in
configure:11512: gcc -c -g -O0  conftest.c >&5
configure:11515: $? = 0
configure:11530: gcc -shared  -fPIC -DPIC conftest.o  -v -Wl,-soname -Wl,conftest -o conftest 2\>\&1 \| /bin/grep  -lc  \>/dev/null 2\>\&1
configure:11533: $? = 0
configure:11547: result: no
configure:11707: checking dynamic linker characteristics
configure:12288: gcc -o conftest -g -O0   -Wl,-rpath -Wl,/foo conftest.c  >&5
configure:12288: $? = 0
configure:12537: result: GNU/Linux ld.so
configure:12659: checking how to hardcode library paths into programs
configure:12684: result: immediate
configure:13232: checking whether stripping libraries is possible
configure:13237: result: yes
configure:13272: checking if libtool supports shared libraries
configure:13274: result: yes
configure:13277: checking whether to build shared libraries
configure:13302: result: yes
configure:13305: checking whether to build static libraries
configure:13309: result: yes
configure:10178: checking for pkg-config
configure:10196: found /usr/bin/pkg-config
configure:10208: result: /usr/bin/pkg-config
configure:10233: checking pkg-config is at least version 0.9.0
configure:10236: result: yes
configure:10246: checking for NISY
configure:10253: $PKG_CONFIG --exists --print-errors "gtk+-3.0 "
configure:10256: $? = 0
configure:10270: $PKG_CONFIG --exists --print-errors "gtk+-3.0 "
configure:10273: $? = 0
configure:10331: result: yes
configure:10442: checking that generated files are newer than configure
configure:10448: result: done
configure:10475: creating ./config.status

## ---------------------- ##
## Running config.status. ##
## ---------------------- ##

This file was extended by nisy config.status 0.1, which was
generated by GNU Autoconf 2.69.  Invocation command line was

  CONFIG_FILES    = 
  CONFIG_HEADERS  = 
  CONFIG_LINKS    = 
  CONFIG_COMMANDS = 
  $ ./config.status 

on nisy-matebook

config.status:1169: creating Makefile
config.status:1169: creating src/Makefile
config.status:1169: creating po/Makefile.in
config.status:1169: creating config.h
config.status:1383: executing depfiles commands
config.status:1460: cd src       && sed -e '/# am--include-marker/d' Makefile         | make -f - am--depfiles
config.status:1465: $? = 0
config.status:1383: executing default-1 commands
config.status:1383: executing libtool commands
config.status:1383: executing po/stamp-it commands
configure:12642: WARNING: unrecognized options: --enable-maintainer-mode

## ---------------- ##
## Cache variables. ##
## ---------------- ##

ac_cv_build=x86_64-pc-linux-gnu
ac_cv_c_compiler_gnu=yes
ac_cv_env_CC_set=
ac_cv_env_CC_value=
ac_cv_env_CFLAGS_set=set
ac_cv_env_CFLAGS_value='-g -O0'
ac_cv_env_CPPFLAGS_set=
ac_cv_env_CPPFLAGS_value=
ac_cv_env_CPP_set=
ac_cv_env_CPP_value=
ac_cv_env_LDFLAGS_set=
ac_cv_env_LDFLAGS_value=
ac_cv_env_LIBS_set=
ac_cv_env_LIBS_value=
ac_cv_env_LT_SYS_LIBRARY_PATH_set=
ac_cv_env_LT_SYS_LIBRARY_PATH_value=
ac_cv_env_NISY_CFLAGS_set=
ac_cv_env_NISY_CFLAGS_value=
ac_cv_env_NISY_LIBS_set=
ac_cv_env_NISY_LIBS_value=
ac_cv_env_PKG_CONFIG_LIBDIR_set=
ac_cv_env_PKG_CONFIG_LIBDIR_value=
ac_cv_env_PKG_CONFIG_PATH_set=
ac_cv_env_PKG_CONFIG_PATH_value=
ac_cv_env_PKG_CONFIG_set=
ac_cv_env_PKG_CONFIG_value=
ac_cv_env_build_alias_set=
ac_cv_env_build_alias_value=
ac_cv_env_host_alias_set=
ac_cv_env_host_alias_value=
ac_cv_env_target_alias_set=
ac_cv_env_target_alias_value=
ac_cv_func_bind_textdomain_codeset=yes
ac_cv_func_dcgettext=yes
ac_cv_header_dlfcn_h=yes
ac_cv_header_inttypes_h=yes
ac_cv_header_libintl_h=yes
ac_cv_header_locale_h=yes
ac_cv_header_memory_h=yes
ac_cv_header_stdc=yes
ac_cv_header_stdint_h=yes
ac_cv_header_stdlib_h=yes
ac_cv_header_string_h=yes
ac_cv_header_strings_h=yes
ac_cv_header_sys_stat_h=yes
ac_cv_header_sys_types_h=yes
ac_cv_header_unistd_h=yes
ac_cv_host=x86_64-pc-linux-gnu
ac_cv_objext=o
ac_cv_path_EGREP='/bin/grep -E'
ac_cv_path_FGREP='/bin/grep -F'
ac_cv_path_GMSGFMT=/usr/bin/msgfmt
ac_cv_path_GREP=/bin/grep
ac_cv_path_INTLTOOL_EXTRACT=/usr/bin/intltool-extract
ac_cv_path_INTLTOOL_MERGE=/usr/bin/intltool-merge
ac_cv_path_INTLTOOL_PERL=/usr/bin/perl
ac_cv_path_INTLTOOL_UPDATE=/usr/bin/intltool-update
ac_cv_path_MSGFMT=/usr/bin/msgfmt
ac_cv_path_MSGMERGE=/usr/bin/msgmerge
ac_cv_path_SED=/bin/sed
ac_cv_path_XGETTEXT=/usr/bin/xgettext
ac_cv_path_ac_pt_PKG_CONFIG=/usr/bin/pkg-config
ac_cv_path_install='/usr/bin/install -c'
ac_cv_path_lt_DD=/bin/dd
ac_cv_path_mkdir=/bin/mkdir
ac_cv_prog_AWK=gawk
ac_cv_prog_CPP='gcc -E'
ac_cv_prog_ac_ct_AR=ar
ac_cv_prog_ac_ct_CC=gcc
ac_cv_prog_ac_ct_MANIFEST_TOOL=mt
ac_cv_prog_ac_ct_OBJDUMP=objdump
ac_cv_prog_ac_ct_RANLIB=ranlib
ac_cv_prog_ac_ct_STRIP=strip
ac_cv_prog_cc_c89=
ac_cv_prog_cc_g=yes
ac_cv_prog_make_make_set=yes
am_cv_CC_dependencies_compiler_type=gcc3
am_cv_make_support_nested_variables=yes
am_cv_prog_cc_c_o=yes
am_cv_val_LC_MESSAGES=yes
gt_cv_func_CFLocaleCopyCurrent=no
gt_cv_func_CFPreferencesCopyAppValue=no
gt_cv_func_dgettext_libc=yes
gt_cv_func_dgettext_libintl=no
gt_cv_func_ngettext_libc=yes
gt_cv_have_gettext=yes
lt_cv_ar_at_file=@
lt_cv_archive_cmds_need_lc=no
lt_cv_deplibs_check_method=pass_all
lt_cv_file_magic_cmd='$MAGIC_CMD'
lt_cv_file_magic_test_file=
lt_cv_ld_reload_flag=-r
lt_cv_nm_interface='BSD nm'
lt_cv_objdir=.libs
lt_cv_path_LD=/usr/bin/ld
lt_cv_path_NM='/usr/bin/nm -B'
lt_cv_path_mainfest_tool=no
lt_cv_prog_compiler_c_o=yes
lt_cv_prog_compiler_pic='-fPIC -DPIC'
lt_cv_prog_compiler_pic_works=yes
lt_cv_prog_compiler_rtti_exceptions=no
lt_cv_prog_compiler_static_works=yes
lt_cv_prog_gnu_ld=yes
lt_cv_sharedlib_from_linklib_cmd='printf %s\n'
lt_cv_shlibpath_overrides_runpath=yes
lt_cv_sys_global_symbol_pipe='sed -n -e '\''s/^.*[	 ]\([ABCDGIRSTW][ABCDGIRSTW]*\)[	 ][	 ]*\([_A-Za-z][_A-Za-z0-9]*\)$/\1 \2 \2/p'\'' | sed '\''/ __gnu_lto/d'\'''
lt_cv_sys_global_symbol_to_c_name_address='sed -n -e '\''s/^: \(.*\) .*$/  {"\1", (void *) 0},/p'\'' -e '\''s/^[ABCDGIRSTW][ABCDGIRSTW]* .* \(.*\)$/  {"\1", (void *) \&\1},/p'\'''
lt_cv_sys_global_symbol_to_c_name_address_lib_prefix='sed -n -e '\''s/^: \(.*\) .*$/  {"\1", (void *) 0},/p'\'' -e '\''s/^[ABCDGIRSTW][ABCDGIRSTW]* .* \(lib.*\)$/  {"\1", (void *) \&\1},/p'\'' -e '\''s/^[ABCDGIRSTW][ABCDGIRSTW]* .* \(.*\)$/  {"lib\1", (void *) \&\1},/p'\'''
lt_cv_sys_global_symbol_to_cdecl='sed -n -e '\''s/^T .* \(.*\)$/extern int \1();/p'\'' -e '\''s/^[ABCDGIRSTW][ABCDGIRSTW]* .* \(.*\)$/extern char \1;/p'\'''
lt_cv_sys_global_symbol_to_import=
lt_cv_sys_max_cmd_len=1572864
lt_cv_to_host_file_cmd=func_convert_file_noop
lt_cv_to_tool_file_cmd=func_convert_file_noop
lt_cv_truncate_bin='/bin/dd bs=4096 count=1'
pkg_cv_NISY_CFLAGS='-pthread -I/usr/include/gtk-3.0 -I/usr/include/at-spi2-atk/2.0 -I/usr/include/at-spi-2.0 -I/usr/include/dbus-1.0 -I/usr/lib/x86_64-linux-gnu/dbus-1.0/include -I/usr/include/gtk-3.0 -I/usr/include/gio-unix-2.0 -I/usr/include/cairo -I/usr/include/libdrm -I/usr/include/pango-1.0 -I/usr/include/harfbuzz -I/usr/include/pango-1.0 -I/usr/include/fribidi -I/usr/include/atk-1.0 -I/usr/include/cairo -I/usr/include/pixman-1 -I/usr/include/freetype2 -I/usr/include/libpng16 -I/usr/include/gdk-pixbuf-2.0 -I/usr/include/libmount -I/usr/include/blkid -I/usr/include/uuid -I/usr/include/glib-2.0 -I/usr/lib/x86_64-linux-gnu/glib-2.0/include'
pkg_cv_NISY_LIBS='-lgtk-3 -lgdk-3 -lpangocairo-1.0 -lpango-1.0 -latk-1.0 -lcairo-gobject -lcairo -lgdk_pixbuf-2.0 -lgio-2.0 -lgobject-2.0 -lglib-2.0'

## ----------------- ##
## Output variables. ##
## ----------------- ##

ACLOCAL='${SHELL} /media/nisy/win_tech_E/_Technology/95_code/_IDE_default_project/anjuta_gtk_simple/missing aclocal-1.16'
ALL_LINGUAS=''
AMDEPBACKSLASH='\'
AMDEP_FALSE='#'
AMDEP_TRUE=''
AMTAR='$${TAR-tar}'
AM_BACKSLASH='\'
AM_DEFAULT_V='$(AM_DEFAULT_VERBOSITY)'
AM_DEFAULT_VERBOSITY='0'
AM_V='$(V)'
AR='ar'
AUTOCONF='${SHELL} /media/nisy/win_tech_E/_Technology/95_code/_IDE_default_project/anjuta_gtk_simple/missing autoconf'
AUTOHEADER='${SHELL} /media/nisy/win_tech_E/_Technology/95_code/_IDE_default_project/anjuta_gtk_simple/missing autoheader'
AUTOMAKE='${SHELL} /media/nisy/win_tech_E/_Technology/95_code/_IDE_default_project/anjuta_gtk_simple/missing automake-1.16'
AWK='gawk'
CATALOGS=''
CATOBJEXT='.gmo'
CC='gcc'
CCDEPMODE='depmode=gcc3'
CFLAGS='-g -O0'
CPP='gcc -E'
CPPFLAGS=''
CYGPATH_W='echo'
DATADIRNAME='share'
DEFS='-DHAVE_CONFIG_H'
DEPDIR='.deps'
DLLTOOL='false'
DSYMUTIL=''
DUMPBIN=''
ECHO_C=''
ECHO_N='-n'
ECHO_T=''
EGREP='/bin/grep -E'
EXEEXT=''
FGREP='/bin/grep -F'
GETTEXT_PACKAGE='nisy'
GMOFILES=''
GMSGFMT='/usr/bin/msgfmt'
GREP='/bin/grep'
INSTALL_DATA='${INSTALL} -m 644'
INSTALL_PROGRAM='${INSTALL}'
INSTALL_SCRIPT='${INSTALL}'
INSTALL_STRIP_PROGRAM='$(install_sh) -c -s'
INSTOBJEXT='.mo'
INTLLIBS=''
INTLTOOL_CAVES_RULE='%.caves:     %.caves.in     $(INTLTOOL_MERGE) $(wildcard $(top_srcdir)/po/*.po) ; $(INTLTOOL_V_MERGE)LC_ALL=C $(INTLTOOL_MERGE) $(INTLTOOL_V_MERGE_OPTIONS) -d -u -c $(top_builddir)/po/.intltool-merge-cache $(top_srcdir)/po $< $@'
INTLTOOL_DESKTOP_RULE='%.desktop:   %.desktop.in   $(INTLTOOL_MERGE) $(wildcard $(top_srcdir)/po/*.po) ; $(INTLTOOL_V_MERGE)LC_ALL=C $(INTLTOOL_MERGE) $(INTLTOOL_V_MERGE_OPTIONS) -d -u -c $(top_builddir)/po/.intltool-merge-cache $(top_srcdir)/po $< $@'
INTLTOOL_DIRECTORY_RULE='%.directory: %.directory.in $(INTLTOOL_MERGE) $(wildcard $(top_srcdir)/po/*.po) ; $(INTLTOOL_V_MERGE)LC_ALL=C $(INTLTOOL_MERGE) $(INTLTOOL_V_MERGE_OPTIONS) -d -u -c $(top_builddir)/po/.intltool-merge-cache $(top_srcdir)/po $< $@'
INTLTOOL_EXTRACT='/usr/bin/intltool-extract'
INTLTOOL_KBD_RULE='%.kbd:       %.kbd.in       $(INTLTOOL_MERGE) $(wildcard $(top_srcdir)/po/*.po) ; $(INTLTOOL_V_MERGE)LC_ALL=C $(INTLTOOL_MERGE) $(INTLTOOL_V_MERGE_OPTIONS) -x -u -m -c $(top_builddir)/po/.intltool-merge-cache $(top_srcdir)/po $< $@'
INTLTOOL_KEYS_RULE='%.keys:      %.keys.in      $(INTLTOOL_MERGE) $(wildcard $(top_srcdir)/po/*.po) ; $(INTLTOOL_V_MERGE)LC_ALL=C $(INTLTOOL_MERGE) $(INTLTOOL_V_MERGE_OPTIONS) -k -u -c $(top_builddir)/po/.intltool-merge-cache $(top_srcdir)/po $< $@'
INTLTOOL_MERGE='/usr/bin/intltool-merge'
INTLTOOL_OAF_RULE='%.oaf:       %.oaf.in       $(INTLTOOL_MERGE) $(wildcard $(top_srcdir)/po/*.po) ; $(INTLTOOL_V_MERGE)LC_ALL=C $(INTLTOOL_MERGE) $(INTLTOOL_V_MERGE_OPTIONS) -o -p $(top_srcdir)/po $< $@'
INTLTOOL_PERL='/usr/bin/perl'
INTLTOOL_POLICY_RULE='%.policy:    %.policy.in    $(INTLTOOL_MERGE) $(wildcard $(top_srcdir)/po/*.po) ; $(INTLTOOL_V_MERGE)LC_ALL=C $(INTLTOOL_MERGE) $(INTLTOOL_V_MERGE_OPTIONS) -x -u -c $(top_builddir)/po/.intltool-merge-cache $(top_srcdir)/po $< $@'
INTLTOOL_PONG_RULE='%.pong:      %.pong.in      $(INTLTOOL_MERGE) $(wildcard $(top_srcdir)/po/*.po) ; $(INTLTOOL_V_MERGE)LC_ALL=C $(INTLTOOL_MERGE) $(INTLTOOL_V_MERGE_OPTIONS) -x -u -c $(top_builddir)/po/.intltool-merge-cache $(top_srcdir)/po $< $@'
INTLTOOL_PROP_RULE='%.prop:      %.prop.in      $(INTLTOOL_MERGE) $(wildcard $(top_srcdir)/po/*.po) ; $(INTLTOOL_V_MERGE)LC_ALL=C $(INTLTOOL_MERGE) $(INTLTOOL_V_MERGE_OPTIONS) -d -u -c $(top_builddir)/po/.intltool-merge-cache $(top_srcdir)/po $< $@'
INTLTOOL_SCHEMAS_RULE='%.schemas:   %.schemas.in   $(INTLTOOL_MERGE) $(wildcard $(top_srcdir)/po/*.po) ; $(INTLTOOL_V_MERGE)LC_ALL=C $(INTLTOOL_MERGE) $(INTLTOOL_V_MERGE_OPTIONS) -s -u -c $(top_builddir)/po/.intltool-merge-cache $(top_srcdir)/po $< $@'
INTLTOOL_SERVER_RULE='%.server:    %.server.in    $(INTLTOOL_MERGE) $(wildcard $(top_srcdir)/po/*.po) ; $(INTLTOOL_V_MERGE)LC_ALL=C $(INTLTOOL_MERGE) $(INTLTOOL_V_MERGE_OPTIONS) -o -u -c $(top_builddir)/po/.intltool-merge-cache $(top_srcdir)/po $< $@'
INTLTOOL_SERVICE_RULE='%.service: %.service.in   $(INTLTOOL_MERGE) $(wildcard $(top_srcdir)/po/*.po) ; $(INTLTOOL_V_MERGE)LC_ALL=C $(INTLTOOL_MERGE) $(INTLTOOL_V_MERGE_OPTIONS) -d -u -c $(top_builddir)/po/.intltool-merge-cache $(top_srcdir)/po $< $@'
INTLTOOL_SHEET_RULE='%.sheet:     %.sheet.in     $(INTLTOOL_MERGE) $(wildcard $(top_srcdir)/po/*.po) ; $(INTLTOOL_V_MERGE)LC_ALL=C $(INTLTOOL_MERGE) $(INTLTOOL_V_MERGE_OPTIONS) -x -u -c $(top_builddir)/po/.intltool-merge-cache $(top_srcdir)/po $< $@'
INTLTOOL_SOUNDLIST_RULE='%.soundlist: %.soundlist.in $(INTLTOOL_MERGE) $(wildcard $(top_srcdir)/po/*.po) ; $(INTLTOOL_V_MERGE)LC_ALL=C $(INTLTOOL_MERGE) $(INTLTOOL_V_MERGE_OPTIONS) -d -u -c $(top_builddir)/po/.intltool-merge-cache $(top_srcdir)/po $< $@'
INTLTOOL_THEME_RULE='%.theme:     %.theme.in     $(INTLTOOL_MERGE) $(wildcard $(top_srcdir)/po/*.po) ; $(INTLTOOL_V_MERGE)LC_ALL=C $(INTLTOOL_MERGE) $(INTLTOOL_V_MERGE_OPTIONS) -d -u -c $(top_builddir)/po/.intltool-merge-cache $(top_srcdir)/po $< $@'
INTLTOOL_UI_RULE='%.ui:        %.ui.in        $(INTLTOOL_MERGE) $(wildcard $(top_srcdir)/po/*.po) ; $(INTLTOOL_V_MERGE)LC_ALL=C $(INTLTOOL_MERGE) $(INTLTOOL_V_MERGE_OPTIONS) -x -u -c $(top_builddir)/po/.intltool-merge-cache $(top_srcdir)/po $< $@'
INTLTOOL_UPDATE='/usr/bin/intltool-update'
INTLTOOL_V_MERGE='$(INTLTOOL__v_MERGE_$(V))'
INTLTOOL_V_MERGE_OPTIONS='$(intltool__v_merge_options_$(V))'
INTLTOOL_XAM_RULE='%.xam:       %.xml.in       $(INTLTOOL_MERGE) $(wildcard $(top_srcdir)/po/*.po) ; $(INTLTOOL_V_MERGE)LC_ALL=C $(INTLTOOL_MERGE) $(INTLTOOL_V_MERGE_OPTIONS) -x -u -c $(top_builddir)/po/.intltool-merge-cache $(top_srcdir)/po $< $@'
INTLTOOL_XML_NOMERGE_RULE='%.xml:       %.xml.in       $(INTLTOOL_MERGE) ; $(INTLTOOL_V_MERGE)LC_ALL=C $(INTLTOOL_MERGE) $(INTLTOOL_V_MERGE_OPTIONS) -x -u --no-translations $< $@'
INTLTOOL_XML_RULE='%.xml:       %.xml.in       $(INTLTOOL_MERGE) $(wildcard $(top_srcdir)/po/*.po) ; $(INTLTOOL_V_MERGE)LC_ALL=C $(INTLTOOL_MERGE) $(INTLTOOL_V_MERGE_OPTIONS) -x -u -c $(top_builddir)/po/.intltool-merge-cache $(top_srcdir)/po $< $@'
INTLTOOL__v_MERGE_0='@echo "  ITMRG " $@;'
INTLTOOL__v_MERGE_='$(INTLTOOL__v_MERGE_$(AM_DEFAULT_VERBOSITY))'
INTL_MACOSX_LIBS=''
LD='/usr/bin/ld -m elf_x86_64'
LDFLAGS=''
LIBOBJS=''
LIBS=''
LIBTOOL='$(SHELL) $(top_builddir)/libtool'
LIPO=''
LN_S='ln -s'
LTLIBOBJS=''
LT_SYS_LIBRARY_PATH=''
MAKEINFO='${SHELL} /media/nisy/win_tech_E/_Technology/95_code/_IDE_default_project/anjuta_gtk_simple/missing makeinfo'
MANIFEST_TOOL=':'
MKDIR_P='/bin/mkdir -p'
MKINSTALLDIRS='/media/nisy/win_tech_E/_Technology/95_code/_IDE_default_project/anjuta_gtk_simple/mkinstalldirs'
MSGFMT='/usr/bin/msgfmt'
MSGFMT_OPTS='-c'
MSGMERGE='/usr/bin/msgmerge'
NISY_CFLAGS='-pthread -I/usr/include/gtk-3.0 -I/usr/include/at-spi2-atk/2.0 -I/usr/include/at-spi-2.0 -I/usr/include/dbus-1.0 -I/usr/lib/x86_64-linux-gnu/dbus-1.0/include -I/usr/include/gtk-3.0 -I/usr/include/gio-unix-2.0 -I/usr/include/cairo -I/usr/include/libdrm -I/usr/include/pango-1.0 -I/usr/include/harfbuzz -I/usr/include/pango-1.0 -I/usr/include/fribidi -I/usr/include/atk-1.0 -I/usr/include/cairo -I/usr/include/pixman-1 -I/usr/include/freetype2 -I/usr/include/libpng16 -I/usr/include/gdk-pixbuf-2.0 -I/usr/include/libmount -I/usr/include/blkid -I/usr/include/uuid -I/usr/include/glib-2.0 -I/usr/lib/x86_64-linux-gnu/glib-2.0/include'
NISY_LIBS='-lgtk-3 -lgdk-3 -lpangocairo-1.0 -lpango-1.0 -latk-1.0 -lcairo-gobject -lcairo -lgdk_pixbuf-2.0 -lgio-2.0 -lgobject-2.0 -lglib-2.0'
NM='/usr/bin/nm -B'
NMEDIT=''
OBJDUMP='objdump'
OBJEXT='o'
OTOOL64=''
OTOOL=''
PACKAGE='nisy'
PACKAGE_BUGREPORT=''
PACKAGE_NAME='nisy'
PACKAGE_STRING='nisy 0.1'
PACKAGE_TARNAME='nisy'
PACKAGE_URL=''
PACKAGE_VERSION='0.1'
PATH_SEPARATOR=':'
PKG_CONFIG='/usr/bin/pkg-config'
PKG_CONFIG_LIBDIR=''
PKG_CONFIG_PATH=''
POFILES=''
POSUB='po'
PO_IN_DATADIR_FALSE=''
PO_IN_DATADIR_TRUE=''
RANLIB='ranlib'
SED='/bin/sed'
SET_MAKE=''
SHELL='/bin/bash'
STRIP='strip'
USE_NLS='yes'
VERSION='0.1'
XGETTEXT='/usr/bin/xgettext'
ac_ct_AR='ar'
ac_ct_CC='gcc'
ac_ct_DUMPBIN=''
am__EXEEXT_FALSE=''
am__EXEEXT_TRUE='#'
am__fastdepCC_FALSE='#'
am__fastdepCC_TRUE=''
am__include='include'
am__isrc=' -I$(srcdir)'
am__leading_dot='.'
am__nodep='_no'
am__quote=''
am__tar='$${TAR-tar} chof - "$$tardir"'
am__untar='$${TAR-tar} xf -'
bindir='${exec_prefix}/bin'
build='x86_64-pc-linux-gnu'
build_alias=''
build_cpu='x86_64'
build_os='linux-gnu'
build_vendor='pc'
datadir='${datarootdir}'
datarootdir='${prefix}/share'
docdir='${datarootdir}/doc/${PACKAGE_TARNAME}'
dvidir='${docdir}'
exec_prefix='${prefix}'
host='x86_64-pc-linux-gnu'
host_alias=''
host_cpu='x86_64'
host_os='linux-gnu'
host_vendor='pc'
htmldir='${docdir}'
includedir='${prefix}/include'
infodir='${datarootdir}/info'
install_sh='${SHELL} /media/nisy/win_tech_E/_Technology/95_code/_IDE_default_project/anjuta_gtk_simple/install-sh'
intltool__v_merge_options_0='-q'
intltool__v_merge_options_='$(intltool__v_merge_options_$(AM_DEFAULT_VERBOSITY))'
libdir='${exec_prefix}/lib'
libexecdir='${exec_prefix}/libexec'
localedir='${datarootdir}/locale'
localstatedir='${prefix}/var'
mandir='${datarootdir}/man'
mkdir_p='$(MKDIR_P)'
oldincludedir='/usr/include'
pdfdir='${docdir}'
prefix='/usr/local'
program_transform_name='s,x,x,'
psdir='${docdir}'
runstatedir='${localstatedir}/run'
sbindir='${exec_prefix}/sbin'
sharedstatedir='${prefix}/com'
sysconfdir='${prefix}/etc'
target_alias=''

## ----------- ##
## confdefs.h. ##
## ----------- ##

/* confdefs.h */
#define PACKAGE_NAME "nisy"
#define PACKAGE_TARNAME "nisy"
#define PACKAGE_VERSION "0.1"
#define PACKAGE_STRING "nisy 0.1"
#define PACKAGE_BUGREPORT ""
#define PACKAGE_URL ""
#define PACKAGE "nisy"
#define VERSION "0.1"
#define GETTEXT_PACKAGE "nisy"
#define STDC_HEADERS 1
#define HAVE_SYS_TYPES_H 1
#define HAVE_SYS_STAT_H 1
#define HAVE_STDLIB_H 1
#define HAVE_STRING_H 1
#define HAVE_MEMORY_H 1
#define HAVE_STRINGS_H 1
#define HAVE_INTTYPES_H 1
#define HAVE_STDINT_H 1
#define HAVE_UNISTD_H 1
#define HAVE_LOCALE_H 1
#define HAVE_LC_MESSAGES 1
#define HAVE_BIND_TEXTDOMAIN_CODESET 1
#define HAVE_GETTEXT 1
#define HAVE_DCGETTEXT 1
#define ENABLE_NLS 1
#define HAVE_DLFCN_H 1
#define LT_OBJDIR ".libs/"

configure: exit 0
