This file contains any messages produced by compilers while
running configure, to aid debugging if configure makes a mistake.

It was created by nisy configure 0.1, which was
generated by GNU Autoconf 2.69.  Invocation command line was

  $ /media/nisy/win_tech_E/_Technology/95_code/_IDE_default_project/anjuta_gtkmm_simple/configure --enable-maintainer-mode CFLAGS=-g -O0 CXXFLAGS=-g -O0 JFLAGS=-g -O0 FFLAGS=-g -O0

## --------- ##
## Platform. ##
## --------- ##

hostname = nisy-matebook
uname -m = x86_64
uname -r = 4.19.0-17-amd64
uname -s = Linux
uname -v = #1 SMP Debian 4.19.194-3 (2021-07-18)

/usr/bin/uname -p = unknown
/bin/uname -X     = unknown

/bin/arch              = unknown
/usr/bin/arch -k       = unknown
/usr/convex/getsysinfo = unknown
/usr/bin/hostinfo      = unknown
/bin/machine           = unknown
/usr/bin/oslevel       = unknown
/bin/universe          = unknown

PATH: /usr/local/bin
PATH: /usr/bin
PATH: /bin
PATH: /usr/local/games
PATH: /usr/games
PATH: /usr/local/sbin
PATH: /usr/sbin
PATH: /sbin


## ----------- ##
## Core tests. ##
## ----------- ##

configure:2465: checking for a BSD-compatible install
configure:2533: result: /usr/bin/install -c
configure:2544: checking whether build environment is sane
configure:2599: result: yes
configure:2748: checking for a thread-safe mkdir -p
configure:2787: result: /bin/mkdir -p
configure:2794: checking for gawk
configure:2810: found /usr/bin/gawk
configure:2821: result: gawk
configure:2832: checking whether make sets $(MAKE)
configure:2854: result: yes
configure:2883: checking whether make supports nested variables
configure:2900: result: yes
configure:3038: checking whether make supports nested variables
configure:3055: result: yes
configure:3125: checking for g++
configure:3141: found /usr/bin/g++
configure:3152: result: g++
configure:3179: checking for C++ compiler version
configure:3188: g++ --version >&5
g++ (Debian 8.3.0-6) 8.3.0
Copyright (C) 2018 Free Software Foundation, Inc.
This is free software; see the source for copying conditions.  There is NO
warranty; not even for MERCHANTABILITY or FITNESS FOR A PARTICULAR PURPOSE.

configure:3199: $? = 0
configure:3188: g++ -v >&5
Using built-in specs.
COLLECT_GCC=g++
COLLECT_LTO_WRAPPER=/usr/lib/gcc/x86_64-linux-gnu/8/lto-wrapper
OFFLOAD_TARGET_NAMES=nvptx-none
OFFLOAD_TARGET_DEFAULT=1
Target: x86_64-linux-gnu
Configured with: ../src/configure -v --with-pkgversion='Debian 8.3.0-6' --with-bugurl=file:///usr/share/doc/gcc-8/README.Bugs --enable-languages=c,ada,c++,go,brig,d,fortran,objc,obj-c++ --prefix=/usr --with-gcc-major-version-only --program-suffix=-8 --program-prefix=x86_64-linux-gnu- --enable-shared --enable-linker-build-id --libexecdir=/usr/lib --without-included-gettext --enable-threads=posix --libdir=/usr/lib --enable-nls --enable-bootstrap --enable-clocale=gnu --enable-libstdcxx-debug --enable-libstdcxx-time=yes --with-default-libstdcxx-abi=new --enable-gnu-unique-object --disable-vtable-verify --enable-libmpx --enable-plugin --enable-default-pie --with-system-zlib --with-target-system-zlib --enable-objc-gc=auto --enable-multiarch --disable-werror --with-arch-32=i686 --with-abi=m64 --with-multilib-list=m32,m64,mx32 --enable-multilib --with-tune=generic --enable-offload-targets=nvptx-none --without-cuda-driver --enable-checking=release --build=x86_64-linux-gnu --host=x86_64-linux-gnu --target=x86_64-linux-gnu
Thread model: posix
gcc version 8.3.0 (Debian 8.3.0-6) 
configure:3199: $? = 0
configure:3188: g++ -V >&5
g++: error: unrecognized command line option '-V'
g++: fatal error: no input files
compilation terminated.
configure:3199: $? = 1
configure:3188: g++ -qversion >&5
g++: error: unrecognized command line option '-qversion'; did you mean '--version'?
g++: fatal error: no input files
compilation terminated.
configure:3199: $? = 1
configure:3219: checking whether the C++ compiler works
configure:3241: g++ -g -O0   conftest.cpp  >&5
configure:3245: $? = 0
configure:3293: result: yes
configure:3296: checking for C++ compiler default output file name
configure:3298: result: a.out
configure:3304: checking for suffix of executables
configure:3311: g++ -o conftest -g -O0   conftest.cpp  >&5
configure:3315: $? = 0
configure:3337: result: 
configure:3359: checking whether we are cross compiling
configure:3367: g++ -o conftest -g -O0   conftest.cpp  >&5
configure:3371: $? = 0
configure:3378: ./conftest
configure:3382: $? = 0
configure:3370: result: no
configure:3375: checking for suffix of object files
configure:3397: g++ -c -g -O0  conftest.cpp >&5
configure:3401: $? = 0
configure:3422: result: o
configure:3426: checking whether we are using the GNU C++ compiler
configure:3445: g++ -c -g -O0  conftest.cpp >&5
configure:3445: $? = 0
configure:3454: result: yes
configure:3463: checking whether g++ accepts -g
configure:3483: g++ -c -g  conftest.cpp >&5
configure:3483: $? = 0
configure:3524: result: yes
configure:3550: checking whether make supports the include directive
configure:3565: make -f confmf.GNU && cat confinc.out
this is the am__doit target
configure:3568: $? = 0
configure:3587: result: yes (GNU style)
configure:3612: checking dependency style of g++
configure:3723: result: gcc3
configure:3743: checking whether NLS is requested
configure:3752: result: yes
configure:3770: checking for intltool >= 0.35.0
configure:3772: result: 0.51.0 found
configure:3780: checking for intltool-update
configure:3798: found /usr/bin/intltool-update
configure:3810: result: /usr/bin/intltool-update
configure:3820: checking for intltool-merge
configure:3838: found /usr/bin/intltool-merge
configure:3850: result: /usr/bin/intltool-merge
configure:3860: checking for intltool-extract
configure:3878: found /usr/bin/intltool-extract
configure:3890: result: /usr/bin/intltool-extract
configure:4044: checking for xgettext
configure:4062: found /usr/bin/xgettext
configure:4074: result: /usr/bin/xgettext
configure:4084: checking for msgmerge
configure:4102: found /usr/bin/msgmerge
configure:4114: result: /usr/bin/msgmerge
configure:4124: checking for msgfmt
configure:4142: found /usr/bin/msgfmt
configure:4154: result: /usr/bin/msgfmt
configure:4164: checking for gmsgfmt
configure:4195: result: /usr/bin/msgfmt
configure:4215: checking for perl
configure:4233: found /usr/bin/perl
configure:4245: result: /usr/bin/perl
configure:4256: checking for perl >= 5.8.1
configure:4263: result: 5.28.1
configure:4267: checking for XML::Parser
configure:4270: result: ok
configure:4339: checking for gcc
configure:4355: found /usr/bin/gcc
configure:4366: result: gcc
configure:4595: checking for C compiler version
configure:4604: gcc --version >&5
gcc (Debian 8.3.0-6) 8.3.0
Copyright (C) 2018 Free Software Foundation, Inc.
This is free software; see the source for copying conditions.  There is NO
warranty; not even for MERCHANTABILITY or FITNESS FOR A PARTICULAR PURPOSE.

configure:4615: $? = 0
configure:4604: gcc -v >&5
Using built-in specs.
COLLECT_GCC=gcc
COLLECT_LTO_WRAPPER=/usr/lib/gcc/x86_64-linux-gnu/8/lto-wrapper
OFFLOAD_TARGET_NAMES=nvptx-none
OFFLOAD_TARGET_DEFAULT=1
Target: x86_64-linux-gnu
Configured with: ../src/configure -v --with-pkgversion='Debian 8.3.0-6' --with-bugurl=file:///usr/share/doc/gcc-8/README.Bugs --enable-languages=c,ada,c++,go,brig,d,fortran,objc,obj-c++ --prefix=/usr --with-gcc-major-version-only --program-suffix=-8 --program-prefix=x86_64-linux-gnu- --enable-shared --enable-linker-build-id --libexecdir=/usr/lib --without-included-gettext --enable-threads=posix --libdir=/usr/lib --enable-nls --enable-bootstrap --enable-clocale=gnu --enable-libstdcxx-debug --enable-libstdcxx-time=yes --with-default-libstdcxx-abi=new --enable-gnu-unique-object --disable-vtable-verify --enable-libmpx --enable-plugin --enable-default-pie --with-system-zlib --with-target-system-zlib --enable-objc-gc=auto --enable-multiarch --disable-werror --with-arch-32=i686 --with-abi=m64 --with-multilib-list=m32,m64,mx32 --enable-multilib --with-tune=generic --enable-offload-targets=nvptx-none --without-cuda-driver --enable-checking=release --build=x86_64-linux-gnu --host=x86_64-linux-gnu --target=x86_64-linux-gnu
Thread model: posix
gcc version 8.3.0 (Debian 8.3.0-6) 
configure:4615: $? = 0
configure:4604: gcc -V >&5
gcc: error: unrecognized command line option '-V'
gcc: fatal error: no input files
compilation terminated.
configure:4615: $? = 1
configure:4604: gcc -qversion >&5
gcc: error: unrecognized command line option '-qversion'; did you mean '--version'?
gcc: fatal error: no input files
compilation terminated.
configure:4615: $? = 1
configure:4619: checking whether we are using the GNU C compiler
configure:4638: gcc -c -g -O0  conftest.c >&5
configure:4638: $? = 0
configure:4647: result: yes
configure:4656: checking whether gcc accepts -g
configure:4676: gcc -c -g  conftest.c >&5
configure:4676: $? = 0
configure:4717: result: yes
configure:4734: checking for gcc option to accept ISO C89
configure:4797: gcc  -c -g -O0  conftest.c >&5
configure:4797: $? = 0
configure:4810: result: none needed
configure:4835: checking whether gcc understands -c and -o together
configure:4857: gcc -c conftest.c -o conftest2.o
configure:4860: $? = 0
configure:4857: gcc -c conftest.c -o conftest2.o
configure:4860: $? = 0
configure:4872: result: yes
configure:4891: checking dependency style of gcc
configure:5002: result: gcc3
configure:5023: checking how to run the C preprocessor
configure:5054: gcc -E  conftest.c
configure:5054: $? = 0
configure:5068: gcc -E  conftest.c
conftest.c:12:10: fatal error: ac_nonexistent.h: No such file or directory
 #include <ac_nonexistent.h>
          ^~~~~~~~~~~~~~~~~~
compilation terminated.
configure:5068: $? = 1
configure: failed program was:
| /* confdefs.h */
| #define PACKAGE_NAME "nisy"
| #define PACKAGE_TARNAME "nisy"
| #define PACKAGE_VERSION "0.1"
| #define PACKAGE_STRING "nisy 0.1"
| #define PACKAGE_BUGREPORT ""
| #define PACKAGE_URL ""
| #define PACKAGE "nisy"
| #define VERSION "0.1"
| #define GETTEXT_PACKAGE "nisy"
| /* end confdefs.h.  */
| #include <ac_nonexistent.h>
configure:5093: result: gcc -E
configure:5113: gcc -E  conftest.c
configure:5113: $? = 0
configure:5127: gcc -E  conftest.c
conftest.c:12:10: fatal error: ac_nonexistent.h: No such file or directory
 #include <ac_nonexistent.h>
          ^~~~~~~~~~~~~~~~~~
compilation terminated.
configure:5127: $? = 1
configure: failed program was:
| /* confdefs.h */
| #define PACKAGE_NAME "nisy"
| #define PACKAGE_TARNAME "nisy"
| #define PACKAGE_VERSION "0.1"
| #define PACKAGE_STRING "nisy 0.1"
| #define PACKAGE_BUGREPORT ""
| #define PACKAGE_URL ""
| #define PACKAGE "nisy"
| #define VERSION "0.1"
| #define GETTEXT_PACKAGE "nisy"
| /* end confdefs.h.  */
| #include <ac_nonexistent.h>
configure:5156: checking for grep that handles long lines and -e
configure:5214: result: /bin/grep
configure:5219: checking for egrep
configure:5281: result: /bin/grep -E
configure:5286: checking for ANSI C header files
configure:5306: gcc -c -g -O0  conftest.c >&5
configure:5306: $? = 0
configure:5379: gcc -o conftest -g -O0   conftest.c  >&5
configure:5379: $? = 0
configure:5379: ./conftest
configure:5379: $? = 0
configure:5390: result: yes
configure:5403: checking for sys/types.h
configure:5403: gcc -c -g -O0  conftest.c >&5
configure:5403: $? = 0
configure:5403: result: yes
configure:5403: checking for sys/stat.h
configure:5403: gcc -c -g -O0  conftest.c >&5
configure:5403: $? = 0
configure:5403: result: yes
configure:5403: checking for stdlib.h
configure:5403: gcc -c -g -O0  conftest.c >&5
configure:5403: $? = 0
configure:5403: result: yes
configure:5403: checking for string.h
configure:5403: gcc -c -g -O0  conftest.c >&5
configure:5403: $? = 0
configure:5403: result: yes
configure:5403: checking for memory.h
configure:5403: gcc -c -g -O0  conftest.c >&5
configure:5403: $? = 0
configure:5403: result: yes
configure:5403: checking for strings.h
configure:5403: gcc -c -g -O0  conftest.c >&5
configure:5403: $? = 0
configure:5403: result: yes
configure:5403: checking for inttypes.h
configure:5403: gcc -c -g -O0  conftest.c >&5
configure:5403: $? = 0
configure:5403: result: yes
configure:5403: checking for stdint.h
configure:5403: gcc -c -g -O0  conftest.c >&5
configure:5403: $? = 0
configure:5403: result: yes
configure:5403: checking for unistd.h
configure:5403: gcc -c -g -O0  conftest.c >&5
configure:5403: $? = 0
configure:5403: result: yes
configure:5418: checking locale.h usability
configure:5418: gcc -c -g -O0  conftest.c >&5
configure:5418: $? = 0
configure:5418: result: yes
configure:5418: checking locale.h presence
configure:5418: gcc -E  conftest.c
configure:5418: $? = 0
configure:5418: result: yes
configure:5418: checking for locale.h
configure:5418: result: yes
configure:5429: checking for LC_MESSAGES
configure:5445: gcc -o conftest -g -O0   conftest.c  >&5
configure:5445: $? = 0
configure:5453: result: yes
configure:5471: checking for CFPreferencesCopyAppValue
configure:5489: gcc -o conftest -g -O0   conftest.c  -Wl,-framework -Wl,CoreFoundation >&5
conftest.c:24:10: fatal error: CoreFoundation/CFPreferences.h: No such file or directory
 #include <CoreFoundation/CFPreferences.h>
          ^~~~~~~~~~~~~~~~~~~~~~~~~~~~~~~~
compilation terminated.
configure:5489: $? = 1
configure: failed program was:
| /* confdefs.h */
| #define PACKAGE_NAME "nisy"
| #define PACKAGE_TARNAME "nisy"
| #define PACKAGE_VERSION "0.1"
| #define PACKAGE_STRING "nisy 0.1"
| #define PACKAGE_BUGREPORT ""
| #define PACKAGE_URL ""
| #define PACKAGE "nisy"
| #define VERSION "0.1"
| #define GETTEXT_PACKAGE "nisy"
| #define STDC_HEADERS 1
| #define HAVE_SYS_TYPES_H 1
| #define HAVE_SYS_STAT_H 1
| #define HAVE_STDLIB_H 1
| #define HAVE_STRING_H 1
| #define HAVE_MEMORY_H 1
| #define HAVE_STRINGS_H 1
| #define HAVE_INTTYPES_H 1
| #define HAVE_STDINT_H 1
| #define HAVE_UNISTD_H 1
| #define HAVE_LOCALE_H 1
| #define HAVE_LC_MESSAGES 1
| /* end confdefs.h.  */
| #include <CoreFoundation/CFPreferences.h>
| int
| main ()
| {
| CFPreferencesCopyAppValue(NULL, NULL)
|   ;
|   return 0;
| }
configure:5498: result: no
configure:5505: checking for CFLocaleCopyCurrent
configure:5523: gcc -o conftest -g -O0   conftest.c  -Wl,-framework -Wl,CoreFoundation >&5
conftest.c:24:10: fatal error: CoreFoundation/CFLocale.h: No such file or directory
 #include <CoreFoundation/CFLocale.h>
          ^~~~~~~~~~~~~~~~~~~~~~~~~~~
compilation terminated.
configure:5523: $? = 1
configure: failed program was:
| /* confdefs.h */
| #define PACKAGE_NAME "nisy"
| #define PACKAGE_TARNAME "nisy"
| #define PACKAGE_VERSION "0.1"
| #define PACKAGE_STRING "nisy 0.1"
| #define PACKAGE_BUGREPORT ""
| #define PACKAGE_URL ""
| #define PACKAGE "nisy"
| #define VERSION "0.1"
| #define GETTEXT_PACKAGE "nisy"
| #define STDC_HEADERS 1
| #define HAVE_SYS_TYPES_H 1
| #define HAVE_SYS_STAT_H 1
| #define HAVE_STDLIB_H 1
| #define HAVE_STRING_H 1
| #define HAVE_MEMORY_H 1
| #define HAVE_STRINGS_H 1
| #define HAVE_INTTYPES_H 1
| #define HAVE_STDINT_H 1
| #define HAVE_UNISTD_H 1
| #define HAVE_LOCALE_H 1
| #define HAVE_LC_MESSAGES 1
| /* end confdefs.h.  */
| #include <CoreFoundation/CFLocale.h>
| int
| main ()
| {
| CFLocaleCopyCurrent();
|   ;
|   return 0;
| }
configure:5532: result: no
configure:5546: checking libintl.h usability
configure:5546: gcc -c -g -O0  conftest.c >&5
configure:5546: $? = 0
configure:5546: result: yes
configure:5546: checking libintl.h presence
configure:5546: gcc -E  conftest.c
configure:5546: $? = 0
configure:5546: result: yes
configure:5546: checking for libintl.h
configure:5546: result: yes
configure:5554: checking for ngettext in libc
configure:5572: gcc -o conftest -g -O0   conftest.c  >&5
configure:5572: $? = 0
configure:5581: result: yes
configure:5585: checking for dgettext in libc
configure:5603: gcc -o conftest -g -O0   conftest.c  >&5
configure:5603: $? = 0
configure:5612: result: yes
configure:5619: checking for bind_textdomain_codeset
configure:5619: gcc -o conftest -g -O0   conftest.c  >&5
configure:5619: $? = 0
configure:5619: result: yes
configure:5895: checking for msgfmt
configure:5922: result: /usr/bin/msgfmt
configure:5933: checking for dcgettext
configure:5933: gcc -o conftest -g -O0   conftest.c   >&5
conftest.c:49:6: warning: conflicting types for built-in function 'dcgettext' [-Wbuiltin-declaration-mismatch]
 char dcgettext ();
      ^~~~~~~~~
configure:5933: $? = 0
configure:5933: result: yes
configure:5943: checking if msgfmt accepts -c
configure:5958: $MSGFMT -c -o /dev/null conftest.foo
conftest.foo:3: warning: header field 'Language' missing in header
configure:5961: $? = 0
configure:5963: result: yes
configure:5973: checking for gmsgfmt
configure:6004: result: /usr/bin/msgfmt
configure:6014: checking for xgettext
configure:6041: result: /usr/bin/xgettext
configure:6060: gcc -o conftest -g -O0   conftest.c   >&5
configure:6060: $? = 0
configure:6233: checking build system type
configure:6247: result: x86_64-pc-linux-gnu
configure:6267: checking host system type
configure:6280: result: x86_64-pc-linux-gnu
configure:6321: checking how to print strings
configure:6348: result: printf
configure:6369: checking for a sed that does not truncate output
configure:6433: result: /bin/sed
configure:6451: checking for fgrep
configure:6513: result: /bin/grep -F
configure:6548: checking for ld used by gcc
configure:6615: result: /usr/bin/ld
configure:6622: checking if the linker (/usr/bin/ld) is GNU ld
configure:6637: result: yes
configure:6649: checking for BSD- or MS-compatible name lister (nm)
configure:6703: result: /usr/bin/nm -B
configure:6833: checking the name lister (/usr/bin/nm -B) interface
configure:6840: gcc -c -g -O0  conftest.c >&5
configure:6843: /usr/bin/nm -B "conftest.o"
configure:6846: output
0000000000000000 B some_variable
configure:6847: result: BSD nm
configure:6850: checking whether ln -s works
configure:6854: result: yes
configure:6862: checking the maximum length of command line arguments
configure:6993: result: 1572864
configure:7041: checking how to convert x86_64-pc-linux-gnu file names to x86_64-pc-linux-gnu format
configure:7081: result: func_convert_file_noop
configure:7088: checking how to convert x86_64-pc-linux-gnu file names to toolchain format
configure:7108: result: func_convert_file_noop
configure:7115: checking for /usr/bin/ld option to reload object files
configure:7122: result: -r
configure:7196: checking for objdump
configure:7212: found /usr/bin/objdump
configure:7223: result: objdump
configure:7255: checking how to recognize dependent libraries
configure:7455: result: pass_all
configure:7540: checking for dlltool
configure:7570: result: no
configure:7600: checking how to associate runtime and link libraries
configure:7627: result: printf %s\n
configure:7687: checking for ar
configure:7703: found /usr/bin/ar
configure:7714: result: ar
configure:7751: checking for archiver @FILE support
configure:7768: gcc -c -g -O0  conftest.c >&5
configure:7768: $? = 0
configure:7771: ar cru libconftest.a @conftest.lst >&5
ar: `u' modifier ignored since `D' is the default (see `U')
configure:7774: $? = 0
configure:7779: ar cru libconftest.a @conftest.lst >&5
ar: `u' modifier ignored since `D' is the default (see `U')
ar: conftest.o: No such file or directory
configure:7782: $? = 1
configure:7781: result: @
configure:7839: checking for strip
configure:7855: found /usr/bin/strip
configure:7866: result: strip
configure:7938: checking for ranlib
configure:7954: found /usr/bin/ranlib
configure:7965: result: ranlib
configure:8067: checking command to parse /usr/bin/nm -B output from gcc object
configure:8220: gcc -c -g -O0  conftest.c >&5
configure:8223: $? = 0
configure:8227: /usr/bin/nm -B conftest.o | sed -n -e 's/^.*[	 ]\([ABCDGIRSTW][ABCDGIRSTW]*\)[	 ][	 ]*\([_A-Za-z][_A-Za-z0-9]*\)$/\1 \2 \2/p' | sed '/ __gnu_lto/d' > conftest.nm
configure:8293: gcc -o conftest -g -O0   conftest.c conftstm.o >&5
configure:8296: $? = 0
configure:8334: result: ok
configure:8381: checking for sysroot
configure:8411: result: no
configure:8418: checking for a working dd
configure:8456: result: /bin/dd
configure:8460: checking how to truncate binary pipes
configure:8475: result: /bin/dd bs=4096 count=1
configure:8611: gcc -c -g -O0  conftest.c >&5
configure:8614: $? = 0
configure:8804: checking for mt
configure:8820: found /bin/mt
configure:8831: result: mt
configure:8854: checking if mt is a manifest tool
configure:8860: mt '-?'
configure:8868: result: no
configure:9542: checking for dlfcn.h
configure:9542: gcc -c -g -O0  conftest.c >&5
configure:9542: $? = 0
configure:9542: result: yes
configure:9809: checking for objdir
configure:9824: result: .libs
configure:10084: checking if gcc supports -fno-rtti -fno-exceptions
configure:10102: gcc -c -g -O0  -fno-rtti -fno-exceptions conftest.c >&5
cc1: warning: command line option '-fno-rtti' is valid for C++/ObjC++ but not for C
configure:10106: $? = 0
configure:10119: result: no
configure:10477: checking for gcc option to produce PIC
configure:10484: result: -fPIC -DPIC
configure:10492: checking if gcc PIC flag -fPIC -DPIC works
configure:10510: gcc -c -g -O0  -fPIC -DPIC -DPIC conftest.c >&5
configure:10514: $? = 0
configure:10527: result: yes
configure:10556: checking if gcc static flag -static works
configure:10584: result: yes
configure:10599: checking if gcc supports -c -o file.o
configure:10620: gcc -c -g -O0  -o out/conftest2.o conftest.c >&5
configure:10624: $? = 0
configure:10646: result: yes
configure:10654: checking if gcc supports -c -o file.o
configure:10701: result: yes
configure:10734: checking whether the gcc linker (/usr/bin/ld -m elf_x86_64) supports shared libraries
configure:11997: result: yes
configure:12034: checking whether -lc should be explicitly linked in
configure:12042: gcc -c -g -O0  conftest.c >&5
configure:12045: $? = 0
configure:12060: gcc -shared  -fPIC -DPIC conftest.o  -v -Wl,-soname -Wl,conftest -o conftest 2\>\&1 \| /bin/grep  -lc  \>/dev/null 2\>\&1
configure:12063: $? = 0
configure:12077: result: no
configure:12237: checking dynamic linker characteristics
configure:12818: gcc -o conftest -g -O0   -Wl,-rpath -Wl,/foo conftest.c  >&5
configure:12818: $? = 0
configure:13067: result: GNU/Linux ld.so
configure:13189: checking how to hardcode library paths into programs
configure:13214: result: immediate
configure:13762: checking whether stripping libraries is possible
configure:13767: result: yes
configure:13802: checking if libtool supports shared libraries
configure:13804: result: yes
configure:13807: checking whether to build shared libraries
configure:13832: result: yes
configure:13835: checking whether to build static libraries
configure:13839: result: yes
configure:10638: checking how to run the C++ preprocessor
configure:10665: g++ -E  conftest.cpp
configure:10665: $? = 0
configure:10679: g++ -E  conftest.cpp
conftest.cpp:30:10: fatal error: ac_nonexistent.h: No such file or directory
 #include <ac_nonexistent.h>
          ^~~~~~~~~~~~~~~~~~
compilation terminated.
configure:10679: $? = 1
configure: failed program was:
| /* confdefs.h */
| #define PACKAGE_NAME "nisy"
| #define PACKAGE_TARNAME "nisy"
| #define PACKAGE_VERSION "0.1"
| #define PACKAGE_STRING "nisy 0.1"
| #define PACKAGE_BUGREPORT ""
| #define PACKAGE_URL ""
| #define PACKAGE "nisy"
| #define VERSION "0.1"
| #define GETTEXT_PACKAGE "nisy"
| #define STDC_HEADERS 1
| #define HAVE_SYS_TYPES_H 1
| #define HAVE_SYS_STAT_H 1
| #define HAVE_STDLIB_H 1
| #define HAVE_STRING_H 1
| #define HAVE_MEMORY_H 1
| #define HAVE_STRINGS_H 1
| #define HAVE_INTTYPES_H 1
| #define HAVE_STDINT_H 1
| #define HAVE_UNISTD_H 1
| #define HAVE_LOCALE_H 1
| #define HAVE_LC_MESSAGES 1
| #define HAVE_BIND_TEXTDOMAIN_CODESET 1
| #define HAVE_GETTEXT 1
| #define HAVE_DCGETTEXT 1
| #define ENABLE_NLS 1
| #define HAVE_DLFCN_H 1
| #define LT_OBJDIR ".libs/"
| /* end confdefs.h.  */
| #include <ac_nonexistent.h>
configure:10704: result: g++ -E
configure:10724: g++ -E  conftest.cpp
configure:10724: $? = 0
configure:10738: g++ -E  conftest.cpp
conftest.cpp:30:10: fatal error: ac_nonexistent.h: No such file or directory
 #include <ac_nonexistent.h>
          ^~~~~~~~~~~~~~~~~~
compilation terminated.
configure:10738: $? = 1
configure: failed program was:
| /* confdefs.h */
| #define PACKAGE_NAME "nisy"
| #define PACKAGE_TARNAME "nisy"
| #define PACKAGE_VERSION "0.1"
| #define PACKAGE_STRING "nisy 0.1"
| #define PACKAGE_BUGREPORT ""
| #define PACKAGE_URL ""
| #define PACKAGE "nisy"
| #define VERSION "0.1"
| #define GETTEXT_PACKAGE "nisy"
| #define STDC_HEADERS 1
| #define HAVE_SYS_TYPES_H 1
| #define HAVE_SYS_STAT_H 1
| #define HAVE_STDLIB_H 1
| #define HAVE_STRING_H 1
| #define HAVE_MEMORY_H 1
| #define HAVE_STRINGS_H 1
| #define HAVE_INTTYPES_H 1
| #define HAVE_STDINT_H 1
| #define HAVE_UNISTD_H 1
| #define HAVE_LOCALE_H 1
| #define HAVE_LC_MESSAGES 1
| #define HAVE_BIND_TEXTDOMAIN_CODESET 1
| #define HAVE_GETTEXT 1
| #define HAVE_DCGETTEXT 1
| #define ENABLE_NLS 1
| #define HAVE_DLFCN_H 1
| #define LT_OBJDIR ".libs/"
| /* end confdefs.h.  */
| #include <ac_nonexistent.h>
configure:10900: checking for ld used by g++
configure:10967: result: /usr/bin/ld -m elf_x86_64
configure:10974: checking if the linker (/usr/bin/ld -m elf_x86_64) is GNU ld
configure:10989: result: yes
configure:11044: checking whether the g++ linker (/usr/bin/ld -m elf_x86_64) supports shared libraries
configure:12117: result: yes
configure:12153: g++ -c -g -O0  conftest.cpp >&5
configure:12156: $? = 0
configure:12637: checking for g++ option to produce PIC
configure:12644: result: -fPIC -DPIC
configure:12652: checking if g++ PIC flag -fPIC -DPIC works
configure:12670: g++ -c -g -O0  -fPIC -DPIC -DPIC conftest.cpp >&5
configure:12674: $? = 0
configure:12687: result: yes
configure:12710: checking if g++ static flag -static works
configure:12738: result: yes
configure:12750: checking if g++ supports -c -o file.o
configure:12771: g++ -c -g -O0  -o out/conftest2.o conftest.cpp >&5
configure:12775: $? = 0
configure:12797: result: yes
configure:12802: checking if g++ supports -c -o file.o
configure:12849: result: yes
configure:12879: checking whether the g++ linker (/usr/bin/ld -m elf_x86_64) supports shared libraries
configure:12922: result: yes
configure:13063: checking dynamic linker characteristics
configure:13820: result: GNU/Linux ld.so
configure:13885: checking how to hardcode library paths into programs
configure:13910: result: immediate
configure:12858: checking for pkg-config
configure:12876: found /usr/bin/pkg-config
configure:12888: result: /usr/bin/pkg-config
configure:12913: checking pkg-config is at least version 0.9.0
configure:12916: result: yes
configure:12926: checking for NISY
configure:12933: $PKG_CONFIG --exists --print-errors "gtkmm-3.0 "
configure:12936: $? = 0
configure:12950: $PKG_CONFIG --exists --print-errors "gtkmm-3.0 "
configure:12953: $? = 0
configure:13011: result: yes
configure:13122: checking that generated files are newer than configure
configure:13128: result: done
configure:13159: creating ./config.status

## ---------------------- ##
## Running config.status. ##
## ---------------------- ##

This file was extended by nisy config.status 0.1, which was
generated by GNU Autoconf 2.69.  Invocation command line was

  CONFIG_FILES    = 
  CONFIG_HEADERS  = 
  CONFIG_LINKS    = 
  CONFIG_COMMANDS = 
  $ ./config.status 

on nisy-matebook

config.status:1237: creating Makefile
config.status:1237: creating src/Makefile
config.status:1237: creating po/Makefile.in
config.status:1237: creating config.h
config.status:1451: executing depfiles commands
config.status:1528: cd src       && sed -e '/# am--include-marker/d' Makefile         | make -f - am--depfiles
config.status:1533: $? = 0
config.status:1451: executing default-1 commands
config.status:1451: executing libtool commands
config.status:1451: executing po/stamp-it commands
configure:15591: WARNING: unrecognized options: --enable-maintainer-mode

## ---------------- ##
## Cache variables. ##
## ---------------- ##

ac_cv_build=x86_64-pc-linux-gnu
ac_cv_c_compiler_gnu=yes
ac_cv_cxx_compiler_gnu=yes
ac_cv_env_CCC_set=
ac_cv_env_CCC_value=
ac_cv_env_CC_set=
ac_cv_env_CC_value=
ac_cv_env_CFLAGS_set=set
ac_cv_env_CFLAGS_value='-g -O0'
ac_cv_env_CPPFLAGS_set=
ac_cv_env_CPPFLAGS_value=
ac_cv_env_CPP_set=
ac_cv_env_CPP_value=
ac_cv_env_CXXCPP_set=
ac_cv_env_CXXCPP_value=
ac_cv_env_CXXFLAGS_set=set
ac_cv_env_CXXFLAGS_value='-g -O0'
ac_cv_env_CXX_set=
ac_cv_env_CXX_value=
ac_cv_env_LDFLAGS_set=
ac_cv_env_LDFLAGS_value=
ac_cv_env_LIBS_set=
ac_cv_env_LIBS_value=
ac_cv_env_LT_SYS_LIBRARY_PATH_set=
ac_cv_env_LT_SYS_LIBRARY_PATH_value=
ac_cv_env_NISY_CFLAGS_set=
ac_cv_env_NISY_CFLAGS_value=
ac_cv_env_NISY_LIBS_set=
ac_cv_env_NISY_LIBS_value=
ac_cv_env_PKG_CONFIG_LIBDIR_set=
ac_cv_env_PKG_CONFIG_LIBDIR_value=
ac_cv_env_PKG_CONFIG_PATH_set=
ac_cv_env_PKG_CONFIG_PATH_value=
ac_cv_env_PKG_CONFIG_set=
ac_cv_env_PKG_CONFIG_value=
ac_cv_env_build_alias_set=
ac_cv_env_build_alias_value=
ac_cv_env_host_alias_set=
ac_cv_env_host_alias_value=
ac_cv_env_target_alias_set=
ac_cv_env_target_alias_value=
ac_cv_func_bind_textdomain_codeset=yes
ac_cv_func_dcgettext=yes
ac_cv_header_dlfcn_h=yes
ac_cv_header_inttypes_h=yes
ac_cv_header_libintl_h=yes
ac_cv_header_locale_h=yes
ac_cv_header_memory_h=yes
ac_cv_header_stdc=yes
ac_cv_header_stdint_h=yes
ac_cv_header_stdlib_h=yes
ac_cv_header_string_h=yes
ac_cv_header_strings_h=yes
ac_cv_header_sys_stat_h=yes
ac_cv_header_sys_types_h=yes
ac_cv_header_unistd_h=yes
ac_cv_host=x86_64-pc-linux-gnu
ac_cv_objext=o
ac_cv_path_EGREP='/bin/grep -E'
ac_cv_path_FGREP='/bin/grep -F'
ac_cv_path_GMSGFMT=/usr/bin/msgfmt
ac_cv_path_GREP=/bin/grep
ac_cv_path_INTLTOOL_EXTRACT=/usr/bin/intltool-extract
ac_cv_path_INTLTOOL_MERGE=/usr/bin/intltool-merge
ac_cv_path_INTLTOOL_PERL=/usr/bin/perl
ac_cv_path_INTLTOOL_UPDATE=/usr/bin/intltool-update
ac_cv_path_MSGFMT=/usr/bin/msgfmt
ac_cv_path_MSGMERGE=/usr/bin/msgmerge
ac_cv_path_SED=/bin/sed
ac_cv_path_XGETTEXT=/usr/bin/xgettext
ac_cv_path_ac_pt_PKG_CONFIG=/usr/bin/pkg-config
ac_cv_path_install='/usr/bin/install -c'
ac_cv_path_lt_DD=/bin/dd
ac_cv_path_mkdir=/bin/mkdir
ac_cv_prog_AWK=gawk
ac_cv_prog_CPP='gcc -E'
ac_cv_prog_CXXCPP='g++ -E'
ac_cv_prog_ac_ct_AR=ar
ac_cv_prog_ac_ct_CC=gcc
ac_cv_prog_ac_ct_CXX=g++
ac_cv_prog_ac_ct_MANIFEST_TOOL=mt
ac_cv_prog_ac_ct_OBJDUMP=objdump
ac_cv_prog_ac_ct_RANLIB=ranlib
ac_cv_prog_ac_ct_STRIP=strip
ac_cv_prog_cc_c89=
ac_cv_prog_cc_g=yes
ac_cv_prog_cxx_g=yes
ac_cv_prog_make_make_set=yes
am_cv_CC_dependencies_compiler_type=gcc3
am_cv_CXX_dependencies_compiler_type=gcc3
am_cv_make_support_nested_variables=yes
am_cv_prog_cc_c_o=yes
am_cv_val_LC_MESSAGES=yes
gt_cv_func_CFLocaleCopyCurrent=no
gt_cv_func_CFPreferencesCopyAppValue=no
gt_cv_func_dgettext_libc=yes
gt_cv_func_dgettext_libintl=no
gt_cv_func_ngettext_libc=yes
gt_cv_have_gettext=yes
lt_cv_ar_at_file=@
lt_cv_archive_cmds_need_lc=no
lt_cv_deplibs_check_method=pass_all
lt_cv_file_magic_cmd='$MAGIC_CMD'
lt_cv_file_magic_test_file=
lt_cv_ld_reload_flag=-r
lt_cv_nm_interface='BSD nm'
lt_cv_objdir=.libs
lt_cv_path_LD=/usr/bin/ld
lt_cv_path_LDCXX='/usr/bin/ld -m elf_x86_64'
lt_cv_path_NM='/usr/bin/nm -B'
lt_cv_path_mainfest_tool=no
lt_cv_prog_compiler_c_o=yes
lt_cv_prog_compiler_c_o_CXX=yes
lt_cv_prog_compiler_pic='-fPIC -DPIC'
lt_cv_prog_compiler_pic_CXX='-fPIC -DPIC'
lt_cv_prog_compiler_pic_works=yes
lt_cv_prog_compiler_pic_works_CXX=yes
lt_cv_prog_compiler_rtti_exceptions=no
lt_cv_prog_compiler_static_works=yes
lt_cv_prog_compiler_static_works_CXX=yes
lt_cv_prog_gnu_ld=yes
lt_cv_prog_gnu_ldcxx=yes
lt_cv_sharedlib_from_linklib_cmd='printf %s\n'
lt_cv_shlibpath_overrides_runpath=yes
lt_cv_sys_global_symbol_pipe='sed -n -e '\''s/^.*[	 ]\([ABCDGIRSTW][ABCDGIRSTW]*\)[	 ][	 ]*\([_A-Za-z][_A-Za-z0-9]*\)$/\1 \2 \2/p'\'' | sed '\''/ __gnu_lto/d'\'''
lt_cv_sys_global_symbol_to_c_name_address='sed -n -e '\''s/^: \(.*\) .*$/  {"\1", (void *) 0},/p'\'' -e '\''s/^[ABCDGIRSTW][ABCDGIRSTW]* .* \(.*\)$/  {"\1", (void *) \&\1},/p'\'''
lt_cv_sys_global_symbol_to_c_name_address_lib_prefix='sed -n -e '\''s/^: \(.*\) .*$/  {"\1", (void *) 0},/p'\'' -e '\''s/^[ABCDGIRSTW][ABCDGIRSTW]* .* \(lib.*\)$/  {"\1", (void *) \&\1},/p'\'' -e '\''s/^[ABCDGIRSTW][ABCDGIRSTW]* .* \(.*\)$/  {"lib\1", (void *) \&\1},/p'\'''
lt_cv_sys_global_symbol_to_cdecl='sed -n -e '\''s/^T .* \(.*\)$/extern int \1();/p'\'' -e '\''s/^[ABCDGIRSTW][ABCDGIRSTW]* .* \(.*\)$/extern char \1;/p'\'''
lt_cv_sys_global_symbol_to_import=
lt_cv_sys_max_cmd_len=1572864
lt_cv_to_host_file_cmd=func_convert_file_noop
lt_cv_to_tool_file_cmd=func_convert_file_noop
lt_cv_truncate_bin='/bin/dd bs=4096 count=1'
pkg_cv_NISY_CFLAGS='-pthread -I/usr/include/gtkmm-3.0 -I/usr/lib/x86_64-linux-gnu/gtkmm-3.0/include -I/usr/include/atkmm-1.6 -I/usr/include/gtk-3.0/unix-print -I/usr/include/gdkmm-3.0 -I/usr/lib/x86_64-linux-gnu/gdkmm-3.0/include -I/usr/include/giomm-2.4 -I/usr/lib/x86_64-linux-gnu/giomm-2.4/include -I/usr/include/pangomm-1.4 -I/usr/lib/x86_64-linux-gnu/pangomm-1.4/include -I/usr/include/glibmm-2.4 -I/usr/lib/x86_64-linux-gnu/glibmm-2.4/include -I/usr/include/gtk-3.0 -I/usr/include/at-spi2-atk/2.0 -I/usr/include/at-spi-2.0 -I/usr/include/dbus-1.0 -I/usr/lib/x86_64-linux-gnu/dbus-1.0/include -I/usr/include/gtk-3.0 -I/usr/include/gio-unix-2.0 -I/usr/include/cairo -I/usr/include/libdrm -I/usr/include/pango-1.0 -I/usr/include/harfbuzz -I/usr/include/pango-1.0 -I/usr/include/fribidi -I/usr/include/atk-1.0 -I/usr/include/cairo -I/usr/include/cairomm-1.0 -I/usr/lib/x86_64-linux-gnu/cairomm-1.0/include -I/usr/include/cairo -I/usr/include/pixman-1 -I/usr/include/freetype2 -I/usr/include/libpng16 -I/usr/include/sigc++-2.0 -I/usr/lib/x86_64-linux-gnu/sigc++-2.0/include -I/usr/include/gdk-pixbuf-2.0 -I/usr/include/libmount -I/usr/include/blkid -I/usr/include/uuid -I/usr/include/glib-2.0 -I/usr/lib/x86_64-linux-gnu/glib-2.0/include'
pkg_cv_NISY_LIBS='-lgtkmm-3.0 -latkmm-1.6 -lgdkmm-3.0 -lgiomm-2.4 -lpangomm-1.4 -lglibmm-2.4 -lgtk-3 -lgdk-3 -lpangocairo-1.0 -lpango-1.0 -latk-1.0 -lcairo-gobject -lgio-2.0 -lcairomm-1.0 -lcairo -lsigc-2.0 -lgdk_pixbuf-2.0 -lgobject-2.0 -lglib-2.0'

## ----------------- ##
## Output variables. ##
## ----------------- ##

ACLOCAL='${SHELL} /media/nisy/win_tech_E/_Technology/95_code/_IDE_default_project/anjuta_gtkmm_simple/missing aclocal-1.16'
ALL_LINGUAS=''
AMDEPBACKSLASH='\'
AMDEP_FALSE='#'
AMDEP_TRUE=''
AMTAR='$${TAR-tar}'
AM_BACKSLASH='\'
AM_DEFAULT_V='$(AM_DEFAULT_VERBOSITY)'
AM_DEFAULT_VERBOSITY='0'
AM_V='$(V)'
AR='ar'
AUTOCONF='${SHELL} /media/nisy/win_tech_E/_Technology/95_code/_IDE_default_project/anjuta_gtkmm_simple/missing autoconf'
AUTOHEADER='${SHELL} /media/nisy/win_tech_E/_Technology/95_code/_IDE_default_project/anjuta_gtkmm_simple/missing autoheader'
AUTOMAKE='${SHELL} /media/nisy/win_tech_E/_Technology/95_code/_IDE_default_project/anjuta_gtkmm_simple/missing automake-1.16'
AWK='gawk'
CATALOGS=''
CATOBJEXT='.gmo'
CC='gcc'
CCDEPMODE='depmode=gcc3'
CFLAGS='-g -O0'
CPP='gcc -E'
CPPFLAGS=''
CXX='g++'
CXXCPP='g++ -E'
CXXDEPMODE='depmode=gcc3'
CXXFLAGS='-g -O0'
CYGPATH_W='echo'
DATADIRNAME='share'
DEFS='-DHAVE_CONFIG_H'
DEPDIR='.deps'
DLLTOOL='false'
DSYMUTIL=''
DUMPBIN=''
ECHO_C=''
ECHO_N='-n'
ECHO_T=''
EGREP='/bin/grep -E'
EXEEXT=''
FGREP='/bin/grep -F'
GETTEXT_PACKAGE='nisy'
GMOFILES=''
GMSGFMT='/usr/bin/msgfmt'
GREP='/bin/grep'
INSTALL_DATA='${INSTALL} -m 644'
INSTALL_PROGRAM='${INSTALL}'
INSTALL_SCRIPT='${INSTALL}'
INSTALL_STRIP_PROGRAM='$(install_sh) -c -s'
INSTOBJEXT='.mo'
INTLLIBS=''
INTLTOOL_CAVES_RULE='%.caves:     %.caves.in     $(INTLTOOL_MERGE) $(wildcard $(top_srcdir)/po/*.po) ; $(INTLTOOL_V_MERGE)LC_ALL=C $(INTLTOOL_MERGE) $(INTLTOOL_V_MERGE_OPTIONS) -d -u -c $(top_builddir)/po/.intltool-merge-cache $(top_srcdir)/po $< $@'
INTLTOOL_DESKTOP_RULE='%.desktop:   %.desktop.in   $(INTLTOOL_MERGE) $(wildcard $(top_srcdir)/po/*.po) ; $(INTLTOOL_V_MERGE)LC_ALL=C $(INTLTOOL_MERGE) $(INTLTOOL_V_MERGE_OPTIONS) -d -u -c $(top_builddir)/po/.intltool-merge-cache $(top_srcdir)/po $< $@'
INTLTOOL_DIRECTORY_RULE='%.directory: %.directory.in $(INTLTOOL_MERGE) $(wildcard $(top_srcdir)/po/*.po) ; $(INTLTOOL_V_MERGE)LC_ALL=C $(INTLTOOL_MERGE) $(INTLTOOL_V_MERGE_OPTIONS) -d -u -c $(top_builddir)/po/.intltool-merge-cache $(top_srcdir)/po $< $@'
INTLTOOL_EXTRACT='/usr/bin/intltool-extract'
INTLTOOL_KBD_RULE='%.kbd:       %.kbd.in       $(INTLTOOL_MERGE) $(wildcard $(top_srcdir)/po/*.po) ; $(INTLTOOL_V_MERGE)LC_ALL=C $(INTLTOOL_MERGE) $(INTLTOOL_V_MERGE_OPTIONS) -x -u -m -c $(top_builddir)/po/.intltool-merge-cache $(top_srcdir)/po $< $@'
INTLTOOL_KEYS_RULE='%.keys:      %.keys.in      $(INTLTOOL_MERGE) $(wildcard $(top_srcdir)/po/*.po) ; $(INTLTOOL_V_MERGE)LC_ALL=C $(INTLTOOL_MERGE) $(INTLTOOL_V_MERGE_OPTIONS) -k -u -c $(top_builddir)/po/.intltool-merge-cache $(top_srcdir)/po $< $@'
INTLTOOL_MERGE='/usr/bin/intltool-merge'
INTLTOOL_OAF_RULE='%.oaf:       %.oaf.in       $(INTLTOOL_MERGE) $(wildcard $(top_srcdir)/po/*.po) ; $(INTLTOOL_V_MERGE)LC_ALL=C $(INTLTOOL_MERGE) $(INTLTOOL_V_MERGE_OPTIONS) -o -p $(top_srcdir)/po $< $@'
INTLTOOL_PERL='/usr/bin/perl'
INTLTOOL_POLICY_RULE='%.policy:    %.policy.in    $(INTLTOOL_MERGE) $(wildcard $(top_srcdir)/po/*.po) ; $(INTLTOOL_V_MERGE)LC_ALL=C $(INTLTOOL_MERGE) $(INTLTOOL_V_MERGE_OPTIONS) -x -u -c $(top_builddir)/po/.intltool-merge-cache $(top_srcdir)/po $< $@'
INTLTOOL_PONG_RULE='%.pong:      %.pong.in      $(INTLTOOL_MERGE) $(wildcard $(top_srcdir)/po/*.po) ; $(INTLTOOL_V_MERGE)LC_ALL=C $(INTLTOOL_MERGE) $(INTLTOOL_V_MERGE_OPTIONS) -x -u -c $(top_builddir)/po/.intltool-merge-cache $(top_srcdir)/po $< $@'
INTLTOOL_PROP_RULE='%.prop:      %.prop.in      $(INTLTOOL_MERGE) $(wildcard $(top_srcdir)/po/*.po) ; $(INTLTOOL_V_MERGE)LC_ALL=C $(INTLTOOL_MERGE) $(INTLTOOL_V_MERGE_OPTIONS) -d -u -c $(top_builddir)/po/.intltool-merge-cache $(top_srcdir)/po $< $@'
INTLTOOL_SCHEMAS_RULE='%.schemas:   %.schemas.in   $(INTLTOOL_MERGE) $(wildcard $(top_srcdir)/po/*.po) ; $(INTLTOOL_V_MERGE)LC_ALL=C $(INTLTOOL_MERGE) $(INTLTOOL_V_MERGE_OPTIONS) -s -u -c $(top_builddir)/po/.intltool-merge-cache $(top_srcdir)/po $< $@'
INTLTOOL_SERVER_RULE='%.server:    %.server.in    $(INTLTOOL_MERGE) $(wildcard $(top_srcdir)/po/*.po) ; $(INTLTOOL_V_MERGE)LC_ALL=C $(INTLTOOL_MERGE) $(INTLTOOL_V_MERGE_OPTIONS) -o -u -c $(top_builddir)/po/.intltool-merge-cache $(top_srcdir)/po $< $@'
INTLTOOL_SERVICE_RULE='%.service: %.service.in   $(INTLTOOL_MERGE) $(wildcard $(top_srcdir)/po/*.po) ; $(INTLTOOL_V_MERGE)LC_ALL=C $(INTLTOOL_MERGE) $(INTLTOOL_V_MERGE_OPTIONS) -d -u -c $(top_builddir)/po/.intltool-merge-cache $(top_srcdir)/po $< $@'
INTLTOOL_SHEET_RULE='%.sheet:     %.sheet.in     $(INTLTOOL_MERGE) $(wildcard $(top_srcdir)/po/*.po) ; $(INTLTOOL_V_MERGE)LC_ALL=C $(INTLTOOL_MERGE) $(INTLTOOL_V_MERGE_OPTIONS) -x -u -c $(top_builddir)/po/.intltool-merge-cache $(top_srcdir)/po $< $@'
INTLTOOL_SOUNDLIST_RULE='%.soundlist: %.soundlist.in $(INTLTOOL_MERGE) $(wildcard $(top_srcdir)/po/*.po) ; $(INTLTOOL_V_MERGE)LC_ALL=C $(INTLTOOL_MERGE) $(INTLTOOL_V_MERGE_OPTIONS) -d -u -c $(top_builddir)/po/.intltool-merge-cache $(top_srcdir)/po $< $@'
INTLTOOL_THEME_RULE='%.theme:     %.theme.in     $(INTLTOOL_MERGE) $(wildcard $(top_srcdir)/po/*.po) ; $(INTLTOOL_V_MERGE)LC_ALL=C $(INTLTOOL_MERGE) $(INTLTOOL_V_MERGE_OPTIONS) -d -u -c $(top_builddir)/po/.intltool-merge-cache $(top_srcdir)/po $< $@'
INTLTOOL_UI_RULE='%.ui:        %.ui.in        $(INTLTOOL_MERGE) $(wildcard $(top_srcdir)/po/*.po) ; $(INTLTOOL_V_MERGE)LC_ALL=C $(INTLTOOL_MERGE) $(INTLTOOL_V_MERGE_OPTIONS) -x -u -c $(top_builddir)/po/.intltool-merge-cache $(top_srcdir)/po $< $@'
INTLTOOL_UPDATE='/usr/bin/intltool-update'
INTLTOOL_V_MERGE='$(INTLTOOL__v_MERGE_$(V))'
INTLTOOL_V_MERGE_OPTIONS='$(intltool__v_merge_options_$(V))'
INTLTOOL_XAM_RULE='%.xam:       %.xml.in       $(INTLTOOL_MERGE) $(wildcard $(top_srcdir)/po/*.po) ; $(INTLTOOL_V_MERGE)LC_ALL=C $(INTLTOOL_MERGE) $(INTLTOOL_V_MERGE_OPTIONS) -x -u -c $(top_builddir)/po/.intltool-merge-cache $(top_srcdir)/po $< $@'
INTLTOOL_XML_NOMERGE_RULE='%.xml:       %.xml.in       $(INTLTOOL_MERGE) ; $(INTLTOOL_V_MERGE)LC_ALL=C $(INTLTOOL_MERGE) $(INTLTOOL_V_MERGE_OPTIONS) -x -u --no-translations $< $@'
INTLTOOL_XML_RULE='%.xml:       %.xml.in       $(INTLTOOL_MERGE) $(wildcard $(top_srcdir)/po/*.po) ; $(INTLTOOL_V_MERGE)LC_ALL=C $(INTLTOOL_MERGE) $(INTLTOOL_V_MERGE_OPTIONS) -x -u -c $(top_builddir)/po/.intltool-merge-cache $(top_srcdir)/po $< $@'
INTLTOOL__v_MERGE_0='@echo "  ITMRG " $@;'
INTLTOOL__v_MERGE_='$(INTLTOOL__v_MERGE_$(AM_DEFAULT_VERBOSITY))'
INTL_MACOSX_LIBS=''
LD='/usr/bin/ld -m elf_x86_64'
LDFLAGS=''
LIBOBJS=''
LIBS=''
LIBTOOL='$(SHELL) $(top_builddir)/libtool'
LIPO=''
LN_S='ln -s'
LTLIBOBJS=''
LT_SYS_LIBRARY_PATH=''
MAKEINFO='${SHELL} /media/nisy/win_tech_E/_Technology/95_code/_IDE_default_project/anjuta_gtkmm_simple/missing makeinfo'
MANIFEST_TOOL=':'
MKDIR_P='/bin/mkdir -p'
MKINSTALLDIRS='/media/nisy/win_tech_E/_Technology/95_code/_IDE_default_project/anjuta_gtkmm_simple/mkinstalldirs'
MSGFMT='/usr/bin/msgfmt'
MSGFMT_OPTS='-c'
MSGMERGE='/usr/bin/msgmerge'
NISY_CFLAGS='-pthread -I/usr/include/gtkmm-3.0 -I/usr/lib/x86_64-linux-gnu/gtkmm-3.0/include -I/usr/include/atkmm-1.6 -I/usr/include/gtk-3.0/unix-print -I/usr/include/gdkmm-3.0 -I/usr/lib/x86_64-linux-gnu/gdkmm-3.0/include -I/usr/include/giomm-2.4 -I/usr/lib/x86_64-linux-gnu/giomm-2.4/include -I/usr/include/pangomm-1.4 -I/usr/lib/x86_64-linux-gnu/pangomm-1.4/include -I/usr/include/glibmm-2.4 -I/usr/lib/x86_64-linux-gnu/glibmm-2.4/include -I/usr/include/gtk-3.0 -I/usr/include/at-spi2-atk/2.0 -I/usr/include/at-spi-2.0 -I/usr/include/dbus-1.0 -I/usr/lib/x86_64-linux-gnu/dbus-1.0/include -I/usr/include/gtk-3.0 -I/usr/include/gio-unix-2.0 -I/usr/include/cairo -I/usr/include/libdrm -I/usr/include/pango-1.0 -I/usr/include/harfbuzz -I/usr/include/pango-1.0 -I/usr/include/fribidi -I/usr/include/atk-1.0 -I/usr/include/cairo -I/usr/include/cairomm-1.0 -I/usr/lib/x86_64-linux-gnu/cairomm-1.0/include -I/usr/include/cairo -I/usr/include/pixman-1 -I/usr/include/freetype2 -I/usr/include/libpng16 -I/usr/include/sigc++-2.0 -I/usr/lib/x86_64-linux-gnu/sigc++-2.0/include -I/usr/include/gdk-pixbuf-2.0 -I/usr/include/libmount -I/usr/include/blkid -I/usr/include/uuid -I/usr/include/glib-2.0 -I/usr/lib/x86_64-linux-gnu/glib-2.0/include'
NISY_LIBS='-lgtkmm-3.0 -latkmm-1.6 -lgdkmm-3.0 -lgiomm-2.4 -lpangomm-1.4 -lglibmm-2.4 -lgtk-3 -lgdk-3 -lpangocairo-1.0 -lpango-1.0 -latk-1.0 -lcairo-gobject -lgio-2.0 -lcairomm-1.0 -lcairo -lsigc-2.0 -lgdk_pixbuf-2.0 -lgobject-2.0 -lglib-2.0'
NM='/usr/bin/nm -B'
NMEDIT=''
OBJDUMP='objdump'
OBJEXT='o'
OTOOL64=''
OTOOL=''
PACKAGE='nisy'
PACKAGE_BUGREPORT=''
PACKAGE_NAME='nisy'
PACKAGE_STRING='nisy 0.1'
PACKAGE_TARNAME='nisy'
PACKAGE_URL=''
PACKAGE_VERSION='0.1'
PATH_SEPARATOR=':'
PKG_CONFIG='/usr/bin/pkg-config'
PKG_CONFIG_LIBDIR=''
PKG_CONFIG_PATH=''
POFILES=''
POSUB='po'
PO_IN_DATADIR_FALSE=''
PO_IN_DATADIR_TRUE=''
RANLIB='ranlib'
SED='/bin/sed'
SET_MAKE=''
SHELL='/bin/bash'
STRIP='strip'
USE_NLS='yes'
VERSION='0.1'
XGETTEXT='/usr/bin/xgettext'
ac_ct_AR='ar'
ac_ct_CC='gcc'
ac_ct_CXX='g++'
ac_ct_DUMPBIN=''
am__EXEEXT_FALSE=''
am__EXEEXT_TRUE='#'
am__fastdepCC_FALSE='#'
am__fastdepCC_TRUE=''
am__fastdepCXX_FALSE='#'
am__fastdepCXX_TRUE=''
am__include='include'
am__isrc=' -I$(srcdir)'
am__leading_dot='.'
am__nodep='_no'
am__quote=''
am__tar='$${TAR-tar} chof - "$$tardir"'
am__untar='$${TAR-tar} xf -'
bindir='${exec_prefix}/bin'
build='x86_64-pc-linux-gnu'
build_alias=''
build_cpu='x86_64'
build_os='linux-gnu'
build_vendor='pc'
datadir='${datarootdir}'
datarootdir='${prefix}/share'
docdir='${datarootdir}/doc/${PACKAGE_TARNAME}'
dvidir='${docdir}'
exec_prefix='${prefix}'
host='x86_64-pc-linux-gnu'
host_alias=''
host_cpu='x86_64'
host_os='linux-gnu'
host_vendor='pc'
htmldir='${docdir}'
includedir='${prefix}/include'
infodir='${datarootdir}/info'
install_sh='${SHELL} /media/nisy/win_tech_E/_Technology/95_code/_IDE_default_project/anjuta_gtkmm_simple/install-sh'
intltool__v_merge_options_0='-q'
intltool__v_merge_options_='$(intltool__v_merge_options_$(AM_DEFAULT_VERBOSITY))'
libdir='${exec_prefix}/lib'
libexecdir='${exec_prefix}/libexec'
localedir='${datarootdir}/locale'
localstatedir='${prefix}/var'
mandir='${datarootdir}/man'
mkdir_p='$(MKDIR_P)'
oldincludedir='/usr/include'
pdfdir='${docdir}'
prefix='/usr/local'
program_transform_name='s,x,x,'
psdir='${docdir}'
runstatedir='${localstatedir}/run'
sbindir='${exec_prefix}/sbin'
sharedstatedir='${prefix}/com'
sysconfdir='${prefix}/etc'
target_alias=''

## ----------- ##
## confdefs.h. ##
## ----------- ##

/* confdefs.h */
#define PACKAGE_NAME "nisy"
#define PACKAGE_TARNAME "nisy"
#define PACKAGE_VERSION "0.1"
#define PACKAGE_STRING "nisy 0.1"
#define PACKAGE_BUGREPORT ""
#define PACKAGE_URL ""
#define PACKAGE "nisy"
#define VERSION "0.1"
#define GETTEXT_PACKAGE "nisy"
#define STDC_HEADERS 1
#define HAVE_SYS_TYPES_H 1
#define HAVE_SYS_STAT_H 1
#define HAVE_STDLIB_H 1
#define HAVE_STRING_H 1
#define HAVE_MEMORY_H 1
#define HAVE_STRINGS_H 1
#define HAVE_INTTYPES_H 1
#define HAVE_STDINT_H 1
#define HAVE_UNISTD_H 1
#define HAVE_LOCALE_H 1
#define HAVE_LC_MESSAGES 1
#define HAVE_BIND_TEXTDOMAIN_CODESET 1
#define HAVE_GETTEXT 1
#define HAVE_DCGETTEXT 1
#define ENABLE_NLS 1
#define HAVE_DLFCN_H 1
#define LT_OBJDIR ".libs/"

configure: exit 0
