This file contains any messages produced by compilers while
running configure, to aid debugging if configure makes a mistake.

It was created by _general1_ configure 0.1, which was
generated by GNU Autoconf 2.69.  Invocation command line was

  $ ./configure 

## --------- ##
## Platform. ##
## --------- ##

hostname = nsiy-pc
uname -m = x86_64
uname -r = 4.19.88-1-MANJARO
uname -s = Linux
uname -v = #1 SMP PREEMPT Thu Dec 5 11:04:44 UTC 2019

/usr/bin/uname -p = unknown
/bin/uname -X     = unknown

/bin/arch              = unknown
/usr/bin/arch -k       = unknown
/usr/convex/getsysinfo = unknown
/usr/bin/hostinfo      = unknown
/bin/machine           = unknown
/usr/bin/oslevel       = unknown
/bin/universe          = unknown

PATH: /home/nsiy/.local/bin
PATH: /usr/local/bin
PATH: /usr/bin
PATH: /bin
PATH: /usr/local/sbin
PATH: /usr/lib/jvm/default/bin
PATH: /usr/bin/site_perl
PATH: /usr/bin/vendor_perl
PATH: /usr/bin/core_perl
PATH: /var/lib/snapd/snap/bin


## ----------- ##
## Core tests. ##
## ----------- ##

configure:2301: checking for a BSD-compatible install
configure:2369: result: /usr/bin/install -c
configure:2380: checking whether build environment is sane
configure:2435: result: yes
configure:2584: checking for a thread-safe mkdir -p
configure:2623: result: /usr/bin/mkdir -p
configure:2630: checking for gawk
configure:2646: found /usr/bin/gawk
configure:2657: result: gawk
configure:2668: checking whether make sets $(MAKE)
configure:2690: result: yes
configure:2719: checking whether make supports nested variables
configure:2736: result: yes
configure:2874: checking whether make supports nested variables
configure:2891: result: yes
configure:2951: checking for gcc
configure:2967: found /usr/bin/gcc
configure:2978: result: gcc
configure:3207: checking for C compiler version
configure:3216: gcc --version >&5
gcc (GCC) 9.2.0
Copyright (C) 2019 Free Software Foundation, Inc.
This is free software; see the source for copying conditions.  There is NO
warranty; not even for MERCHANTABILITY or FITNESS FOR A PARTICULAR PURPOSE.

configure:3227: $? = 0
configure:3216: gcc -v >&5
Using built-in specs.
COLLECT_GCC=gcc
COLLECT_LTO_WRAPPER=/usr/lib/gcc/x86_64-pc-linux-gnu/9.2.0/lto-wrapper
Target: x86_64-pc-linux-gnu
Configured with: /build/gcc/src/gcc/configure --prefix=/usr --libdir=/usr/lib --libexecdir=/usr/lib --mandir=/usr/share/man --infodir=/usr/share/info --with-bugurl=https://bugs.archlinux.org/ --enable-languages=c,c++,ada,fortran,go,lto,objc,obj-c++,d --enable-shared --enable-threads=posix --with-system-zlib --with-isl --enable-__cxa_atexit --disable-libunwind-exceptions --enable-clocale=gnu --disable-libstdcxx-pch --disable-libssp --enable-gnu-unique-object --enable-linker-build-id --enable-lto --enable-plugin --enable-install-libiberty --with-linker-hash-style=gnu --enable-gnu-indirect-function --enable-multilib --disable-werror --enable-checking=release --enable-default-pie --enable-default-ssp --enable-cet=auto gdc_include_dir=/usr/include/dlang/gdc
Thread model: posix
gcc version 9.2.0 (GCC) 
configure:3227: $? = 0
configure:3216: gcc -V >&5
gcc: error: unrecognized command line option '-V'
gcc: fatal error: no input files
compilation terminated.
configure:3227: $? = 1
configure:3216: gcc -qversion >&5
gcc: error: unrecognized command line option '-qversion'; did you mean '--version'?
gcc: fatal error: no input files
compilation terminated.
configure:3227: $? = 1
configure:3247: checking whether the C compiler works
configure:3269: gcc    conftest.c  >&5
configure:3273: $? = 0
configure:3321: result: yes
configure:3324: checking for C compiler default output file name
configure:3326: result: a.out
configure:3332: checking for suffix of executables
configure:3339: gcc -o conftest    conftest.c  >&5
configure:3343: $? = 0
configure:3365: result: 
configure:3387: checking whether we are cross compiling
configure:3395: gcc -o conftest    conftest.c  >&5
configure:3399: $? = 0
configure:3406: ./conftest
configure:3410: $? = 0
configure:3398: result: no
configure:3403: checking for suffix of object files
configure:3425: gcc -c   conftest.c >&5
configure:3429: $? = 0
configure:3450: result: o
configure:3454: checking whether we are using the GNU C compiler
configure:3473: gcc -c   conftest.c >&5
configure:3473: $? = 0
configure:3482: result: yes
configure:3491: checking whether gcc accepts -g
configure:3511: gcc -c -g  conftest.c >&5
configure:3511: $? = 0
configure:3552: result: yes
configure:3569: checking for gcc option to accept ISO C89
configure:3632: gcc  -c -g -O2  conftest.c >&5
configure:3632: $? = 0
configure:3645: result: none needed
configure:3670: checking whether gcc understands -c and -o together
configure:3692: gcc -c conftest.c -o conftest2.o
configure:3695: $? = 0
configure:3692: gcc -c conftest.c -o conftest2.o
configure:3695: $? = 0
configure:3707: result: yes
configure:3727: checking whether make supports the include directive
configure:3742: make -f confmf.GNU && cat confinc.out
this is the am__doit target
configure:3745: $? = 0
configure:3764: result: yes (GNU style)
configure:3789: checking dependency style of gcc
configure:3900: result: gcc3
configure:3920: checking whether NLS is requested
configure:3929: result: yes
configure:3947: checking for intltool >= 0.35.0
configure:3949: result: 0.51.0 found
configure:3957: checking for intltool-update
configure:3975: found /usr/bin/intltool-update
configure:3987: result: /usr/bin/intltool-update
configure:3997: checking for intltool-merge
configure:4015: found /usr/bin/intltool-merge
configure:4027: result: /usr/bin/intltool-merge
configure:4037: checking for intltool-extract
configure:4055: found /usr/bin/intltool-extract
configure:4067: result: /usr/bin/intltool-extract
configure:4221: checking for xgettext
configure:4239: found /usr/bin/xgettext
configure:4251: result: /usr/bin/xgettext
configure:4261: checking for msgmerge
configure:4279: found /usr/bin/msgmerge
configure:4291: result: /usr/bin/msgmerge
configure:4301: checking for msgfmt
configure:4319: found /usr/bin/msgfmt
configure:4331: result: /usr/bin/msgfmt
configure:4341: checking for gmsgfmt
configure:4372: result: /usr/bin/msgfmt
configure:4392: checking for perl
configure:4410: found /usr/bin/perl
configure:4422: result: /usr/bin/perl
configure:4433: checking for perl >= 5.8.1
configure:4440: result: 5.30.1
configure:4444: checking for XML::Parser
configure:4447: result: ok
configure:4475: checking how to run the C preprocessor
configure:4506: gcc -E  conftest.c
configure:4506: $? = 0
configure:4520: gcc -E  conftest.c
conftest.c:12:10: fatal error: ac_nonexistent.h: No such file or directory
   12 | #include <ac_nonexistent.h>
      |          ^~~~~~~~~~~~~~~~~~
compilation terminated.
configure:4520: $? = 1
configure: failed program was:
| /* confdefs.h */
| #define PACKAGE_NAME "_general1_"
| #define PACKAGE_TARNAME "_general1_"
| #define PACKAGE_VERSION "0.1"
| #define PACKAGE_STRING "_general1_ 0.1"
| #define PACKAGE_BUGREPORT ""
| #define PACKAGE_URL ""
| #define PACKAGE "_general1_"
| #define VERSION "0.1"
| #define GETTEXT_PACKAGE "_general1_"
| /* end confdefs.h.  */
| #include <ac_nonexistent.h>
configure:4545: result: gcc -E
configure:4565: gcc -E  conftest.c
configure:4565: $? = 0
configure:4579: gcc -E  conftest.c
conftest.c:12:10: fatal error: ac_nonexistent.h: No such file or directory
   12 | #include <ac_nonexistent.h>
      |          ^~~~~~~~~~~~~~~~~~
compilation terminated.
configure:4579: $? = 1
configure: failed program was:
| /* confdefs.h */
| #define PACKAGE_NAME "_general1_"
| #define PACKAGE_TARNAME "_general1_"
| #define PACKAGE_VERSION "0.1"
| #define PACKAGE_STRING "_general1_ 0.1"
| #define PACKAGE_BUGREPORT ""
| #define PACKAGE_URL ""
| #define PACKAGE "_general1_"
| #define VERSION "0.1"
| #define GETTEXT_PACKAGE "_general1_"
| /* end confdefs.h.  */
| #include <ac_nonexistent.h>
configure:4608: checking for grep that handles long lines and -e
configure:4666: result: /usr/bin/grep
configure:4671: checking for egrep
configure:4733: result: /usr/bin/grep -E
configure:4738: checking for ANSI C header files
configure:4758: gcc -c -g -O2  conftest.c >&5
configure:4758: $? = 0
configure:4831: gcc -o conftest -g -O2   conftest.c  >&5
configure:4831: $? = 0
configure:4831: ./conftest
configure:4831: $? = 0
configure:4842: result: yes
configure:4855: checking for sys/types.h
configure:4855: gcc -c -g -O2  conftest.c >&5
configure:4855: $? = 0
configure:4855: result: yes
configure:4855: checking for sys/stat.h
configure:4855: gcc -c -g -O2  conftest.c >&5
configure:4855: $? = 0
configure:4855: result: yes
configure:4855: checking for stdlib.h
configure:4855: gcc -c -g -O2  conftest.c >&5
configure:4855: $? = 0
configure:4855: result: yes
configure:4855: checking for string.h
configure:4855: gcc -c -g -O2  conftest.c >&5
configure:4855: $? = 0
configure:4855: result: yes
configure:4855: checking for memory.h
configure:4855: gcc -c -g -O2  conftest.c >&5
configure:4855: $? = 0
configure:4855: result: yes
configure:4855: checking for strings.h
configure:4855: gcc -c -g -O2  conftest.c >&5
configure:4855: $? = 0
configure:4855: result: yes
configure:4855: checking for inttypes.h
configure:4855: gcc -c -g -O2  conftest.c >&5
configure:4855: $? = 0
configure:4855: result: yes
configure:4855: checking for stdint.h
configure:4855: gcc -c -g -O2  conftest.c >&5
configure:4855: $? = 0
configure:4855: result: yes
configure:4855: checking for unistd.h
configure:4855: gcc -c -g -O2  conftest.c >&5
configure:4855: $? = 0
configure:4855: result: yes
configure:4870: checking locale.h usability
configure:4870: gcc -c -g -O2  conftest.c >&5
configure:4870: $? = 0
configure:4870: result: yes
configure:4870: checking locale.h presence
configure:4870: gcc -E  conftest.c
configure:4870: $? = 0
configure:4870: result: yes
configure:4870: checking for locale.h
configure:4870: result: yes
configure:4881: checking for LC_MESSAGES
configure:4897: gcc -o conftest -g -O2   conftest.c  >&5
configure:4897: $? = 0
configure:4905: result: yes
configure:4923: checking for CFPreferencesCopyAppValue
configure:4941: gcc -o conftest -g -O2   conftest.c  -Wl,-framework -Wl,CoreFoundation >&5
conftest.c:24:10: fatal error: CoreFoundation/CFPreferences.h: No such file or directory
   24 | #include <CoreFoundation/CFPreferences.h>
      |          ^~~~~~~~~~~~~~~~~~~~~~~~~~~~~~~~
compilation terminated.
configure:4941: $? = 1
configure: failed program was:
| /* confdefs.h */
| #define PACKAGE_NAME "_general1_"
| #define PACKAGE_TARNAME "_general1_"
| #define PACKAGE_VERSION "0.1"
| #define PACKAGE_STRING "_general1_ 0.1"
| #define PACKAGE_BUGREPORT ""
| #define PACKAGE_URL ""
| #define PACKAGE "_general1_"
| #define VERSION "0.1"
| #define GETTEXT_PACKAGE "_general1_"
| #define STDC_HEADERS 1
| #define HAVE_SYS_TYPES_H 1
| #define HAVE_SYS_STAT_H 1
| #define HAVE_STDLIB_H 1
| #define HAVE_STRING_H 1
| #define HAVE_MEMORY_H 1
| #define HAVE_STRINGS_H 1
| #define HAVE_INTTYPES_H 1
| #define HAVE_STDINT_H 1
| #define HAVE_UNISTD_H 1
| #define HAVE_LOCALE_H 1
| #define HAVE_LC_MESSAGES 1
| /* end confdefs.h.  */
| #include <CoreFoundation/CFPreferences.h>
| int
| main ()
| {
| CFPreferencesCopyAppValue(NULL, NULL)
|   ;
|   return 0;
| }
configure:4950: result: no
configure:4957: checking for CFLocaleCopyCurrent
configure:4975: gcc -o conftest -g -O2   conftest.c  -Wl,-framework -Wl,CoreFoundation >&5
conftest.c:24:10: fatal error: CoreFoundation/CFLocale.h: No such file or directory
   24 | #include <CoreFoundation/CFLocale.h>
      |          ^~~~~~~~~~~~~~~~~~~~~~~~~~~
compilation terminated.
configure:4975: $? = 1
configure: failed program was:
| /* confdefs.h */
| #define PACKAGE_NAME "_general1_"
| #define PACKAGE_TARNAME "_general1_"
| #define PACKAGE_VERSION "0.1"
| #define PACKAGE_STRING "_general1_ 0.1"
| #define PACKAGE_BUGREPORT ""
| #define PACKAGE_URL ""
| #define PACKAGE "_general1_"
| #define VERSION "0.1"
| #define GETTEXT_PACKAGE "_general1_"
| #define STDC_HEADERS 1
| #define HAVE_SYS_TYPES_H 1
| #define HAVE_SYS_STAT_H 1
| #define HAVE_STDLIB_H 1
| #define HAVE_STRING_H 1
| #define HAVE_MEMORY_H 1
| #define HAVE_STRINGS_H 1
| #define HAVE_INTTYPES_H 1
| #define HAVE_STDINT_H 1
| #define HAVE_UNISTD_H 1
| #define HAVE_LOCALE_H 1
| #define HAVE_LC_MESSAGES 1
| /* end confdefs.h.  */
| #include <CoreFoundation/CFLocale.h>
| int
| main ()
| {
| CFLocaleCopyCurrent();
|   ;
|   return 0;
| }
configure:4984: result: no
configure:4998: checking libintl.h usability
configure:4998: gcc -c -g -O2  conftest.c >&5
configure:4998: $? = 0
configure:4998: result: yes
configure:4998: checking libintl.h presence
configure:4998: gcc -E  conftest.c
configure:4998: $? = 0
configure:4998: result: yes
configure:4998: checking for libintl.h
configure:4998: result: yes
configure:5006: checking for ngettext in libc
configure:5024: gcc -o conftest -g -O2   conftest.c  >&5
configure:5024: $? = 0
configure:5033: result: yes
configure:5037: checking for dgettext in libc
configure:5055: gcc -o conftest -g -O2   conftest.c  >&5
configure:5055: $? = 0
configure:5064: result: yes
configure:5071: checking for bind_textdomain_codeset
configure:5071: gcc -o conftest -g -O2   conftest.c  >&5
configure:5071: $? = 0
configure:5071: result: yes
configure:5347: checking for msgfmt
configure:5374: result: /usr/bin/msgfmt
configure:5385: checking for dcgettext
configure:5385: gcc -o conftest -g -O2   conftest.c   >&5
conftest.c:49:6: warning: conflicting types for built-in function 'dcgettext'; expected 'char *(const char *, const char *, int)' [-Wbuiltin-declaration-mismatch]
   49 | char dcgettext ();
      |      ^~~~~~~~~
configure:5385: $? = 0
configure:5385: result: yes
configure:5395: checking if msgfmt accepts -c
configure:5410: $MSGFMT -c -o /dev/null conftest.foo
conftest.foo:3: warning: header field 'Language' missing in header
configure:5413: $? = 0
configure:5415: result: yes
configure:5425: checking for gmsgfmt
configure:5456: result: /usr/bin/msgfmt
configure:5466: checking for xgettext
configure:5493: result: /usr/bin/xgettext
configure:5512: gcc -o conftest -g -O2   conftest.c   >&5
configure:5512: $? = 0
configure:5685: checking build system type
configure:5699: result: x86_64-pc-linux-gnu
configure:5719: checking host system type
configure:5732: result: x86_64-pc-linux-gnu
configure:5773: checking how to print strings
configure:5800: result: printf
configure:5821: checking for a sed that does not truncate output
configure:5885: result: /usr/bin/sed
configure:5903: checking for fgrep
configure:5965: result: /usr/bin/grep -F
configure:6000: checking for ld used by gcc
configure:6067: result: /usr/bin/ld
configure:6074: checking if the linker (/usr/bin/ld) is GNU ld
configure:6089: result: yes
configure:6101: checking for BSD- or MS-compatible name lister (nm)
configure:6155: result: /usr/bin/nm -B
configure:6285: checking the name lister (/usr/bin/nm -B) interface
configure:6292: gcc -c -g -O2  conftest.c >&5
configure:6295: /usr/bin/nm -B "conftest.o"
configure:6298: output
0000000000000000 B some_variable
configure:6299: result: BSD nm
configure:6302: checking whether ln -s works
configure:6306: result: yes
configure:6314: checking the maximum length of command line arguments
configure:6445: result: 1572864
configure:6493: checking how to convert x86_64-pc-linux-gnu file names to x86_64-pc-linux-gnu format
configure:6533: result: func_convert_file_noop
configure:6540: checking how to convert x86_64-pc-linux-gnu file names to toolchain format
configure:6560: result: func_convert_file_noop
configure:6567: checking for /usr/bin/ld option to reload object files
configure:6574: result: -r
configure:6648: checking for objdump
configure:6664: found /usr/bin/objdump
configure:6675: result: objdump
configure:6707: checking how to recognize dependent libraries
configure:6907: result: pass_all
configure:6992: checking for dlltool
configure:7022: result: no
configure:7052: checking how to associate runtime and link libraries
configure:7079: result: printf %s\n
configure:7139: checking for ar
configure:7155: found /usr/bin/ar
configure:7166: result: ar
configure:7219: checking for archiver @FILE support
configure:7236: gcc -c -g -O2  conftest.c >&5
configure:7236: $? = 0
configure:7239: ar cr libconftest.a @conftest.lst >&5
configure:7242: $? = 0
configure:7247: ar cr libconftest.a @conftest.lst >&5
ar: conftest.o: No such file or directory
configure:7250: $? = 1
configure:7249: result: @
configure:7307: checking for strip
configure:7323: found /usr/bin/strip
configure:7334: result: strip
configure:7406: checking for ranlib
configure:7422: found /usr/bin/ranlib
configure:7433: result: ranlib
configure:7535: checking command to parse /usr/bin/nm -B output from gcc object
configure:7688: gcc -c -g -O2  conftest.c >&5
configure:7691: $? = 0
configure:7695: /usr/bin/nm -B conftest.o \| sed -n -e 's/^.*[ ]\([ABCDGIRSTW][ABCDGIRSTW]*\)[ ][ ]*\([_A-Za-z][_A-Za-z0-9]*\)$/\1 \2 \2/p' | sed '/ __gnu_lto/d' \> conftest.nm
configure:7698: $? = 0
configure:7764: gcc -o conftest -g -O2   conftest.c conftstm.o >&5
configure:7767: $? = 0
configure:7805: result: ok
configure:7852: checking for sysroot
configure:7882: result: no
configure:7889: checking for a working dd
configure:7927: result: /usr/bin/dd
configure:7931: checking how to truncate binary pipes
configure:7946: result: /usr/bin/dd bs=4096 count=1
configure:8082: gcc -c -g -O2  conftest.c >&5
configure:8085: $? = 0
configure:8275: checking for mt
configure:8305: result: no
configure:8325: checking if : is a manifest tool
configure:8331: : '-?'
configure:8339: result: no
configure:9013: checking for dlfcn.h
configure:9013: gcc -c -g -O2  conftest.c >&5
configure:9013: $? = 0
configure:9013: result: yes
configure:9269: checking for objdir
configure:9284: result: .libs
configure:9544: checking if gcc supports -fno-rtti -fno-exceptions
configure:9562: gcc -c -g -O2  -fno-rtti -fno-exceptions conftest.c >&5
cc1: warning: command line option '-fno-rtti' is valid for C++/D/ObjC++ but not for C
configure:9566: $? = 0
configure:9579: result: no
configure:9937: checking for gcc option to produce PIC
configure:9944: result: -fPIC -DPIC
configure:9952: checking if gcc PIC flag -fPIC -DPIC works
configure:9970: gcc -c -g -O2  -fPIC -DPIC -DPIC conftest.c >&5
configure:9974: $? = 0
configure:9987: result: yes
configure:10016: checking if gcc static flag -static works
configure:10044: result: yes
configure:10059: checking if gcc supports -c -o file.o
configure:10080: gcc -c -g -O2  -o out/conftest2.o conftest.c >&5
configure:10084: $? = 0
configure:10106: result: yes
configure:10114: checking if gcc supports -c -o file.o
configure:10161: result: yes
configure:10194: checking whether the gcc linker (/usr/bin/ld -m elf_x86_64) supports shared libraries
configure:11455: result: yes
configure:11492: checking whether -lc should be explicitly linked in
configure:11500: gcc -c -g -O2  conftest.c >&5
configure:11503: $? = 0
configure:11518: gcc -shared  -fPIC -DPIC conftest.o  -v -Wl,-soname -Wl,conftest -o conftest 2\>\&1 \| /usr/bin/grep  -lc  \>/dev/null 2\>\&1
configure:11521: $? = 0
configure:11535: result: no
configure:11695: checking dynamic linker characteristics
configure:12276: gcc -o conftest -g -O2   -Wl,-rpath -Wl,/foo conftest.c  >&5
configure:12276: $? = 0
configure:12513: result: GNU/Linux ld.so
configure:12635: checking how to hardcode library paths into programs
configure:12660: result: immediate
configure:13208: checking whether stripping libraries is possible
configure:13217: result: yes
configure:13259: checking if libtool supports shared libraries
configure:13261: result: yes
configure:13264: checking whether to build shared libraries
configure:13289: result: yes
configure:13292: checking whether to build static libraries
configure:13296: result: yes
configure:10220: checking that generated files are newer than configure
configure:10226: result: done
configure:10253: creating ./config.status

## ---------------------- ##
## Running config.status. ##
## ---------------------- ##

This file was extended by _general1_ config.status 0.1, which was
generated by GNU Autoconf 2.69.  Invocation command line was

  CONFIG_FILES    = 
  CONFIG_HEADERS  = 
  CONFIG_LINKS    = 
  CONFIG_COMMANDS = 
  $ ./config.status 

on nsiy-pc

config.status:1160: creating Makefile
config.status:1160: creating src/Makefile
config.status:1160: creating po/Makefile.in
config.status:1160: creating config.h
config.status:1389: executing depfiles commands
config.status:1466: cd src       && sed -e '/# am--include-marker/d' Makefile         | make -f - am--depfiles
config.status:1471: $? = 0
config.status:1389: executing default-1 commands
config.status:1389: executing libtool commands
config.status:1389: executing po/stamp-it commands

## ---------------- ##
## Cache variables. ##
## ---------------- ##

ac_cv_build=x86_64-pc-linux-gnu
ac_cv_c_compiler_gnu=yes
ac_cv_env_CC_set=
ac_cv_env_CC_value=
ac_cv_env_CFLAGS_set=
ac_cv_env_CFLAGS_value=
ac_cv_env_CPPFLAGS_set=
ac_cv_env_CPPFLAGS_value=
ac_cv_env_CPP_set=
ac_cv_env_CPP_value=
ac_cv_env_LDFLAGS_set=
ac_cv_env_LDFLAGS_value=
ac_cv_env_LIBS_set=
ac_cv_env_LIBS_value=
ac_cv_env_LT_SYS_LIBRARY_PATH_set=
ac_cv_env_LT_SYS_LIBRARY_PATH_value=
ac_cv_env_build_alias_set=
ac_cv_env_build_alias_value=
ac_cv_env_host_alias_set=
ac_cv_env_host_alias_value=
ac_cv_env_target_alias_set=
ac_cv_env_target_alias_value=
ac_cv_func_bind_textdomain_codeset=yes
ac_cv_func_dcgettext=yes
ac_cv_header_dlfcn_h=yes
ac_cv_header_inttypes_h=yes
ac_cv_header_libintl_h=yes
ac_cv_header_locale_h=yes
ac_cv_header_memory_h=yes
ac_cv_header_stdc=yes
ac_cv_header_stdint_h=yes
ac_cv_header_stdlib_h=yes
ac_cv_header_string_h=yes
ac_cv_header_strings_h=yes
ac_cv_header_sys_stat_h=yes
ac_cv_header_sys_types_h=yes
ac_cv_header_unistd_h=yes
ac_cv_host=x86_64-pc-linux-gnu
ac_cv_objext=o
ac_cv_path_EGREP='/usr/bin/grep -E'
ac_cv_path_FGREP='/usr/bin/grep -F'
ac_cv_path_GMSGFMT=/usr/bin/msgfmt
ac_cv_path_GREP=/usr/bin/grep
ac_cv_path_INTLTOOL_EXTRACT=/usr/bin/intltool-extract
ac_cv_path_INTLTOOL_MERGE=/usr/bin/intltool-merge
ac_cv_path_INTLTOOL_PERL=/usr/bin/perl
ac_cv_path_INTLTOOL_UPDATE=/usr/bin/intltool-update
ac_cv_path_MSGFMT=/usr/bin/msgfmt
ac_cv_path_MSGMERGE=/usr/bin/msgmerge
ac_cv_path_SED=/usr/bin/sed
ac_cv_path_XGETTEXT=/usr/bin/xgettext
ac_cv_path_install='/usr/bin/install -c'
ac_cv_path_lt_DD=/usr/bin/dd
ac_cv_path_mkdir=/usr/bin/mkdir
ac_cv_prog_AWK=gawk
ac_cv_prog_CPP='gcc -E'
ac_cv_prog_ac_ct_AR=ar
ac_cv_prog_ac_ct_CC=gcc
ac_cv_prog_ac_ct_OBJDUMP=objdump
ac_cv_prog_ac_ct_RANLIB=ranlib
ac_cv_prog_ac_ct_STRIP=strip
ac_cv_prog_cc_c89=
ac_cv_prog_cc_g=yes
ac_cv_prog_make_make_set=yes
am_cv_CC_dependencies_compiler_type=gcc3
am_cv_make_support_nested_variables=yes
am_cv_prog_cc_c_o=yes
am_cv_val_LC_MESSAGES=yes
gt_cv_func_CFLocaleCopyCurrent=no
gt_cv_func_CFPreferencesCopyAppValue=no
gt_cv_func_dgettext_libc=yes
gt_cv_func_dgettext_libintl=no
gt_cv_func_ngettext_libc=yes
gt_cv_have_gettext=yes
lt_cv_ar_at_file=@
lt_cv_archive_cmds_need_lc=no
lt_cv_deplibs_check_method=pass_all
lt_cv_file_magic_cmd='$MAGIC_CMD'
lt_cv_file_magic_test_file=
lt_cv_ld_reload_flag=-r
lt_cv_nm_interface='BSD nm'
lt_cv_objdir=.libs
lt_cv_path_LD=/usr/bin/ld
lt_cv_path_NM='/usr/bin/nm -B'
lt_cv_path_mainfest_tool=no
lt_cv_prog_compiler_c_o=yes
lt_cv_prog_compiler_pic='-fPIC -DPIC'
lt_cv_prog_compiler_pic_works=yes
lt_cv_prog_compiler_rtti_exceptions=no
lt_cv_prog_compiler_static_works=yes
lt_cv_prog_gnu_ld=yes
lt_cv_sharedlib_from_linklib_cmd='printf %s\n'
lt_cv_shlibpath_overrides_runpath=no
lt_cv_sys_global_symbol_pipe='sed -n -e '\''s/^.*[	 ]\([ABCDGIRSTW][ABCDGIRSTW]*\)[	 ][	 ]*\([_A-Za-z][_A-Za-z0-9]*\)$/\1 \2 \2/p'\'' | sed '\''/ __gnu_lto/d'\'''
lt_cv_sys_global_symbol_to_c_name_address='sed -n -e '\''s/^: \(.*\) .*$/  {"\1", (void *) 0},/p'\'' -e '\''s/^[ABCDGIRSTW][ABCDGIRSTW]* .* \(.*\)$/  {"\1", (void *) \&\1},/p'\'''
lt_cv_sys_global_symbol_to_c_name_address_lib_prefix='sed -n -e '\''s/^: \(.*\) .*$/  {"\1", (void *) 0},/p'\'' -e '\''s/^[ABCDGIRSTW][ABCDGIRSTW]* .* \(lib.*\)$/  {"\1", (void *) \&\1},/p'\'' -e '\''s/^[ABCDGIRSTW][ABCDGIRSTW]* .* \(.*\)$/  {"lib\1", (void *) \&\1},/p'\'''
lt_cv_sys_global_symbol_to_cdecl='sed -n -e '\''s/^T .* \(.*\)$/extern int \1();/p'\'' -e '\''s/^[ABCDGIRSTW][ABCDGIRSTW]* .* \(.*\)$/extern char \1;/p'\'''
lt_cv_sys_global_symbol_to_import=
lt_cv_sys_max_cmd_len=1572864
lt_cv_to_host_file_cmd=func_convert_file_noop
lt_cv_to_tool_file_cmd=func_convert_file_noop
lt_cv_truncate_bin='/usr/bin/dd bs=4096 count=1'

## ----------------- ##
## Output variables. ##
## ----------------- ##

ACLOCAL='${SHELL} /home/nsiy/_code/_anjuta/_general1_/missing aclocal-1.16'
ALL_LINGUAS=''
AMDEPBACKSLASH='\'
AMDEP_FALSE='#'
AMDEP_TRUE=''
AMTAR='$${TAR-tar}'
AM_BACKSLASH='\'
AM_DEFAULT_V='$(AM_DEFAULT_VERBOSITY)'
AM_DEFAULT_VERBOSITY='0'
AM_V='$(V)'
AR='ar'
AUTOCONF='${SHELL} /home/nsiy/_code/_anjuta/_general1_/missing autoconf'
AUTOHEADER='${SHELL} /home/nsiy/_code/_anjuta/_general1_/missing autoheader'
AUTOMAKE='${SHELL} /home/nsiy/_code/_anjuta/_general1_/missing automake-1.16'
AWK='gawk'
CATALOGS=''
CATOBJEXT='.gmo'
CC='gcc'
CCDEPMODE='depmode=gcc3'
CFLAGS='-g -O2'
CPP='gcc -E'
CPPFLAGS=''
CYGPATH_W='echo'
DATADIRNAME='share'
DEFS='-DHAVE_CONFIG_H'
DEPDIR='.deps'
DLLTOOL='false'
DSYMUTIL=''
DUMPBIN=''
ECHO_C=''
ECHO_N='-n'
ECHO_T=''
EGREP='/usr/bin/grep -E'
EXEEXT=''
FGREP='/usr/bin/grep -F'
GETTEXT_PACKAGE='_general1_'
GMOFILES=''
GMSGFMT='/usr/bin/msgfmt'
GREP='/usr/bin/grep'
INSTALL_DATA='${INSTALL} -m 644'
INSTALL_PROGRAM='${INSTALL}'
INSTALL_SCRIPT='${INSTALL}'
INSTALL_STRIP_PROGRAM='$(install_sh) -c -s'
INSTOBJEXT='.mo'
INTLLIBS=''
INTLTOOL_CAVES_RULE='%.caves:     %.caves.in     $(INTLTOOL_MERGE) $(wildcard $(top_srcdir)/po/*.po) ; $(INTLTOOL_V_MERGE)LC_ALL=C $(INTLTOOL_MERGE) $(INTLTOOL_V_MERGE_OPTIONS) -d -u -c $(top_builddir)/po/.intltool-merge-cache $(top_srcdir)/po $< $@'
INTLTOOL_DESKTOP_RULE='%.desktop:   %.desktop.in   $(INTLTOOL_MERGE) $(wildcard $(top_srcdir)/po/*.po) ; $(INTLTOOL_V_MERGE)LC_ALL=C $(INTLTOOL_MERGE) $(INTLTOOL_V_MERGE_OPTIONS) -d -u -c $(top_builddir)/po/.intltool-merge-cache $(top_srcdir)/po $< $@'
INTLTOOL_DIRECTORY_RULE='%.directory: %.directory.in $(INTLTOOL_MERGE) $(wildcard $(top_srcdir)/po/*.po) ; $(INTLTOOL_V_MERGE)LC_ALL=C $(INTLTOOL_MERGE) $(INTLTOOL_V_MERGE_OPTIONS) -d -u -c $(top_builddir)/po/.intltool-merge-cache $(top_srcdir)/po $< $@'
INTLTOOL_EXTRACT='/usr/bin/intltool-extract'
INTLTOOL_KBD_RULE='%.kbd:       %.kbd.in       $(INTLTOOL_MERGE) $(wildcard $(top_srcdir)/po/*.po) ; $(INTLTOOL_V_MERGE)LC_ALL=C $(INTLTOOL_MERGE) $(INTLTOOL_V_MERGE_OPTIONS) -x -u -m -c $(top_builddir)/po/.intltool-merge-cache $(top_srcdir)/po $< $@'
INTLTOOL_KEYS_RULE='%.keys:      %.keys.in      $(INTLTOOL_MERGE) $(wildcard $(top_srcdir)/po/*.po) ; $(INTLTOOL_V_MERGE)LC_ALL=C $(INTLTOOL_MERGE) $(INTLTOOL_V_MERGE_OPTIONS) -k -u -c $(top_builddir)/po/.intltool-merge-cache $(top_srcdir)/po $< $@'
INTLTOOL_MERGE='/usr/bin/intltool-merge'
INTLTOOL_OAF_RULE='%.oaf:       %.oaf.in       $(INTLTOOL_MERGE) $(wildcard $(top_srcdir)/po/*.po) ; $(INTLTOOL_V_MERGE)LC_ALL=C $(INTLTOOL_MERGE) $(INTLTOOL_V_MERGE_OPTIONS) -o -p $(top_srcdir)/po $< $@'
INTLTOOL_PERL='/usr/bin/perl'
INTLTOOL_POLICY_RULE='%.policy:    %.policy.in    $(INTLTOOL_MERGE) $(wildcard $(top_srcdir)/po/*.po) ; $(INTLTOOL_V_MERGE)LC_ALL=C $(INTLTOOL_MERGE) $(INTLTOOL_V_MERGE_OPTIONS) -x -u -c $(top_builddir)/po/.intltool-merge-cache $(top_srcdir)/po $< $@'
INTLTOOL_PONG_RULE='%.pong:      %.pong.in      $(INTLTOOL_MERGE) $(wildcard $(top_srcdir)/po/*.po) ; $(INTLTOOL_V_MERGE)LC_ALL=C $(INTLTOOL_MERGE) $(INTLTOOL_V_MERGE_OPTIONS) -x -u -c $(top_builddir)/po/.intltool-merge-cache $(top_srcdir)/po $< $@'
INTLTOOL_PROP_RULE='%.prop:      %.prop.in      $(INTLTOOL_MERGE) $(wildcard $(top_srcdir)/po/*.po) ; $(INTLTOOL_V_MERGE)LC_ALL=C $(INTLTOOL_MERGE) $(INTLTOOL_V_MERGE_OPTIONS) -d -u -c $(top_builddir)/po/.intltool-merge-cache $(top_srcdir)/po $< $@'
INTLTOOL_SCHEMAS_RULE='%.schemas:   %.schemas.in   $(INTLTOOL_MERGE) $(wildcard $(top_srcdir)/po/*.po) ; $(INTLTOOL_V_MERGE)LC_ALL=C $(INTLTOOL_MERGE) $(INTLTOOL_V_MERGE_OPTIONS) -s -u -c $(top_builddir)/po/.intltool-merge-cache $(top_srcdir)/po $< $@'
INTLTOOL_SERVER_RULE='%.server:    %.server.in    $(INTLTOOL_MERGE) $(wildcard $(top_srcdir)/po/*.po) ; $(INTLTOOL_V_MERGE)LC_ALL=C $(INTLTOOL_MERGE) $(INTLTOOL_V_MERGE_OPTIONS) -o -u -c $(top_builddir)/po/.intltool-merge-cache $(top_srcdir)/po $< $@'
INTLTOOL_SERVICE_RULE='%.service: %.service.in   $(INTLTOOL_MERGE) $(wildcard $(top_srcdir)/po/*.po) ; $(INTLTOOL_V_MERGE)LC_ALL=C $(INTLTOOL_MERGE) $(INTLTOOL_V_MERGE_OPTIONS) -d -u -c $(top_builddir)/po/.intltool-merge-cache $(top_srcdir)/po $< $@'
INTLTOOL_SHEET_RULE='%.sheet:     %.sheet.in     $(INTLTOOL_MERGE) $(wildcard $(top_srcdir)/po/*.po) ; $(INTLTOOL_V_MERGE)LC_ALL=C $(INTLTOOL_MERGE) $(INTLTOOL_V_MERGE_OPTIONS) -x -u -c $(top_builddir)/po/.intltool-merge-cache $(top_srcdir)/po $< $@'
INTLTOOL_SOUNDLIST_RULE='%.soundlist: %.soundlist.in $(INTLTOOL_MERGE) $(wildcard $(top_srcdir)/po/*.po) ; $(INTLTOOL_V_MERGE)LC_ALL=C $(INTLTOOL_MERGE) $(INTLTOOL_V_MERGE_OPTIONS) -d -u -c $(top_builddir)/po/.intltool-merge-cache $(top_srcdir)/po $< $@'
INTLTOOL_THEME_RULE='%.theme:     %.theme.in     $(INTLTOOL_MERGE) $(wildcard $(top_srcdir)/po/*.po) ; $(INTLTOOL_V_MERGE)LC_ALL=C $(INTLTOOL_MERGE) $(INTLTOOL_V_MERGE_OPTIONS) -d -u -c $(top_builddir)/po/.intltool-merge-cache $(top_srcdir)/po $< $@'
INTLTOOL_UI_RULE='%.ui:        %.ui.in        $(INTLTOOL_MERGE) $(wildcard $(top_srcdir)/po/*.po) ; $(INTLTOOL_V_MERGE)LC_ALL=C $(INTLTOOL_MERGE) $(INTLTOOL_V_MERGE_OPTIONS) -x -u -c $(top_builddir)/po/.intltool-merge-cache $(top_srcdir)/po $< $@'
INTLTOOL_UPDATE='/usr/bin/intltool-update'
INTLTOOL_V_MERGE='$(INTLTOOL__v_MERGE_$(V))'
INTLTOOL_V_MERGE_OPTIONS='$(intltool__v_merge_options_$(V))'
INTLTOOL_XAM_RULE='%.xam:       %.xml.in       $(INTLTOOL_MERGE) $(wildcard $(top_srcdir)/po/*.po) ; $(INTLTOOL_V_MERGE)LC_ALL=C $(INTLTOOL_MERGE) $(INTLTOOL_V_MERGE_OPTIONS) -x -u -c $(top_builddir)/po/.intltool-merge-cache $(top_srcdir)/po $< $@'
INTLTOOL_XML_NOMERGE_RULE='%.xml:       %.xml.in       $(INTLTOOL_MERGE) ; $(INTLTOOL_V_MERGE)LC_ALL=C $(INTLTOOL_MERGE) $(INTLTOOL_V_MERGE_OPTIONS) -x -u --no-translations $< $@'
INTLTOOL_XML_RULE='%.xml:       %.xml.in       $(INTLTOOL_MERGE) $(wildcard $(top_srcdir)/po/*.po) ; $(INTLTOOL_V_MERGE)LC_ALL=C $(INTLTOOL_MERGE) $(INTLTOOL_V_MERGE_OPTIONS) -x -u -c $(top_builddir)/po/.intltool-merge-cache $(top_srcdir)/po $< $@'
INTLTOOL__v_MERGE_0='@echo "  ITMRG " $@;'
INTLTOOL__v_MERGE_='$(INTLTOOL__v_MERGE_$(AM_DEFAULT_VERBOSITY))'
INTL_MACOSX_LIBS=''
LD='/usr/bin/ld -m elf_x86_64'
LDFLAGS=''
LIBOBJS=''
LIBS=''
LIBTOOL='$(SHELL) $(top_builddir)/libtool'
LIPO=''
LN_S='ln -s'
LTLIBOBJS=''
LT_SYS_LIBRARY_PATH=''
MAKEINFO='${SHELL} /home/nsiy/_code/_anjuta/_general1_/missing makeinfo'
MANIFEST_TOOL=':'
MKDIR_P='/usr/bin/mkdir -p'
MKINSTALLDIRS='./mkinstalldirs'
MSGFMT='/usr/bin/msgfmt'
MSGFMT_OPTS='-c'
MSGMERGE='/usr/bin/msgmerge'
NM='/usr/bin/nm -B'
NMEDIT=''
OBJDUMP='objdump'
OBJEXT='o'
OTOOL64=''
OTOOL=''
PACKAGE='_general1_'
PACKAGE_BUGREPORT=''
PACKAGE_NAME='_general1_'
PACKAGE_STRING='_general1_ 0.1'
PACKAGE_TARNAME='_general1_'
PACKAGE_URL=''
PACKAGE_VERSION='0.1'
PATH_SEPARATOR=':'
POFILES=''
POSUB='po'
PO_IN_DATADIR_FALSE=''
PO_IN_DATADIR_TRUE=''
RANLIB='ranlib'
SED='/usr/bin/sed'
SET_MAKE=''
SHELL='/bin/sh'
STRIP='strip'
USE_NLS='yes'
VERSION='0.1'
XGETTEXT='/usr/bin/xgettext'
ac_ct_AR='ar'
ac_ct_CC='gcc'
ac_ct_DUMPBIN=''
am__EXEEXT_FALSE=''
am__EXEEXT_TRUE='#'
am__fastdepCC_FALSE='#'
am__fastdepCC_TRUE=''
am__include='include'
am__isrc=''
am__leading_dot='.'
am__nodep='_no'
am__quote=''
am__tar='$${TAR-tar} chof - "$$tardir"'
am__untar='$${TAR-tar} xf -'
bindir='${exec_prefix}/bin'
build='x86_64-pc-linux-gnu'
build_alias=''
build_cpu='x86_64'
build_os='linux-gnu'
build_vendor='pc'
datadir='${datarootdir}'
datarootdir='${prefix}/share'
docdir='${datarootdir}/doc/${PACKAGE_TARNAME}'
dvidir='${docdir}'
exec_prefix='${prefix}'
host='x86_64-pc-linux-gnu'
host_alias=''
host_cpu='x86_64'
host_os='linux-gnu'
host_vendor='pc'
htmldir='${docdir}'
includedir='${prefix}/include'
infodir='${datarootdir}/info'
install_sh='${SHELL} /home/nsiy/_code/_anjuta/_general1_/install-sh'
intltool__v_merge_options_0='-q'
intltool__v_merge_options_='$(intltool__v_merge_options_$(AM_DEFAULT_VERBOSITY))'
libdir='${exec_prefix}/lib'
libexecdir='${exec_prefix}/libexec'
localedir='${datarootdir}/locale'
localstatedir='${prefix}/var'
mandir='${datarootdir}/man'
mkdir_p='$(MKDIR_P)'
oldincludedir='/usr/include'
pdfdir='${docdir}'
prefix='/usr/local'
program_transform_name='s,x,x,'
psdir='${docdir}'
sbindir='${exec_prefix}/sbin'
sharedstatedir='${prefix}/com'
sysconfdir='${prefix}/etc'
target_alias=''

## ----------- ##
## confdefs.h. ##
## ----------- ##

/* confdefs.h */
#define PACKAGE_NAME "_general1_"
#define PACKAGE_TARNAME "_general1_"
#define PACKAGE_VERSION "0.1"
#define PACKAGE_STRING "_general1_ 0.1"
#define PACKAGE_BUGREPORT ""
#define PACKAGE_URL ""
#define PACKAGE "_general1_"
#define VERSION "0.1"
#define GETTEXT_PACKAGE "_general1_"
#define STDC_HEADERS 1
#define HAVE_SYS_TYPES_H 1
#define HAVE_SYS_STAT_H 1
#define HAVE_STDLIB_H 1
#define HAVE_STRING_H 1
#define HAVE_MEMORY_H 1
#define HAVE_STRINGS_H 1
#define HAVE_INTTYPES_H 1
#define HAVE_STDINT_H 1
#define HAVE_UNISTD_H 1
#define HAVE_LOCALE_H 1
#define HAVE_LC_MESSAGES 1
#define HAVE_BIND_TEXTDOMAIN_CODESET 1
#define HAVE_GETTEXT 1
#define HAVE_DCGETTEXT 1
#define ENABLE_NLS 1
#define HAVE_DLFCN_H 1
#define LT_OBJDIR ".libs/"

configure: exit 0
