This file contains any messages produced by compilers while
running configure, to aid debugging if configure makes a mistake.

It was created by _1_ configure 0.1, which was
generated by GNU Autoconf 2.71.  Invocation command line was

  $ /run/media/nisy/win_tech_E/_Technology/95_code/_IDE_default_project/anjuta/_1_anjuta/configure --enable-maintainer-mode 'CFLAGS=-g -O0' 'CXXFLAGS=-g -O0' 'JFLAGS=-g -O0' 'FFLAGS=-g -O0'

## --------- ##
## Platform. ##
## --------- ##

hostname = nisy
uname -m = x86_64
uname -r = 5.10.189-1-MANJARO
uname -s = Linux
uname -v = #1 SMP PREEMPT Wed Aug 9 06:30:25 UTC 2023

/usr/bin/uname -p = unknown
/bin/uname -X     = unknown

/bin/arch              = unknown
/usr/bin/arch -k       = unknown
/usr/convex/getsysinfo = unknown
/usr/bin/hostinfo      = unknown
/bin/machine           = unknown
/usr/bin/oslevel       = unknown
/bin/universe          = unknown

PATH: /home/nisy/.local/bin/
PATH: /usr/local/bin/
PATH: /usr/bin/
PATH: /bin/
PATH: /usr/local/sbin/
PATH: /var/lib/flatpak/exports/bin/
PATH: /usr/lib/jvm/default/bin/
PATH: /usr/bin/site_perl/
PATH: /usr/bin/vendor_perl/
PATH: /usr/bin/core_perl/
PATH: /var/lib/snapd/snap/bin/


## ----------- ##
## Core tests. ##
## ----------- ##

configure:2419: looking for aux files: config.guess config.sub ltmain.sh compile missing install-sh
configure:2432:  trying /run/media/nisy/win_tech_E/_Technology/95_code/_IDE_default_project/anjuta/_1_anjuta/
configure:2461:   /run/media/nisy/win_tech_E/_Technology/95_code/_IDE_default_project/anjuta/_1_anjuta/config.guess found
configure:2461:   /run/media/nisy/win_tech_E/_Technology/95_code/_IDE_default_project/anjuta/_1_anjuta/config.sub found
configure:2461:   /run/media/nisy/win_tech_E/_Technology/95_code/_IDE_default_project/anjuta/_1_anjuta/ltmain.sh found
configure:2461:   /run/media/nisy/win_tech_E/_Technology/95_code/_IDE_default_project/anjuta/_1_anjuta/compile found
configure:2461:   /run/media/nisy/win_tech_E/_Technology/95_code/_IDE_default_project/anjuta/_1_anjuta/missing found
configure:2443:   /run/media/nisy/win_tech_E/_Technology/95_code/_IDE_default_project/anjuta/_1_anjuta/install-sh found
configure:2594: checking for a BSD-compatible install
configure:2667: result: /usr/bin/install -c
configure:2678: checking whether build environment is sane
configure:2733: result: yes
configure:2892: checking for a race-free mkdir -p
configure:2936: result: /usr/bin/mkdir -p
configure:2943: checking for gawk
configure:2964: found /usr/bin/gawk
configure:2975: result: gawk
configure:2986: checking whether make sets $(MAKE)
configure:3009: result: yes
configure:3039: checking whether make supports nested variables
configure:3057: result: yes
configure:3206: checking whether make supports nested variables
configure:3224: result: yes
configure:3298: checking for gcc
configure:3319: found /usr/bin/gcc
configure:3330: result: gcc
configure:3683: checking for C compiler version
configure:3692: gcc --version >&5
gcc (GCC) 13.2.1 20230801
Copyright (C) 2023 Free Software Foundation, Inc.
This is free software; see the source for copying conditions.  There is NO
warranty; not even for MERCHANTABILITY or FITNESS FOR A PARTICULAR PURPOSE.

configure:3703: $? = 0
configure:3692: gcc -v >&5
Using built-in specs.
COLLECT_GCC=gcc
COLLECT_LTO_WRAPPER=/usr/lib/gcc/x86_64-pc-linux-gnu/13.2.1/lto-wrapper
Target: x86_64-pc-linux-gnu
Configured with: /build/gcc/src/gcc/configure --enable-languages=ada,c,c++,d,fortran,go,lto,objc,obj-c++ --enable-bootstrap --prefix=/usr --libdir=/usr/lib --libexecdir=/usr/lib --mandir=/usr/share/man --infodir=/usr/share/info --with-bugurl=https://bugs.archlinux.org/ --with-build-config=bootstrap-lto --with-linker-hash-style=gnu --with-system-zlib --enable-__cxa_atexit --enable-cet=auto --enable-checking=release --enable-clocale=gnu --enable-default-pie --enable-default-ssp --enable-gnu-indirect-function --enable-gnu-unique-object --enable-libstdcxx-backtrace --enable-link-serialization=1 --enable-linker-build-id --enable-lto --enable-multilib --enable-plugin --enable-shared --enable-threads=posix --disable-libssp --disable-libstdcxx-pch --disable-werror
Thread model: posix
Supported LTO compression algorithms: zlib zstd
gcc version 13.2.1 20230801 (GCC) 
configure:3703: $? = 0
configure:3692: gcc -V >&5
gcc: error: unrecognized command-line option '-V'
gcc: fatal error: no input files
compilation terminated.
configure:3703: $? = 1
configure:3692: gcc -qversion >&5
gcc: error: unrecognized command-line option '-qversion'; did you mean '--version'?
gcc: fatal error: no input files
compilation terminated.
configure:3703: $? = 1
configure:3692: gcc -version >&5
gcc: error: unrecognized command-line option '-version'
gcc: fatal error: no input files
compilation terminated.
configure:3703: $? = 1
configure:3723: checking whether the C compiler works
configure:3745: gcc -g -O0   conftest.c  >&5
configure:3749: $? = 0
configure:3799: result: yes
configure:3802: checking for C compiler default output file name
configure:3804: result: a.out
configure:3810: checking for suffix of executables
configure:3817: gcc -o conftest -g -O0   conftest.c  >&5
configure:3821: $? = 0
configure:3844: result: 
configure:3866: checking whether we are cross compiling
configure:3874: gcc -o conftest -g -O0   conftest.c  >&5
configure:3878: $? = 0
configure:3885: ./conftest
configure:3889: $? = 0
configure:3904: result: no
configure:3909: checking for suffix of object files
configure:3932: gcc -c -g -O0  conftest.c >&5
configure:3936: $? = 0
configure:3958: result: o
configure:3962: checking whether the compiler supports GNU C
configure:3982: gcc -c -g -O0  conftest.c >&5
configure:3982: $? = 0
configure:3992: result: yes
configure:4003: checking whether gcc accepts -g
configure:4024: gcc -c -g  conftest.c >&5
configure:4024: $? = 0
configure:4068: result: yes
configure:4088: checking for gcc option to enable C11 features
configure:4103: gcc  -c -g -O0  conftest.c >&5
configure:4103: $? = 0
configure:4121: result: none needed
configure:4237: checking whether gcc understands -c and -o together
configure:4260: gcc -c conftest.c -o conftest2.o
configure:4263: $? = 0
configure:4260: gcc -c conftest.c -o conftest2.o
configure:4263: $? = 0
configure:4275: result: yes
configure:4295: checking whether make supports the include directive
configure:4310: make -f confmf.GNU && cat confinc.out
this is the am__doit target
configure:4313: $? = 0
configure:4332: result: yes (GNU style)
configure:4358: checking dependency style of gcc
configure:4470: result: gcc3
configure:4490: checking whether NLS is requested
configure:4500: result: yes
configure:4518: checking for intltool >= 0.35.0
configure:4520: result: 0.51.0 found
configure:4528: checking for intltool-update
configure:4551: found /usr/bin/intltool-update
configure:4563: result: /usr/bin/intltool-update
configure:4573: checking for intltool-merge
configure:4596: found /usr/bin/intltool-merge
configure:4608: result: /usr/bin/intltool-merge
configure:4618: checking for intltool-extract
configure:4641: found /usr/bin/intltool-extract
configure:4653: result: /usr/bin/intltool-extract
configure:4807: checking for xgettext
configure:4830: found /usr/bin/xgettext
configure:4842: result: /usr/bin/xgettext
configure:4852: checking for msgmerge
configure:4875: found /usr/bin/msgmerge
configure:4887: result: /usr/bin/msgmerge
configure:4897: checking for msgfmt
configure:4920: found /usr/bin/msgfmt
configure:4932: result: /usr/bin/msgfmt
configure:4942: checking for gmsgfmt
configure:4978: result: /usr/bin/msgfmt
configure:4998: checking for perl
configure:5021: found /usr/bin/perl
configure:5033: result: /usr/bin/perl
configure:5044: checking for perl >= 5.8.1
configure:5051: result: 5.38.0
configure:5055: checking for XML::Parser
configure:5058: result: ok
configure:5083: checking for stdio.h
configure:5083: gcc -c -g -O0  conftest.c >&5
configure:5083: $? = 0
configure:5083: result: yes
configure:5083: checking for stdlib.h
configure:5083: gcc -c -g -O0  conftest.c >&5
configure:5083: $? = 0
configure:5083: result: yes
configure:5083: checking for string.h
configure:5083: gcc -c -g -O0  conftest.c >&5
configure:5083: $? = 0
configure:5083: result: yes
configure:5083: checking for inttypes.h
configure:5083: gcc -c -g -O0  conftest.c >&5
configure:5083: $? = 0
configure:5083: result: yes
configure:5083: checking for stdint.h
configure:5083: gcc -c -g -O0  conftest.c >&5
configure:5083: $? = 0
configure:5083: result: yes
configure:5083: checking for strings.h
configure:5083: gcc -c -g -O0  conftest.c >&5
configure:5083: $? = 0
configure:5083: result: yes
configure:5083: checking for sys/stat.h
configure:5083: gcc -c -g -O0  conftest.c >&5
configure:5083: $? = 0
configure:5083: result: yes
configure:5083: checking for sys/types.h
configure:5083: gcc -c -g -O0  conftest.c >&5
configure:5083: $? = 0
configure:5083: result: yes
configure:5083: checking for unistd.h
configure:5083: gcc -c -g -O0  conftest.c >&5
configure:5083: $? = 0
configure:5083: result: yes
configure:5109: checking for locale.h
configure:5109: gcc -c -g -O0  conftest.c >&5
configure:5109: $? = 0
configure:5109: result: yes
configure:5117: checking for LC_MESSAGES
configure:5134: gcc -o conftest -g -O0   conftest.c  >&5
configure:5134: $? = 0
configure:5143: result: yes
configure:5161: checking for CFPreferencesCopyAppValue
configure:5180: gcc -o conftest -g -O0   conftest.c  -Wl,-framework -Wl,CoreFoundation >&5
conftest.c:24:10: fatal error: CoreFoundation/CFPreferences.h: No such file or directory
   24 | #include <CoreFoundation/CFPreferences.h>
      |          ^~~~~~~~~~~~~~~~~~~~~~~~~~~~~~~~
compilation terminated.
configure:5180: $? = 1
configure: failed program was:
| /* confdefs.h */
| #define PACKAGE_NAME "_1_"
| #define PACKAGE_TARNAME "_1_"
| #define PACKAGE_VERSION "0.1"
| #define PACKAGE_STRING "_1_ 0.1"
| #define PACKAGE_BUGREPORT ""
| #define PACKAGE_URL ""
| #define PACKAGE "_1_"
| #define VERSION "0.1"
| #define GETTEXT_PACKAGE "_1_"
| #define HAVE_STDIO_H 1
| #define HAVE_STDLIB_H 1
| #define HAVE_STRING_H 1
| #define HAVE_INTTYPES_H 1
| #define HAVE_STDINT_H 1
| #define HAVE_STRINGS_H 1
| #define HAVE_SYS_STAT_H 1
| #define HAVE_SYS_TYPES_H 1
| #define HAVE_UNISTD_H 1
| #define STDC_HEADERS 1
| #define HAVE_LOCALE_H 1
| #define HAVE_LC_MESSAGES 1
| /* end confdefs.h.  */
| #include <CoreFoundation/CFPreferences.h>
| int
| main (void)
| {
| CFPreferencesCopyAppValue(NULL, NULL)
|   ;
|   return 0;
| }
configure:5190: result: no
configure:5197: checking for CFLocaleCopyCurrent
configure:5216: gcc -o conftest -g -O0   conftest.c  -Wl,-framework -Wl,CoreFoundation >&5
conftest.c:24:10: fatal error: CoreFoundation/CFLocale.h: No such file or directory
   24 | #include <CoreFoundation/CFLocale.h>
      |          ^~~~~~~~~~~~~~~~~~~~~~~~~~~
compilation terminated.
configure:5216: $? = 1
configure: failed program was:
| /* confdefs.h */
| #define PACKAGE_NAME "_1_"
| #define PACKAGE_TARNAME "_1_"
| #define PACKAGE_VERSION "0.1"
| #define PACKAGE_STRING "_1_ 0.1"
| #define PACKAGE_BUGREPORT ""
| #define PACKAGE_URL ""
| #define PACKAGE "_1_"
| #define VERSION "0.1"
| #define GETTEXT_PACKAGE "_1_"
| #define HAVE_STDIO_H 1
| #define HAVE_STDLIB_H 1
| #define HAVE_STRING_H 1
| #define HAVE_INTTYPES_H 1
| #define HAVE_STDINT_H 1
| #define HAVE_STRINGS_H 1
| #define HAVE_SYS_STAT_H 1
| #define HAVE_SYS_TYPES_H 1
| #define HAVE_UNISTD_H 1
| #define STDC_HEADERS 1
| #define HAVE_LOCALE_H 1
| #define HAVE_LC_MESSAGES 1
| /* end confdefs.h.  */
| #include <CoreFoundation/CFLocale.h>
| int
| main (void)
| {
| CFLocaleCopyCurrent();
|   ;
|   return 0;
| }
configure:5226: result: no
configure:5240: checking for libintl.h
configure:5240: gcc -c -g -O0  conftest.c >&5
configure:5240: $? = 0
configure:5240: result: yes
configure:5249: checking for ngettext in libc
configure:5268: gcc -o conftest -g -O0   conftest.c  >&5
configure:5268: $? = 0
configure:5278: result: yes
configure:5282: checking for dgettext in libc
configure:5301: gcc -o conftest -g -O0   conftest.c  >&5
configure:5301: $? = 0
configure:5311: result: yes
configure:5316: checking for bind_textdomain_codeset
configure:5316: gcc -o conftest -g -O0   conftest.c  >&5
configure:5316: $? = 0
configure:5316: result: yes
configure:5586: checking for msgfmt
configure:5614: result: /usr/bin/msgfmt
configure:5623: checking for dcgettext
configure:5623: gcc -o conftest -g -O0   conftest.c   >&5
conftest.c:42:6: warning: conflicting types for built-in function 'dcgettext'; expected 'char *(const char *, const char *, int)' [-Wbuiltin-declaration-mismatch]
   42 | char dcgettext ();
      |      ^~~~~~~~~
configure:5623: $? = 0
configure:5623: result: yes
configure:5631: checking if msgfmt accepts -c
configure:5646: $MSGFMT -c -o /dev/null conftest.foo
conftest.foo:3: warning: header field 'Language' missing in header
configure:5649: $? = 0
configure:5651: result: yes
configure:5661: checking for gmsgfmt
configure:5697: result: /usr/bin/msgfmt
configure:5707: checking for xgettext
configure:5735: result: /usr/bin/xgettext
configure:5754: gcc -o conftest -g -O0   conftest.c   >&5
configure:5754: $? = 0
configure:5931: checking build system type
configure:5946: result: x86_64-pc-linux-gnu
configure:5966: checking host system type
configure:5980: result: x86_64-pc-linux-gnu
configure:6021: checking how to print strings
configure:6048: result: printf
configure:6069: checking for a sed that does not truncate output
configure:6139: result: /usr/bin/sed
configure:6157: checking for grep that handles long lines and -e
configure:6221: result: /usr/bin/grep
configure:6226: checking for egrep
configure:6294: result: /usr/bin/grep -E
configure:6299: checking for fgrep
configure:6367: result: /usr/bin/grep -F
configure:6403: checking for ld used by gcc
configure:6471: result: /usr/bin/ld
configure:6478: checking if the linker (/usr/bin/ld) is GNU ld
configure:6494: result: yes
configure:6506: checking for BSD- or MS-compatible name lister (nm)
configure:6561: result: /usr/bin/nm -B
configure:6701: checking the name lister (/usr/bin/nm -B) interface
configure:6709: gcc -c -g -O0  conftest.c >&5
configure:6712: /usr/bin/nm -B "conftest.o"
configure:6715: output
0000000000000000 B some_variable
configure:6722: result: BSD nm
configure:6725: checking whether ln -s works
configure:6729: result: yes
configure:6737: checking the maximum length of command line arguments
configure:6869: result: 1572864
configure:6917: checking how to convert x86_64-pc-linux-gnu file names to x86_64-pc-linux-gnu format
configure:6958: result: func_convert_file_noop
configure:6965: checking how to convert x86_64-pc-linux-gnu file names to toolchain format
configure:6986: result: func_convert_file_noop
configure:6993: checking for /usr/bin/ld option to reload object files
configure:7001: result: -r
configure:7080: checking for file
configure:7101: found /usr/bin/file
configure:7112: result: file
configure:7188: checking for objdump
configure:7209: found /usr/bin/objdump
configure:7220: result: objdump
configure:7252: checking how to recognize dependent libraries
configure:7453: result: pass_all
configure:7543: checking for dlltool
configure:7578: result: no
configure:7608: checking how to associate runtime and link libraries
configure:7636: result: printf %s\n
configure:7701: checking for ar
configure:7722: found /usr/bin/ar
configure:7733: result: ar
configure:7786: checking for archiver @FILE support
configure:7804: gcc -c -g -O0  conftest.c >&5
configure:7804: $? = 0
configure:7808: ar cr libconftest.a @conftest.lst >&5
configure:7811: $? = 0
configure:7816: ar cr libconftest.a @conftest.lst >&5
ar: conftest.o: No such file or directory
configure:7819: $? = 1
configure:7831: result: @
configure:7894: checking for strip
configure:7915: found /usr/bin/strip
configure:7926: result: strip
configure:8003: checking for ranlib
configure:8024: found /usr/bin/ranlib
configure:8035: result: ranlib
configure:8137: checking command to parse /usr/bin/nm -B output from gcc object
configure:8291: gcc -c -g -O0  conftest.c >&5
configure:8294: $? = 0
configure:8298: /usr/bin/nm -B conftest.o \| /usr/bin/sed -n -e 's/^.*[ ]\([ABCDGIRSTW][ABCDGIRSTW]*\)[ ][ ]*\([_A-Za-z][_A-Za-z0-9]*\)$/\1 \2 \2/p' | /usr/bin/sed '/ __gnu_lto/d' \> conftest.nm
configure:8301: $? = 0
configure:8367: gcc -o conftest -g -O0   conftest.c conftstm.o >&5
configure:8370: $? = 0
configure:8408: result: ok
configure:8455: checking for sysroot
configure:8486: result: no
configure:8493: checking for a working dd
configure:8537: result: /usr/bin/dd
configure:8541: checking how to truncate binary pipes
configure:8557: result: /usr/bin/dd bs=4096 count=1
configure:8694: gcc -c -g -O0  conftest.c >&5
configure:8697: $? = 0
configure:8894: checking for mt
configure:8929: result: no
configure:8949: checking if : is a manifest tool
configure:8956: : '-?'
configure:8964: result: no
configure:9685: checking for dlfcn.h
configure:9685: gcc -c -g -O0  conftest.c >&5
configure:9685: $? = 0
configure:9685: result: yes
configure:9944: checking for objdir
configure:9960: result: .libs
configure:10220: checking if gcc supports -fno-rtti -fno-exceptions
configure:10239: gcc -c -g -O0  -fno-rtti -fno-exceptions conftest.c >&5
cc1: warning: command-line option '-fno-rtti' is valid for C++/D/ObjC++ but not for C
configure:10243: $? = 0
configure:10256: result: no
configure:10614: checking for gcc option to produce PIC
configure:10622: result: -fPIC -DPIC
configure:10630: checking if gcc PIC flag -fPIC -DPIC works
configure:10649: gcc -c -g -O0  -fPIC -DPIC -DPIC conftest.c >&5
configure:10653: $? = 0
configure:10666: result: yes
configure:10695: checking if gcc static flag -static works
configure:10724: result: yes
configure:10739: checking if gcc supports -c -o file.o
configure:10761: gcc -c -g -O0  -o out/conftest2.o conftest.c >&5
configure:10765: $? = 0
configure:10787: result: yes
configure:10795: checking if gcc supports -c -o file.o
configure:10843: result: yes
configure:10876: checking whether the gcc linker (/usr/bin/ld -m elf_x86_64) supports shared libraries
configure:12144: result: yes
configure:12181: checking whether -lc should be explicitly linked in
configure:12190: gcc -c -g -O0  conftest.c >&5
configure:12193: $? = 0
configure:12208: gcc -shared  -fPIC -DPIC conftest.o  -v -Wl,-soname -Wl,conftest -o conftest 2\>\&1 \| /usr/bin/grep  -lc  \>/dev/null 2\>\&1
configure:12211: $? = 0
configure:12225: result: no
configure:12385: checking dynamic linker characteristics
configure:12967: gcc -o conftest -g -O0   -Wl,-rpath -Wl,/foo conftest.c  >&5
configure:12967: $? = 0
configure:13206: result: GNU/Linux ld.so
configure:13328: checking how to hardcode library paths into programs
configure:13353: result: immediate
configure:13905: checking whether stripping libraries is possible
configure:13914: result: yes
configure:13956: checking if libtool supports shared libraries
configure:13958: result: yes
configure:13961: checking whether to build shared libraries
configure:13986: result: yes
configure:13989: checking whether to build static libraries
configure:13993: result: yes
configure:14091: checking for pkg-config
configure:14114: found /usr/bin/pkg-config
configure:14126: result: /usr/bin/pkg-config
configure:14151: checking pkg-config is at least version 0.9.0
configure:14154: result: yes
configure:14164: checking for _1_
configure:14171: $PKG_CONFIG --exists --print-errors "gtk+-3.0 >= 2.90.3 "
configure:14174: $? = 0
configure:14188: $PKG_CONFIG --exists --print-errors "gtk+-3.0 >= 2.90.3 "
configure:14191: $? = 0
configure:14249: result: yes
configure:14360: checking that generated files are newer than configure
configure:14366: result: done
configure:14393: creating ./config.status

## ---------------------- ##
## Running config.status. ##
## ---------------------- ##

This file was extended by _1_ config.status 0.1, which was
generated by GNU Autoconf 2.71.  Invocation command line was

  CONFIG_FILES    = 
  CONFIG_HEADERS  = 
  CONFIG_LINKS    = 
  CONFIG_COMMANDS = 
  $ ./config.status 

on nisy

config.status:1170: creating Makefile
config.status:1170: creating src/Makefile
config.status:1170: creating po/Makefile.in
config.status:1170: creating config.h
config.status:1384: executing depfiles commands
config.status:1461: cd src       && sed -e '/# am--include-marker/d' Makefile         | make -f - am--depfiles
config.status:1466: $? = 0
config.status:1384: executing default-1 commands
config.status:1384: executing libtool commands
config.status:1384: executing po/stamp-it commands
configure:16566: WARNING: unrecognized options: --enable-maintainer-mode

## ---------------- ##
## Cache variables. ##
## ---------------- ##

ac_cv_build=x86_64-pc-linux-gnu
ac_cv_c_compiler_gnu=yes
ac_cv_env_CC_set=
ac_cv_env_CC_value=
ac_cv_env_CFLAGS_set=set
ac_cv_env_CFLAGS_value='-g -O0'
ac_cv_env_CPPFLAGS_set=
ac_cv_env_CPPFLAGS_value=
ac_cv_env_LDFLAGS_set=
ac_cv_env_LDFLAGS_value=
ac_cv_env_LIBS_set=
ac_cv_env_LIBS_value=
ac_cv_env_LT_SYS_LIBRARY_PATH_set=
ac_cv_env_LT_SYS_LIBRARY_PATH_value=
ac_cv_env_PKG_CONFIG_LIBDIR_set=
ac_cv_env_PKG_CONFIG_LIBDIR_value=
ac_cv_env_PKG_CONFIG_PATH_set=
ac_cv_env_PKG_CONFIG_PATH_value=
ac_cv_env_PKG_CONFIG_set=
ac_cv_env_PKG_CONFIG_value=
ac_cv_env__1__CFLAGS_set=
ac_cv_env__1__CFLAGS_value=
ac_cv_env__1__LIBS_set=
ac_cv_env__1__LIBS_value=
ac_cv_env_build_alias_set=
ac_cv_env_build_alias_value=
ac_cv_env_host_alias_set=
ac_cv_env_host_alias_value=
ac_cv_env_target_alias_set=
ac_cv_env_target_alias_value=
ac_cv_func_bind_textdomain_codeset=yes
ac_cv_func_dcgettext=yes
ac_cv_header_dlfcn_h=yes
ac_cv_header_inttypes_h=yes
ac_cv_header_libintl_h=yes
ac_cv_header_locale_h=yes
ac_cv_header_stdint_h=yes
ac_cv_header_stdio_h=yes
ac_cv_header_stdlib_h=yes
ac_cv_header_string_h=yes
ac_cv_header_strings_h=yes
ac_cv_header_sys_stat_h=yes
ac_cv_header_sys_types_h=yes
ac_cv_header_unistd_h=yes
ac_cv_host=x86_64-pc-linux-gnu
ac_cv_objext=o
ac_cv_path_EGREP='/usr/bin/grep -E'
ac_cv_path_FGREP='/usr/bin/grep -F'
ac_cv_path_GMSGFMT=/usr/bin/msgfmt
ac_cv_path_GREP=/usr/bin/grep
ac_cv_path_INTLTOOL_EXTRACT=/usr/bin/intltool-extract
ac_cv_path_INTLTOOL_MERGE=/usr/bin/intltool-merge
ac_cv_path_INTLTOOL_PERL=/usr/bin/perl
ac_cv_path_INTLTOOL_UPDATE=/usr/bin/intltool-update
ac_cv_path_MSGFMT=/usr/bin/msgfmt
ac_cv_path_MSGMERGE=/usr/bin/msgmerge
ac_cv_path_SED=/usr/bin/sed
ac_cv_path_XGETTEXT=/usr/bin/xgettext
ac_cv_path_ac_pt_PKG_CONFIG=/usr/bin/pkg-config
ac_cv_path_install='/usr/bin/install -c'
ac_cv_path_lt_DD=/usr/bin/dd
ac_cv_path_mkdir=/usr/bin/mkdir
ac_cv_prog_AWK=gawk
ac_cv_prog_ac_ct_AR=ar
ac_cv_prog_ac_ct_CC=gcc
ac_cv_prog_ac_ct_FILECMD=file
ac_cv_prog_ac_ct_OBJDUMP=objdump
ac_cv_prog_ac_ct_RANLIB=ranlib
ac_cv_prog_ac_ct_STRIP=strip
ac_cv_prog_cc_c11=
ac_cv_prog_cc_g=yes
ac_cv_prog_cc_stdc=
ac_cv_prog_make_make_set=yes
am_cv_CC_dependencies_compiler_type=gcc3
am_cv_make_support_nested_variables=yes
am_cv_prog_cc_c_o=yes
am_cv_val_LC_MESSAGES=yes
gt_cv_func_CFLocaleCopyCurrent=no
gt_cv_func_CFPreferencesCopyAppValue=no
gt_cv_func_dgettext_libc=yes
gt_cv_func_dgettext_libintl=no
gt_cv_func_ngettext_libc=yes
gt_cv_have_gettext=yes
lt_cv_ar_at_file=@
lt_cv_archive_cmds_need_lc=no
lt_cv_deplibs_check_method=pass_all
lt_cv_file_magic_cmd='$MAGIC_CMD'
lt_cv_file_magic_test_file=
lt_cv_ld_reload_flag=-r
lt_cv_nm_interface='BSD nm'
lt_cv_objdir=.libs
lt_cv_path_LD=/usr/bin/ld
lt_cv_path_NM='/usr/bin/nm -B'
lt_cv_path_mainfest_tool=no
lt_cv_prog_compiler_c_o=yes
lt_cv_prog_compiler_pic='-fPIC -DPIC'
lt_cv_prog_compiler_pic_works=yes
lt_cv_prog_compiler_rtti_exceptions=no
lt_cv_prog_compiler_static_works=yes
lt_cv_prog_gnu_ld=yes
lt_cv_sharedlib_from_linklib_cmd='printf %s\n'
lt_cv_shlibpath_overrides_runpath=yes
lt_cv_sys_global_symbol_pipe='/usr/bin/sed -n -e '\''s/^.*[	 ]\([ABCDGIRSTW][ABCDGIRSTW]*\)[	 ][	 ]*\([_A-Za-z][_A-Za-z0-9]*\)$/\1 \2 \2/p'\'' | /usr/bin/sed '\''/ __gnu_lto/d'\'''
lt_cv_sys_global_symbol_to_c_name_address='/usr/bin/sed -n -e '\''s/^: \(.*\) .*$/  {"\1", (void *) 0},/p'\'' -e '\''s/^[ABCDGIRSTW][ABCDGIRSTW]* .* \(.*\)$/  {"\1", (void *) \&\1},/p'\'''
lt_cv_sys_global_symbol_to_c_name_address_lib_prefix='/usr/bin/sed -n -e '\''s/^: \(.*\) .*$/  {"\1", (void *) 0},/p'\'' -e '\''s/^[ABCDGIRSTW][ABCDGIRSTW]* .* \(lib.*\)$/  {"\1", (void *) \&\1},/p'\'' -e '\''s/^[ABCDGIRSTW][ABCDGIRSTW]* .* \(.*\)$/  {"lib\1", (void *) \&\1},/p'\'''
lt_cv_sys_global_symbol_to_cdecl='/usr/bin/sed -n -e '\''s/^T .* \(.*\)$/extern int \1();/p'\'' -e '\''s/^[ABCDGIRSTW][ABCDGIRSTW]* .* \(.*\)$/extern char \1;/p'\'''
lt_cv_sys_global_symbol_to_import=
lt_cv_sys_max_cmd_len=1572864
lt_cv_to_host_file_cmd=func_convert_file_noop
lt_cv_to_tool_file_cmd=func_convert_file_noop
lt_cv_truncate_bin='/usr/bin/dd bs=4096 count=1'
pkg_cv__1__CFLAGS='-I/usr/include/gtk-3.0 -I/usr/include/pango-1.0 -I/usr/include/glib-2.0 -I/usr/lib/glib-2.0/include -I/usr/include/sysprof-4 -I/usr/include/harfbuzz -I/usr/include/freetype2 -I/usr/include/libpng16 -I/usr/include/libmount -I/usr/include/blkid -I/usr/include/fribidi -I/usr/include/cairo -I/usr/include/pixman-1 -I/usr/include/gdk-pixbuf-2.0 -I/usr/include/gio-unix-2.0 -I/usr/include/cloudproviders -I/usr/include/atk-1.0 -I/usr/include/at-spi2-atk/2.0 -I/usr/include/at-spi-2.0 -I/usr/include/dbus-1.0 -I/usr/lib/dbus-1.0/include -pthread '
pkg_cv__1__LIBS='-lgtk-3 -lgdk-3 -lz -lpangocairo-1.0 -lpango-1.0 -lharfbuzz -latk-1.0 -lcairo-gobject -lcairo -lgdk_pixbuf-2.0 -lgio-2.0 -lgobject-2.0 -lglib-2.0 '

## ----------------- ##
## Output variables. ##
## ----------------- ##

ACLOCAL='${SHELL} '\''/run/media/nisy/win_tech_E/_Technology/95_code/_IDE_default_project/anjuta/_1_anjuta/missing'\'' aclocal-1.16'
ALL_LINGUAS=''
AMDEPBACKSLASH='\'
AMDEP_FALSE='#'
AMDEP_TRUE=''
AMTAR='$${TAR-tar}'
AM_BACKSLASH='\'
AM_DEFAULT_V='$(AM_DEFAULT_VERBOSITY)'
AM_DEFAULT_VERBOSITY='0'
AM_V='$(V)'
AR='ar'
AUTOCONF='${SHELL} '\''/run/media/nisy/win_tech_E/_Technology/95_code/_IDE_default_project/anjuta/_1_anjuta/missing'\'' autoconf'
AUTOHEADER='${SHELL} '\''/run/media/nisy/win_tech_E/_Technology/95_code/_IDE_default_project/anjuta/_1_anjuta/missing'\'' autoheader'
AUTOMAKE='${SHELL} '\''/run/media/nisy/win_tech_E/_Technology/95_code/_IDE_default_project/anjuta/_1_anjuta/missing'\'' automake-1.16'
AWK='gawk'
CATALOGS=''
CATOBJEXT='.gmo'
CC='gcc'
CCDEPMODE='depmode=gcc3'
CFLAGS='-g -O0'
CPPFLAGS=''
CSCOPE='cscope'
CTAGS='ctags'
CYGPATH_W='echo'
DATADIRNAME='share'
DEFS='-DHAVE_CONFIG_H'
DEPDIR='.deps'
DLLTOOL='false'
DSYMUTIL=''
DUMPBIN=''
ECHO_C=''
ECHO_N='-n'
ECHO_T=''
EGREP='/usr/bin/grep -E'
ETAGS='etags'
EXEEXT=''
FGREP='/usr/bin/grep -F'
FILECMD='file'
GETTEXT_PACKAGE='_1_'
GMOFILES=''
GMSGFMT='/usr/bin/msgfmt'
GREP='/usr/bin/grep'
INSTALL_DATA='${INSTALL} -m 644'
INSTALL_PROGRAM='${INSTALL}'
INSTALL_SCRIPT='${INSTALL}'
INSTALL_STRIP_PROGRAM='$(install_sh) -c -s'
INSTOBJEXT='.mo'
INTLLIBS=''
INTLTOOL_CAVES_RULE='%.caves:     %.caves.in     $(INTLTOOL_MERGE) $(wildcard $(top_srcdir)/po/*.po) ; $(INTLTOOL_V_MERGE)LC_ALL=C $(INTLTOOL_MERGE) $(INTLTOOL_V_MERGE_OPTIONS) -d -u -c $(top_builddir)/po/.intltool-merge-cache $(top_srcdir)/po $< $@'
INTLTOOL_DESKTOP_RULE='%.desktop:   %.desktop.in   $(INTLTOOL_MERGE) $(wildcard $(top_srcdir)/po/*.po) ; $(INTLTOOL_V_MERGE)LC_ALL=C $(INTLTOOL_MERGE) $(INTLTOOL_V_MERGE_OPTIONS) -d -u -c $(top_builddir)/po/.intltool-merge-cache $(top_srcdir)/po $< $@'
INTLTOOL_DIRECTORY_RULE='%.directory: %.directory.in $(INTLTOOL_MERGE) $(wildcard $(top_srcdir)/po/*.po) ; $(INTLTOOL_V_MERGE)LC_ALL=C $(INTLTOOL_MERGE) $(INTLTOOL_V_MERGE_OPTIONS) -d -u -c $(top_builddir)/po/.intltool-merge-cache $(top_srcdir)/po $< $@'
INTLTOOL_EXTRACT='/usr/bin/intltool-extract'
INTLTOOL_KBD_RULE='%.kbd:       %.kbd.in       $(INTLTOOL_MERGE) $(wildcard $(top_srcdir)/po/*.po) ; $(INTLTOOL_V_MERGE)LC_ALL=C $(INTLTOOL_MERGE) $(INTLTOOL_V_MERGE_OPTIONS) -x -u -m -c $(top_builddir)/po/.intltool-merge-cache $(top_srcdir)/po $< $@'
INTLTOOL_KEYS_RULE='%.keys:      %.keys.in      $(INTLTOOL_MERGE) $(wildcard $(top_srcdir)/po/*.po) ; $(INTLTOOL_V_MERGE)LC_ALL=C $(INTLTOOL_MERGE) $(INTLTOOL_V_MERGE_OPTIONS) -k -u -c $(top_builddir)/po/.intltool-merge-cache $(top_srcdir)/po $< $@'
INTLTOOL_MERGE='/usr/bin/intltool-merge'
INTLTOOL_OAF_RULE='%.oaf:       %.oaf.in       $(INTLTOOL_MERGE) $(wildcard $(top_srcdir)/po/*.po) ; $(INTLTOOL_V_MERGE)LC_ALL=C $(INTLTOOL_MERGE) $(INTLTOOL_V_MERGE_OPTIONS) -o -p $(top_srcdir)/po $< $@'
INTLTOOL_PERL='/usr/bin/perl'
INTLTOOL_POLICY_RULE='%.policy:    %.policy.in    $(INTLTOOL_MERGE) $(wildcard $(top_srcdir)/po/*.po) ; $(INTLTOOL_V_MERGE)LC_ALL=C $(INTLTOOL_MERGE) $(INTLTOOL_V_MERGE_OPTIONS) -x -u -c $(top_builddir)/po/.intltool-merge-cache $(top_srcdir)/po $< $@'
INTLTOOL_PONG_RULE='%.pong:      %.pong.in      $(INTLTOOL_MERGE) $(wildcard $(top_srcdir)/po/*.po) ; $(INTLTOOL_V_MERGE)LC_ALL=C $(INTLTOOL_MERGE) $(INTLTOOL_V_MERGE_OPTIONS) -x -u -c $(top_builddir)/po/.intltool-merge-cache $(top_srcdir)/po $< $@'
INTLTOOL_PROP_RULE='%.prop:      %.prop.in      $(INTLTOOL_MERGE) $(wildcard $(top_srcdir)/po/*.po) ; $(INTLTOOL_V_MERGE)LC_ALL=C $(INTLTOOL_MERGE) $(INTLTOOL_V_MERGE_OPTIONS) -d -u -c $(top_builddir)/po/.intltool-merge-cache $(top_srcdir)/po $< $@'
INTLTOOL_SCHEMAS_RULE='%.schemas:   %.schemas.in   $(INTLTOOL_MERGE) $(wildcard $(top_srcdir)/po/*.po) ; $(INTLTOOL_V_MERGE)LC_ALL=C $(INTLTOOL_MERGE) $(INTLTOOL_V_MERGE_OPTIONS) -s -u -c $(top_builddir)/po/.intltool-merge-cache $(top_srcdir)/po $< $@'
INTLTOOL_SERVER_RULE='%.server:    %.server.in    $(INTLTOOL_MERGE) $(wildcard $(top_srcdir)/po/*.po) ; $(INTLTOOL_V_MERGE)LC_ALL=C $(INTLTOOL_MERGE) $(INTLTOOL_V_MERGE_OPTIONS) -o -u -c $(top_builddir)/po/.intltool-merge-cache $(top_srcdir)/po $< $@'
INTLTOOL_SERVICE_RULE='%.service: %.service.in   $(INTLTOOL_MERGE) $(wildcard $(top_srcdir)/po/*.po) ; $(INTLTOOL_V_MERGE)LC_ALL=C $(INTLTOOL_MERGE) $(INTLTOOL_V_MERGE_OPTIONS) -d -u -c $(top_builddir)/po/.intltool-merge-cache $(top_srcdir)/po $< $@'
INTLTOOL_SHEET_RULE='%.sheet:     %.sheet.in     $(INTLTOOL_MERGE) $(wildcard $(top_srcdir)/po/*.po) ; $(INTLTOOL_V_MERGE)LC_ALL=C $(INTLTOOL_MERGE) $(INTLTOOL_V_MERGE_OPTIONS) -x -u -c $(top_builddir)/po/.intltool-merge-cache $(top_srcdir)/po $< $@'
INTLTOOL_SOUNDLIST_RULE='%.soundlist: %.soundlist.in $(INTLTOOL_MERGE) $(wildcard $(top_srcdir)/po/*.po) ; $(INTLTOOL_V_MERGE)LC_ALL=C $(INTLTOOL_MERGE) $(INTLTOOL_V_MERGE_OPTIONS) -d -u -c $(top_builddir)/po/.intltool-merge-cache $(top_srcdir)/po $< $@'
INTLTOOL_THEME_RULE='%.theme:     %.theme.in     $(INTLTOOL_MERGE) $(wildcard $(top_srcdir)/po/*.po) ; $(INTLTOOL_V_MERGE)LC_ALL=C $(INTLTOOL_MERGE) $(INTLTOOL_V_MERGE_OPTIONS) -d -u -c $(top_builddir)/po/.intltool-merge-cache $(top_srcdir)/po $< $@'
INTLTOOL_UI_RULE='%.ui:        %.ui.in        $(INTLTOOL_MERGE) $(wildcard $(top_srcdir)/po/*.po) ; $(INTLTOOL_V_MERGE)LC_ALL=C $(INTLTOOL_MERGE) $(INTLTOOL_V_MERGE_OPTIONS) -x -u -c $(top_builddir)/po/.intltool-merge-cache $(top_srcdir)/po $< $@'
INTLTOOL_UPDATE='/usr/bin/intltool-update'
INTLTOOL_V_MERGE='$(INTLTOOL__v_MERGE_$(V))'
INTLTOOL_V_MERGE_OPTIONS='$(intltool__v_merge_options_$(V))'
INTLTOOL_XAM_RULE='%.xam:       %.xml.in       $(INTLTOOL_MERGE) $(wildcard $(top_srcdir)/po/*.po) ; $(INTLTOOL_V_MERGE)LC_ALL=C $(INTLTOOL_MERGE) $(INTLTOOL_V_MERGE_OPTIONS) -x -u -c $(top_builddir)/po/.intltool-merge-cache $(top_srcdir)/po $< $@'
INTLTOOL_XML_NOMERGE_RULE='%.xml:       %.xml.in       $(INTLTOOL_MERGE) ; $(INTLTOOL_V_MERGE)LC_ALL=C $(INTLTOOL_MERGE) $(INTLTOOL_V_MERGE_OPTIONS) -x -u --no-translations $< $@'
INTLTOOL_XML_RULE='%.xml:       %.xml.in       $(INTLTOOL_MERGE) $(wildcard $(top_srcdir)/po/*.po) ; $(INTLTOOL_V_MERGE)LC_ALL=C $(INTLTOOL_MERGE) $(INTLTOOL_V_MERGE_OPTIONS) -x -u -c $(top_builddir)/po/.intltool-merge-cache $(top_srcdir)/po $< $@'
INTLTOOL__v_MERGE_0='@echo "  ITMRG " $@;'
INTLTOOL__v_MERGE_='$(INTLTOOL__v_MERGE_$(AM_DEFAULT_VERBOSITY))'
INTL_MACOSX_LIBS=''
LD='/usr/bin/ld -m elf_x86_64'
LDFLAGS=''
LIBOBJS=''
LIBS=''
LIBTOOL='$(SHELL) $(top_builddir)/libtool'
LIPO=''
LN_S='ln -s'
LTLIBOBJS=''
LT_SYS_LIBRARY_PATH=''
MAKEINFO='${SHELL} '\''/run/media/nisy/win_tech_E/_Technology/95_code/_IDE_default_project/anjuta/_1_anjuta/missing'\'' makeinfo'
MANIFEST_TOOL=':'
MKDIR_P='/usr/bin/mkdir -p'
MKINSTALLDIRS='/run/media/nisy/win_tech_E/_Technology/95_code/_IDE_default_project/anjuta/_1_anjuta//mkinstalldirs'
MSGFMT='/usr/bin/msgfmt'
MSGFMT_OPTS='-c'
MSGMERGE='/usr/bin/msgmerge'
NM='/usr/bin/nm -B'
NMEDIT=''
OBJDUMP='objdump'
OBJEXT='o'
OTOOL64=''
OTOOL=''
PACKAGE='_1_'
PACKAGE_BUGREPORT=''
PACKAGE_NAME='_1_'
PACKAGE_STRING='_1_ 0.1'
PACKAGE_TARNAME='_1_'
PACKAGE_URL=''
PACKAGE_VERSION='0.1'
PATH_SEPARATOR=':'
PKG_CONFIG='/usr/bin/pkg-config'
PKG_CONFIG_LIBDIR=''
PKG_CONFIG_PATH=''
POFILES=''
POSUB='po'
PO_IN_DATADIR_FALSE=''
PO_IN_DATADIR_TRUE=''
RANLIB='ranlib'
SED='/usr/bin/sed'
SET_MAKE=''
SHELL='/bin/sh'
STRIP='strip'
USE_NLS='yes'
VERSION='0.1'
XGETTEXT='/usr/bin/xgettext'
_1__CFLAGS='-I/usr/include/gtk-3.0 -I/usr/include/pango-1.0 -I/usr/include/glib-2.0 -I/usr/lib/glib-2.0/include -I/usr/include/sysprof-4 -I/usr/include/harfbuzz -I/usr/include/freetype2 -I/usr/include/libpng16 -I/usr/include/libmount -I/usr/include/blkid -I/usr/include/fribidi -I/usr/include/cairo -I/usr/include/pixman-1 -I/usr/include/gdk-pixbuf-2.0 -I/usr/include/gio-unix-2.0 -I/usr/include/cloudproviders -I/usr/include/atk-1.0 -I/usr/include/at-spi2-atk/2.0 -I/usr/include/at-spi-2.0 -I/usr/include/dbus-1.0 -I/usr/lib/dbus-1.0/include -pthread '
_1__LIBS='-lgtk-3 -lgdk-3 -lz -lpangocairo-1.0 -lpango-1.0 -lharfbuzz -latk-1.0 -lcairo-gobject -lcairo -lgdk_pixbuf-2.0 -lgio-2.0 -lgobject-2.0 -lglib-2.0 '
ac_ct_AR='ar'
ac_ct_CC='gcc'
ac_ct_DUMPBIN=''
am__EXEEXT_FALSE=''
am__EXEEXT_TRUE='#'
am__fastdepCC_FALSE='#'
am__fastdepCC_TRUE=''
am__include='include'
am__isrc=' -I$(srcdir)'
am__leading_dot='.'
am__nodep='_no'
am__quote=''
am__tar='$${TAR-tar} chof - "$$tardir"'
am__untar='$${TAR-tar} xf -'
bindir='${exec_prefix}/bin'
build='x86_64-pc-linux-gnu'
build_alias=''
build_cpu='x86_64'
build_os='linux-gnu'
build_vendor='pc'
datadir='${datarootdir}'
datarootdir='${prefix}/share'
docdir='${datarootdir}/doc/${PACKAGE_TARNAME}'
dvidir='${docdir}'
exec_prefix='${prefix}'
host='x86_64-pc-linux-gnu'
host_alias=''
host_cpu='x86_64'
host_os='linux-gnu'
host_vendor='pc'
htmldir='${docdir}'
includedir='${prefix}/include'
infodir='${datarootdir}/info'
install_sh='${SHELL} /run/media/nisy/win_tech_E/_Technology/95_code/_IDE_default_project/anjuta/_1_anjuta/install-sh'
intltool__v_merge_options_0='-q'
intltool__v_merge_options_='$(intltool__v_merge_options_$(AM_DEFAULT_VERBOSITY))'
libdir='${exec_prefix}/lib'
libexecdir='${exec_prefix}/libexec'
localedir='${datarootdir}/locale'
localstatedir='${prefix}/var'
mandir='${datarootdir}/man'
mkdir_p='$(MKDIR_P)'
oldincludedir='/usr/include'
pdfdir='${docdir}'
prefix='/usr/local'
program_transform_name='s,x,x,'
psdir='${docdir}'
runstatedir='${localstatedir}/run'
sbindir='${exec_prefix}/sbin'
sharedstatedir='${prefix}/com'
sysconfdir='${prefix}/etc'
target_alias=''

## ----------- ##
## confdefs.h. ##
## ----------- ##

/* confdefs.h */
#define PACKAGE_NAME "_1_"
#define PACKAGE_TARNAME "_1_"
#define PACKAGE_VERSION "0.1"
#define PACKAGE_STRING "_1_ 0.1"
#define PACKAGE_BUGREPORT ""
#define PACKAGE_URL ""
#define PACKAGE "_1_"
#define VERSION "0.1"
#define GETTEXT_PACKAGE "_1_"
#define HAVE_STDIO_H 1
#define HAVE_STDLIB_H 1
#define HAVE_STRING_H 1
#define HAVE_INTTYPES_H 1
#define HAVE_STDINT_H 1
#define HAVE_STRINGS_H 1
#define HAVE_SYS_STAT_H 1
#define HAVE_SYS_TYPES_H 1
#define HAVE_UNISTD_H 1
#define STDC_HEADERS 1
#define HAVE_LOCALE_H 1
#define HAVE_LC_MESSAGES 1
#define HAVE_BIND_TEXTDOMAIN_CODESET 1
#define HAVE_GETTEXT 1
#define HAVE_DCGETTEXT 1
#define ENABLE_NLS 1
#define HAVE_DLFCN_H 1
#define LT_OBJDIR ".libs/"

configure: exit 0
